[0.037s] Invoking command in '/home/shi/ENSTA/ROB314/test_ws/build/zed_tutorial_video': CMAKE_PREFIX_PATH=${CMAKE_PREFIX_PATH}:/opt/ros/humble /usr/bin/cmake /home/shi/ENSTA/ROB314/test_ws/zed-ros2-examples/tutorials/zed_video_tutorial -DCMAKE_BUILD_TYPE=Release -DAMENT_CMAKE_SYMLINK_INSTALL=1 -DCMAKE_INSTALL_PREFIX=/home/shi/ENSTA/ROB314/test_ws/install/zed_tutorial_video
[0.071s] -- The C compiler identification is GNU 11.4.0
[0.108s] -- The CXX compiler identification is GNU 11.4.0
[0.113s] -- Detecting C compiler ABI info
[0.155s] -- Detecting C compiler ABI info - done
[0.160s] -- Check for working C compiler: /usr/bin/cc - skipped
[0.160s] -- Detecting C compile features
[0.160s] -- Detecting C compile features - done
[0.162s] -- Detecting CXX compiler ABI info
[0.211s] -- Detecting CXX compiler ABI info - done
[0.216s] -- Check for working CXX compiler: /usr/bin/c++ - skipped
[0.216s] -- Detecting CXX compile features
[0.216s] -- Detecting CXX compile features - done
[0.218s] -- Found ament_cmake_auto: 1.3.8 (/opt/ros/humble/share/ament_cmake_auto/cmake)
[0.317s] -- Found Python3: /usr/bin/python3 (found version "3.10.12") found components: Interpreter 
[0.357s] -- Override CMake install command with custom implementation using symlinks instead of copying resources
[0.442s] -- Found rosidl_generator_c: 3.1.5 (/opt/ros/humble/share/rosidl_generator_c/cmake)
[0.444s] -- Found rosidl_adapter: 3.1.5 (/opt/ros/humble/share/rosidl_adapter/cmake)
[0.449s] -- Found rosidl_generator_cpp: 3.1.5 (/opt/ros/humble/share/rosidl_generator_cpp/cmake)
[0.460s] -- Using all available rosidl_typesupport_c: rosidl_typesupport_fastrtps_c;rosidl_typesupport_introspection_c
[0.471s] -- Using all available rosidl_typesupport_cpp: rosidl_typesupport_fastrtps_cpp;rosidl_typesupport_introspection_cpp
[0.517s] -- Found rmw_implementation_cmake: 6.1.1 (/opt/ros/humble/share/rmw_implementation_cmake/cmake)
[0.519s] -- Found rmw_fastrtps_cpp: 6.2.6 (/opt/ros/humble/share/rmw_fastrtps_cpp/cmake)
[0.587s] -- Found OpenSSL: /usr/lib/x86_64-linux-gnu/libcrypto.so (found version "3.0.2")  
[0.606s] -- Found FastRTPS: /opt/ros/humble/include  
[0.638s] -- Using RMW implementation 'rmw_fastrtps_cpp' as default
[0.645s] -- Looking for pthread.h
[0.688s] -- Looking for pthread.h - found
[0.689s] -- Performing Test CMAKE_HAVE_LIBC_PTHREAD
[0.733s] -- Performing Test CMAKE_HAVE_LIBC_PTHREAD - Success
[0.734s] -- Found Threads: TRUE  
[0.936s] -- Found ament_lint_auto: 0.12.10 (/opt/ros/humble/share/ament_lint_auto/cmake)
[0.940s] -- Configuring done
[0.946s] -- Generating done
[0.946s] -- Build files have been written to: /home/shi/ENSTA/ROB314/test_ws/build/zed_tutorial_video
[0.953s] Invoked command in '/home/shi/ENSTA/ROB314/test_ws/build/zed_tutorial_video' returned '0': CMAKE_PREFIX_PATH=${CMAKE_PREFIX_PATH}:/opt/ros/humble /usr/bin/cmake /home/shi/ENSTA/ROB314/test_ws/zed-ros2-examples/tutorials/zed_video_tutorial -DCMAKE_BUILD_TYPE=Release -DAMENT_CMAKE_SYMLINK_INSTALL=1 -DCMAKE_INSTALL_PREFIX=/home/shi/ENSTA/ROB314/test_ws/install/zed_tutorial_video
[0.954s] Invoking command in '/home/shi/ENSTA/ROB314/test_ws/build/zed_tutorial_video': CMAKE_PREFIX_PATH=${CMAKE_PREFIX_PATH}:/opt/ros/humble /usr/bin/cmake --build /home/shi/ENSTA/ROB314/test_ws/build/zed_tutorial_video -- -j20 -l20
[0.984s] [ 50%] [32mBuilding CXX object CMakeFiles/zed_tutorial_video.dir/src/zed_video_sub_tutorial.cpp.o[0m
[8.615s] [100%] [32m[1mLinking CXX executable zed_tutorial_video[0m
[8.726s] [100%] Built target zed_tutorial_video
[8.734s] Invoked command in '/home/shi/ENSTA/ROB314/test_ws/build/zed_tutorial_video' returned '0': CMAKE_PREFIX_PATH=${CMAKE_PREFIX_PATH}:/opt/ros/humble /usr/bin/cmake --build /home/shi/ENSTA/ROB314/test_ws/build/zed_tutorial_video -- -j20 -l20
[8.752s] Invoking command in '/home/shi/ENSTA/ROB314/test_ws/build/zed_tutorial_video': CMAKE_PREFIX_PATH=${CMAKE_PREFIX_PATH}:/opt/ros/humble /usr/bin/cmake --install /home/shi/ENSTA/ROB314/test_ws/build/zed_tutorial_video
[8.757s] -- Install configuration: "Release"
[8.758s] -- Execute custom install script
[8.758s] -- Symlinking: /home/shi/ENSTA/ROB314/test_ws/install/zed_tutorial_video/lib/zed_tutorial_video/zed_tutorial_video
[8.764s] -- Symlinking: /home/shi/ENSTA/ROB314/test_ws/install/zed_tutorial_video/share/ament_index/resource_index/package_run_dependencies/zed_tutorial_video
[8.771s] -- Symlinking: /home/shi/ENSTA/ROB314/test_ws/install/zed_tutorial_video/share/ament_index/resource_index/parent_prefix_path/zed_tutorial_video
[8.777s] -- Symlinking: /home/shi/ENSTA/ROB314/test_ws/install/zed_tutorial_video/share/zed_tutorial_video/environment/ament_prefix_path.sh
[8.784s] -- Symlinking: /home/shi/ENSTA/ROB314/test_ws/install/zed_tutorial_video/share/zed_tutorial_video/environment/ament_prefix_path.dsv
[8.790s] -- Symlinking: /home/shi/ENSTA/ROB314/test_ws/install/zed_tutorial_video/share/zed_tutorial_video/environment/path.sh
[8.797s] -- Symlinking: /home/shi/ENSTA/ROB314/test_ws/install/zed_tutorial_video/share/zed_tutorial_video/environment/path.dsv
[8.803s] -- Symlinking: /home/shi/ENSTA/ROB314/test_ws/install/zed_tutorial_video/share/zed_tutorial_video/local_setup.bash
[8.810s] -- Symlinking: /home/shi/ENSTA/ROB314/test_ws/install/zed_tutorial_video/share/zed_tutorial_video/local_setup.sh
[8.816s] -- Symlinking: /home/shi/ENSTA/ROB314/test_ws/install/zed_tutorial_video/share/zed_tutorial_video/local_setup.zsh
[8.822s] -- Symlinking: /home/shi/ENSTA/ROB314/test_ws/install/zed_tutorial_video/share/zed_tutorial_video/local_setup.dsv
[8.829s] -- Symlinking: /home/shi/ENSTA/ROB314/test_ws/install/zed_tutorial_video/share/zed_tutorial_video/package.dsv
[8.836s] -- Symlinking: /home/shi/ENSTA/ROB314/test_ws/install/zed_tutorial_video/share/ament_index/resource_index/packages/zed_tutorial_video
[8.843s] -- Symlinking: /home/shi/ENSTA/ROB314/test_ws/install/zed_tutorial_video/share/zed_tutorial_video/cmake/zed_tutorial_videoConfig.cmake
[8.850s] -- Symlinking: /home/shi/ENSTA/ROB314/test_ws/install/zed_tutorial_video/share/zed_tutorial_video/cmake/zed_tutorial_videoConfig-version.cmake
[8.857s] -- Symlinking: /home/shi/ENSTA/ROB314/test_ws/install/zed_tutorial_video/share/zed_tutorial_video/package.xml
[8.866s] Invoked command in '/home/shi/ENSTA/ROB314/test_ws/build/zed_tutorial_video' returned '0': CMAKE_PREFIX_PATH=${CMAKE_PREFIX_PATH}:/opt/ros/humble /usr/bin/cmake --install /home/shi/ENSTA/ROB314/test_ws/build/zed_tutorial_video
