[0.186s] Invoking command in '/home/shi/ENSTA/ROB314/test_ws/build/zed_display_rviz2': CMAKE_PREFIX_PATH=/home/shi/ENSTA/ROB314/test_ws/install/zed_wrapper:/home/shi/ENSTA/ROB314/test_ws/install/zed_components:/home/shi/ENSTA/ROB314/test_ws/install/zed_interfaces:/home/shi/ENSTA/ROB314/test_ws/install/zed_ros2:/opt/ros/humble LD_LIBRARY_PATH=/home/shi/ENSTA/ROB314/test_ws/install/zed_components/lib:/home/shi/ENSTA/ROB314/test_ws/install/zed_interfaces/lib:/opt/ros/humble/opt/rviz_ogre_vendor/lib:/opt/ros/humble/lib/x86_64-linux-gnu:/opt/ros/humble/lib /usr/bin/cmake /home/shi/ENSTA/ROB314/test_ws/zed-ros2-examples/zed_display_rviz2 -DCMAKE_BUILD_TYPE=Release -DAMENT_CMAKE_SYMLINK_INSTALL=1 -DCMAKE_INSTALL_PREFIX=/home/shi/ENSTA/ROB314/test_ws/install/zed_display_rviz2
[0.243s] -- The C compiler identification is GNU 11.4.0
[0.316s] -- The CXX compiler identification is GNU 11.4.0
[0.327s] -- Detecting C compiler ABI info
[0.391s] -- Detecting C compiler ABI info - done
[0.403s] -- Check for working C compiler: /usr/bin/cc - skipped
[0.403s] -- Detecting C compile features
[0.404s] -- Detecting C compile features - done
[0.408s] -- Detecting CXX compiler ABI info
[0.475s] -- Detecting CXX compiler ABI info - done
[0.488s] -- Check for working CXX compiler: /usr/bin/c++ - skipped
[0.488s] -- Detecting CXX compile features
[0.489s] -- Detecting CXX compile features - done
[0.491s] -- Found ament_cmake_auto: 1.3.8 (/opt/ros/humble/share/ament_cmake_auto/cmake)
[0.669s] -- Found Python3: /usr/bin/python3 (found version "3.10.12") found components: Interpreter 
[0.725s] -- Override CMake install command with custom implementation using symlinks instead of copying resources
[0.803s] -- Found ament_lint_auto: 0.12.10 (/opt/ros/humble/share/ament_lint_auto/cmake)
[0.828s] -- Added test 'copyright' to check source files copyright and LICENSE
[0.830s] -- Added test 'flake8' to check Python code syntax and style conventions
[0.831s] -- Added test 'lint_cmake' to check CMake code style
[0.831s] -- Added test 'pep257' to check Python code against some of the docstring style conventions in PEP 257
[0.832s] -- Added test 'xmllint' to check XML markup files
[0.834s] -- Configuring done
[0.836s] -- Generating done
[0.837s] -- Build files have been written to: /home/shi/ENSTA/ROB314/test_ws/build/zed_display_rviz2
[0.840s] Invoked command in '/home/shi/ENSTA/ROB314/test_ws/build/zed_display_rviz2' returned '0': CMAKE_PREFIX_PATH=/home/shi/ENSTA/ROB314/test_ws/install/zed_wrapper:/home/shi/ENSTA/ROB314/test_ws/install/zed_components:/home/shi/ENSTA/ROB314/test_ws/install/zed_interfaces:/home/shi/ENSTA/ROB314/test_ws/install/zed_ros2:/opt/ros/humble LD_LIBRARY_PATH=/home/shi/ENSTA/ROB314/test_ws/install/zed_components/lib:/home/shi/ENSTA/ROB314/test_ws/install/zed_interfaces/lib:/opt/ros/humble/opt/rviz_ogre_vendor/lib:/opt/ros/humble/lib/x86_64-linux-gnu:/opt/ros/humble/lib /usr/bin/cmake /home/shi/ENSTA/ROB314/test_ws/zed-ros2-examples/zed_display_rviz2 -DCMAKE_BUILD_TYPE=Release -DAMENT_CMAKE_SYMLINK_INSTALL=1 -DCMAKE_INSTALL_PREFIX=/home/shi/ENSTA/ROB314/test_ws/install/zed_display_rviz2
[0.842s] Invoking command in '/home/shi/ENSTA/ROB314/test_ws/build/zed_display_rviz2': CMAKE_PREFIX_PATH=/home/shi/ENSTA/ROB314/test_ws/install/zed_wrapper:/home/shi/ENSTA/ROB314/test_ws/install/zed_components:/home/shi/ENSTA/ROB314/test_ws/install/zed_interfaces:/home/shi/ENSTA/ROB314/test_ws/install/zed_ros2:/opt/ros/humble LD_LIBRARY_PATH=/home/shi/ENSTA/ROB314/test_ws/install/zed_components/lib:/home/shi/ENSTA/ROB314/test_ws/install/zed_interfaces/lib:/opt/ros/humble/opt/rviz_ogre_vendor/lib:/opt/ros/humble/lib/x86_64-linux-gnu:/opt/ros/humble/lib /usr/bin/cmake --build /home/shi/ENSTA/ROB314/test_ws/build/zed_display_rviz2 -- -j20 -l20
[0.874s] Invoked command in '/home/shi/ENSTA/ROB314/test_ws/build/zed_display_rviz2' returned '0': CMAKE_PREFIX_PATH=/home/shi/ENSTA/ROB314/test_ws/install/zed_wrapper:/home/shi/ENSTA/ROB314/test_ws/install/zed_components:/home/shi/ENSTA/ROB314/test_ws/install/zed_interfaces:/home/shi/ENSTA/ROB314/test_ws/install/zed_ros2:/opt/ros/humble LD_LIBRARY_PATH=/home/shi/ENSTA/ROB314/test_ws/install/zed_components/lib:/home/shi/ENSTA/ROB314/test_ws/install/zed_interfaces/lib:/opt/ros/humble/opt/rviz_ogre_vendor/lib:/opt/ros/humble/lib/x86_64-linux-gnu:/opt/ros/humble/lib /usr/bin/cmake --build /home/shi/ENSTA/ROB314/test_ws/build/zed_display_rviz2 -- -j20 -l20
[0.902s] Invoking command in '/home/shi/ENSTA/ROB314/test_ws/build/zed_display_rviz2': CMAKE_PREFIX_PATH=/home/shi/ENSTA/ROB314/test_ws/install/zed_wrapper:/home/shi/ENSTA/ROB314/test_ws/install/zed_components:/home/shi/ENSTA/ROB314/test_ws/install/zed_interfaces:/home/shi/ENSTA/ROB314/test_ws/install/zed_ros2:/opt/ros/humble LD_LIBRARY_PATH=/home/shi/ENSTA/ROB314/test_ws/install/zed_components/lib:/home/shi/ENSTA/ROB314/test_ws/install/zed_interfaces/lib:/opt/ros/humble/opt/rviz_ogre_vendor/lib:/opt/ros/humble/lib/x86_64-linux-gnu:/opt/ros/humble/lib /usr/bin/cmake --install /home/shi/ENSTA/ROB314/test_ws/build/zed_display_rviz2
[0.911s] -- Install configuration: "Release"
[0.912s] -- Execute custom install script
[0.912s] -- Symlinking: /home/shi/ENSTA/ROB314/test_ws/install/zed_display_rviz2/share/zed_display_rviz2/launch/display_zed_cam.launch.py
[0.924s] -- Symlinking: /home/shi/ENSTA/ROB314/test_ws/install/zed_display_rviz2/share/zed_display_rviz2/launch/obsolete/display_zed.launch.py
[0.934s] -- Symlinking: /home/shi/ENSTA/ROB314/test_ws/install/zed_display_rviz2/share/zed_display_rviz2/launch/obsolete/display_zed2.launch.py
[0.945s] -- Symlinking: /home/shi/ENSTA/ROB314/test_ws/install/zed_display_rviz2/share/zed_display_rviz2/launch/obsolete/display_zed2i.launch.py
[0.956s] -- Symlinking: /home/shi/ENSTA/ROB314/test_ws/install/zed_display_rviz2/share/zed_display_rviz2/launch/obsolete/display_zedm.launch.py
[0.968s] -- Symlinking: /home/shi/ENSTA/ROB314/test_ws/install/zed_display_rviz2/share/zed_display_rviz2/launch/obsolete/display_zedx.launch.py
[0.979s] -- Symlinking: /home/shi/ENSTA/ROB314/test_ws/install/zed_display_rviz2/share/zed_display_rviz2/launch/obsolete/display_zedxm.launch.py
[0.990s] -- Symlinking: /home/shi/ENSTA/ROB314/test_ws/install/zed_display_rviz2/share/zed_display_rviz2/rviz2/zed.rviz
[1.001s] -- Symlinking: /home/shi/ENSTA/ROB314/test_ws/install/zed_display_rviz2/share/zed_display_rviz2/rviz2/zed2.rviz
[1.008s] -- Symlinking: /home/shi/ENSTA/ROB314/test_ws/install/zed_display_rviz2/share/zed_display_rviz2/rviz2/zed2i.rviz
[1.015s] -- Symlinking: /home/shi/ENSTA/ROB314/test_ws/install/zed_display_rviz2/share/zed_display_rviz2/rviz2/zedm.rviz
[1.023s] -- Symlinking: /home/shi/ENSTA/ROB314/test_ws/install/zed_display_rviz2/share/zed_display_rviz2/rviz2/zedx.rviz
[1.030s] -- Symlinking: /home/shi/ENSTA/ROB314/test_ws/install/zed_display_rviz2/share/zed_display_rviz2/rviz2/zedxm.rviz
[1.038s] -- Symlinking: /home/shi/ENSTA/ROB314/test_ws/install/zed_display_rviz2/share/ament_index/resource_index/package_run_dependencies/zed_display_rviz2
[1.045s] -- Symlinking: /home/shi/ENSTA/ROB314/test_ws/install/zed_display_rviz2/share/ament_index/resource_index/parent_prefix_path/zed_display_rviz2
[1.053s] -- Symlinking: /home/shi/ENSTA/ROB314/test_ws/install/zed_display_rviz2/share/zed_display_rviz2/environment/ament_prefix_path.sh
[1.061s] -- Symlinking: /home/shi/ENSTA/ROB314/test_ws/install/zed_display_rviz2/share/zed_display_rviz2/environment/ament_prefix_path.dsv
[1.068s] -- Symlinking: /home/shi/ENSTA/ROB314/test_ws/install/zed_display_rviz2/share/zed_display_rviz2/environment/path.sh
[1.076s] -- Symlinking: /home/shi/ENSTA/ROB314/test_ws/install/zed_display_rviz2/share/zed_display_rviz2/environment/path.dsv
[1.084s] -- Symlinking: /home/shi/ENSTA/ROB314/test_ws/install/zed_display_rviz2/share/zed_display_rviz2/local_setup.bash
[1.091s] -- Symlinking: /home/shi/ENSTA/ROB314/test_ws/install/zed_display_rviz2/share/zed_display_rviz2/local_setup.sh
[1.099s] -- Symlinking: /home/shi/ENSTA/ROB314/test_ws/install/zed_display_rviz2/share/zed_display_rviz2/local_setup.zsh
[1.106s] -- Symlinking: /home/shi/ENSTA/ROB314/test_ws/install/zed_display_rviz2/share/zed_display_rviz2/local_setup.dsv
[1.113s] -- Symlinking: /home/shi/ENSTA/ROB314/test_ws/install/zed_display_rviz2/share/zed_display_rviz2/package.dsv
[1.120s] -- Symlinking: /home/shi/ENSTA/ROB314/test_ws/install/zed_display_rviz2/share/ament_index/resource_index/packages/zed_display_rviz2
[1.128s] -- Symlinking: /home/shi/ENSTA/ROB314/test_ws/install/zed_display_rviz2/share/zed_display_rviz2/cmake/zed_display_rviz2Config.cmake
[1.135s] -- Symlinking: /home/shi/ENSTA/ROB314/test_ws/install/zed_display_rviz2/share/zed_display_rviz2/cmake/zed_display_rviz2Config-version.cmake
[1.142s] -- Symlinking: /home/shi/ENSTA/ROB314/test_ws/install/zed_display_rviz2/share/zed_display_rviz2/package.xml
[1.240s] Invoked command in '/home/shi/ENSTA/ROB314/test_ws/build/zed_display_rviz2' returned '0': CMAKE_PREFIX_PATH=/home/shi/ENSTA/ROB314/test_ws/install/zed_wrapper:/home/shi/ENSTA/ROB314/test_ws/install/zed_components:/home/shi/ENSTA/ROB314/test_ws/install/zed_interfaces:/home/shi/ENSTA/ROB314/test_ws/install/zed_ros2:/opt/ros/humble LD_LIBRARY_PATH=/home/shi/ENSTA/ROB314/test_ws/install/zed_components/lib:/home/shi/ENSTA/ROB314/test_ws/install/zed_interfaces/lib:/opt/ros/humble/opt/rviz_ogre_vendor/lib:/opt/ros/humble/lib/x86_64-linux-gnu:/opt/ros/humble/lib /usr/bin/cmake --install /home/shi/ENSTA/ROB314/test_ws/build/zed_display_rviz2
