[0.104s] Invoking command in '/home/shi/ENSTA/ROB314/test_ws/build/zed_robot_integration': CMAKE_PREFIX_PATH=/home/shi/ENSTA/ROB314/test_ws/install/zed_wrapper:/home/shi/ENSTA/ROB314/test_ws/install/zed_components:/home/shi/ENSTA/ROB314/test_ws/install/zed_interfaces:/home/shi/ENSTA/ROB314/test_ws/install/zed_ros2:/opt/ros/humble LD_LIBRARY_PATH=/home/shi/ENSTA/ROB314/test_ws/install/zed_components/lib:/home/shi/ENSTA/ROB314/test_ws/install/zed_interfaces/lib:/opt/ros/humble/opt/rviz_ogre_vendor/lib:/opt/ros/humble/lib/x86_64-linux-gnu:/opt/ros/humble/lib /usr/bin/cmake /home/shi/ENSTA/ROB314/test_ws/zed-ros2-examples/tutorials/zed_robot_integration -DCMAKE_BUILD_TYPE=Release -DAMENT_CMAKE_SYMLINK_INSTALL=1 -DCMAKE_INSTALL_PREFIX=/home/shi/ENSTA/ROB314/test_ws/install/zed_robot_integration
[0.163s] -- The C compiler identification is GNU 11.4.0
[0.242s] -- The CXX compiler identification is GNU 11.4.0
[0.251s] -- Detecting C compiler ABI info
[0.324s] -- Detecting C compiler ABI info - done
[0.336s] -- Check for working C compiler: /usr/bin/cc - skipped
[0.337s] -- Detecting C compile features
[0.337s] -- Detecting C compile features - done
[0.342s] -- Detecting CXX compiler ABI info
[0.414s] -- Detecting CXX compiler ABI info - done
[0.426s] -- Check for working CXX compiler: /usr/bin/c++ - skipped
[0.427s] -- Detecting CXX compile features
[0.427s] -- Detecting CXX compile features - done
[0.431s] -- Found ament_cmake: 1.3.8 (/opt/ros/humble/share/ament_cmake/cmake)
[0.608s] -- Found Python3: /usr/bin/python3 (found version "3.10.12") found components: Interpreter 
[0.674s] -- Override CMake install command with custom implementation using symlinks instead of copying resources
[0.768s] -- Configuring done
[0.770s] -- Generating done
[0.770s] -- Build files have been written to: /home/shi/ENSTA/ROB314/test_ws/build/zed_robot_integration
[0.774s] Invoked command in '/home/shi/ENSTA/ROB314/test_ws/build/zed_robot_integration' returned '0': CMAKE_PREFIX_PATH=/home/shi/ENSTA/ROB314/test_ws/install/zed_wrapper:/home/shi/ENSTA/ROB314/test_ws/install/zed_components:/home/shi/ENSTA/ROB314/test_ws/install/zed_interfaces:/home/shi/ENSTA/ROB314/test_ws/install/zed_ros2:/opt/ros/humble LD_LIBRARY_PATH=/home/shi/ENSTA/ROB314/test_ws/install/zed_components/lib:/home/shi/ENSTA/ROB314/test_ws/install/zed_interfaces/lib:/opt/ros/humble/opt/rviz_ogre_vendor/lib:/opt/ros/humble/lib/x86_64-linux-gnu:/opt/ros/humble/lib /usr/bin/cmake /home/shi/ENSTA/ROB314/test_ws/zed-ros2-examples/tutorials/zed_robot_integration -DCMAKE_BUILD_TYPE=Release -DAMENT_CMAKE_SYMLINK_INSTALL=1 -DCMAKE_INSTALL_PREFIX=/home/shi/ENSTA/ROB314/test_ws/install/zed_robot_integration
[0.776s] Invoking command in '/home/shi/ENSTA/ROB314/test_ws/build/zed_robot_integration': CMAKE_PREFIX_PATH=/home/shi/ENSTA/ROB314/test_ws/install/zed_wrapper:/home/shi/ENSTA/ROB314/test_ws/install/zed_components:/home/shi/ENSTA/ROB314/test_ws/install/zed_interfaces:/home/shi/ENSTA/ROB314/test_ws/install/zed_ros2:/opt/ros/humble LD_LIBRARY_PATH=/home/shi/ENSTA/ROB314/test_ws/install/zed_components/lib:/home/shi/ENSTA/ROB314/test_ws/install/zed_interfaces/lib:/opt/ros/humble/opt/rviz_ogre_vendor/lib:/opt/ros/humble/lib/x86_64-linux-gnu:/opt/ros/humble/lib /usr/bin/cmake --build /home/shi/ENSTA/ROB314/test_ws/build/zed_robot_integration -- -j20 -l20
[0.812s] Invoked command in '/home/shi/ENSTA/ROB314/test_ws/build/zed_robot_integration' returned '0': CMAKE_PREFIX_PATH=/home/shi/ENSTA/ROB314/test_ws/install/zed_wrapper:/home/shi/ENSTA/ROB314/test_ws/install/zed_components:/home/shi/ENSTA/ROB314/test_ws/install/zed_interfaces:/home/shi/ENSTA/ROB314/test_ws/install/zed_ros2:/opt/ros/humble LD_LIBRARY_PATH=/home/shi/ENSTA/ROB314/test_ws/install/zed_components/lib:/home/shi/ENSTA/ROB314/test_ws/install/zed_interfaces/lib:/opt/ros/humble/opt/rviz_ogre_vendor/lib:/opt/ros/humble/lib/x86_64-linux-gnu:/opt/ros/humble/lib /usr/bin/cmake --build /home/shi/ENSTA/ROB314/test_ws/build/zed_robot_integration -- -j20 -l20
[0.831s] Invoking command in '/home/shi/ENSTA/ROB314/test_ws/build/zed_robot_integration': CMAKE_PREFIX_PATH=/home/shi/ENSTA/ROB314/test_ws/install/zed_wrapper:/home/shi/ENSTA/ROB314/test_ws/install/zed_components:/home/shi/ENSTA/ROB314/test_ws/install/zed_interfaces:/home/shi/ENSTA/ROB314/test_ws/install/zed_ros2:/opt/ros/humble LD_LIBRARY_PATH=/home/shi/ENSTA/ROB314/test_ws/install/zed_components/lib:/home/shi/ENSTA/ROB314/test_ws/install/zed_interfaces/lib:/opt/ros/humble/opt/rviz_ogre_vendor/lib:/opt/ros/humble/lib/x86_64-linux-gnu:/opt/ros/humble/lib /usr/bin/cmake --install /home/shi/ENSTA/ROB314/test_ws/build/zed_robot_integration
[0.837s] -- Install configuration: "Release"
[0.837s] -- Execute custom install script
[0.838s] -- Symlinking: /home/shi/ENSTA/ROB314/test_ws/install/zed_robot_integration/share/zed_robot_integration//launch/view_dual_zed.launch.py
[0.845s] -- Symlinking: /home/shi/ENSTA/ROB314/test_ws/install/zed_robot_integration/share/zed_robot_integration//launch/view_mono_zed.launch.py
[0.853s] -- Symlinking: /home/shi/ENSTA/ROB314/test_ws/install/zed_robot_integration/share/zed_robot_integration//urdf/zed_robot_dual.urdf.xacro
[0.860s] -- Symlinking: /home/shi/ENSTA/ROB314/test_ws/install/zed_robot_integration/share/zed_robot_integration//urdf/zed_robot_mono.urdf.xacro
[0.868s] -- Symlinking: /home/shi/ENSTA/ROB314/test_ws/install/zed_robot_integration/share/zed_robot_integration//rviz2/view_config.rviz
[0.876s] -- Symlinking: /home/shi/ENSTA/ROB314/test_ws/install/zed_robot_integration/share/ament_index/resource_index/package_run_dependencies/zed_robot_integration
[0.883s] -- Symlinking: /home/shi/ENSTA/ROB314/test_ws/install/zed_robot_integration/share/ament_index/resource_index/parent_prefix_path/zed_robot_integration
[0.890s] -- Symlinking: /home/shi/ENSTA/ROB314/test_ws/install/zed_robot_integration/share/zed_robot_integration/environment/ament_prefix_path.sh
[0.898s] -- Symlinking: /home/shi/ENSTA/ROB314/test_ws/install/zed_robot_integration/share/zed_robot_integration/environment/ament_prefix_path.dsv
[0.906s] -- Symlinking: /home/shi/ENSTA/ROB314/test_ws/install/zed_robot_integration/share/zed_robot_integration/environment/path.sh
[0.913s] -- Symlinking: /home/shi/ENSTA/ROB314/test_ws/install/zed_robot_integration/share/zed_robot_integration/environment/path.dsv
[0.921s] -- Symlinking: /home/shi/ENSTA/ROB314/test_ws/install/zed_robot_integration/share/zed_robot_integration/local_setup.bash
[0.928s] -- Symlinking: /home/shi/ENSTA/ROB314/test_ws/install/zed_robot_integration/share/zed_robot_integration/local_setup.sh
[0.935s] -- Symlinking: /home/shi/ENSTA/ROB314/test_ws/install/zed_robot_integration/share/zed_robot_integration/local_setup.zsh
[0.942s] -- Symlinking: /home/shi/ENSTA/ROB314/test_ws/install/zed_robot_integration/share/zed_robot_integration/local_setup.dsv
[0.950s] -- Symlinking: /home/shi/ENSTA/ROB314/test_ws/install/zed_robot_integration/share/zed_robot_integration/package.dsv
[0.957s] -- Symlinking: /home/shi/ENSTA/ROB314/test_ws/install/zed_robot_integration/share/ament_index/resource_index/packages/zed_robot_integration
[0.965s] -- Symlinking: /home/shi/ENSTA/ROB314/test_ws/install/zed_robot_integration/share/zed_robot_integration/cmake/zed_robot_integrationConfig.cmake
[0.973s] -- Symlinking: /home/shi/ENSTA/ROB314/test_ws/install/zed_robot_integration/share/zed_robot_integration/cmake/zed_robot_integrationConfig-version.cmake
[0.980s] -- Symlinking: /home/shi/ENSTA/ROB314/test_ws/install/zed_robot_integration/share/zed_robot_integration/package.xml
[0.990s] Invoked command in '/home/shi/ENSTA/ROB314/test_ws/build/zed_robot_integration' returned '0': CMAKE_PREFIX_PATH=/home/shi/ENSTA/ROB314/test_ws/install/zed_wrapper:/home/shi/ENSTA/ROB314/test_ws/install/zed_components:/home/shi/ENSTA/ROB314/test_ws/install/zed_interfaces:/home/shi/ENSTA/ROB314/test_ws/install/zed_ros2:/opt/ros/humble LD_LIBRARY_PATH=/home/shi/ENSTA/ROB314/test_ws/install/zed_components/lib:/home/shi/ENSTA/ROB314/test_ws/install/zed_interfaces/lib:/opt/ros/humble/opt/rviz_ogre_vendor/lib:/opt/ros/humble/lib/x86_64-linux-gnu:/opt/ros/humble/lib /usr/bin/cmake --install /home/shi/ENSTA/ROB314/test_ws/build/zed_robot_integration
