[0.560s] DEBUG:colcon:Command line arguments: ['/usr/bin/colcon', 'build', '--symlink-install', '--cmake-args=-DCMAKE_BUILD_TYPE=Release']
[0.560s] DEBUG:colcon:Parsed command line arguments: Namespace(log_base=None, log_level=None, verb_name='build', build_base='build', install_base='install', merge_install=False, symlink_install=True, test_result_base=None, continue_on_error=False, executor='parallel', parallel_workers=20, event_handlers=None, ignore_user_meta=False, metas=['./colcon.meta'], base_paths=['.'], packages_ignore=None, packages_ignore_regex=None, paths=None, packages_up_to=None, packages_up_to_regex=None, packages_above=None, packages_above_and_dependencies=None, packages_above_depth=None, packages_select_by_dep=None, packages_skip_by_dep=None, packages_skip_up_to=None, packages_select_build_failed=False, packages_skip_build_finished=False, packages_select_test_failures=False, packages_skip_test_passed=False, packages_select=None, packages_skip=None, packages_select_regex=None, packages_skip_regex=None, packages_start=None, packages_end=None, allow_overriding=[], cmake_args=['-DCMAKE_BUILD_TYPE=Release'], cmake_target=None, cmake_target_skip_unavailable=False, cmake_clean_cache=False, cmake_clean_first=False, cmake_force_configure=False, ament_cmake_args=None, catkin_cmake_args=None, catkin_skip_building_tests=False, verb_parser=<colcon_defaults.argument_parser.defaults.DefaultArgumentsDecorator object at 0x7f4d978dcdc0>, verb_extension=<colcon_core.verb.build.BuildVerb object at 0x7f4d98163e80>, main=<bound method BuildVerb.main of <colcon_core.verb.build.BuildVerb object at 0x7f4d98163e80>>)
[0.585s] Level 1:colcon.colcon_core.package_discovery:discover_packages(colcon_meta) check parameters
[0.585s] Level 1:colcon.colcon_core.package_discovery:discover_packages(recursive) check parameters
[0.585s] Level 1:colcon.colcon_core.package_discovery:discover_packages(ignore) check parameters
[0.585s] Level 1:colcon.colcon_core.package_discovery:discover_packages(path) check parameters
[0.585s] Level 1:colcon.colcon_core.package_discovery:discover_packages(colcon_meta) discover
[0.585s] Level 1:colcon.colcon_core.package_discovery:discover_packages(recursive) discover
[0.585s] INFO:colcon.colcon_core.package_discovery:Crawling recursively for packages in '/home/shi/ENSTA/ROB314/test_ws'
[0.585s] Level 1:colcon.colcon_core.package_identification:_identify(.) by extensions ['ignore', 'ignore_ament_install']
[0.585s] Level 1:colcon.colcon_core.package_identification:_identify(.) by extension 'ignore'
[0.585s] Level 1:colcon.colcon_core.package_identification:_identify(.) by extension 'ignore_ament_install'
[0.585s] Level 1:colcon.colcon_core.package_identification:_identify(.) by extensions ['colcon_pkg']
[0.585s] Level 1:colcon.colcon_core.package_identification:_identify(.) by extension 'colcon_pkg'
[0.585s] Level 1:colcon.colcon_core.package_identification:_identify(.) by extensions ['colcon_meta']
[0.585s] Level 1:colcon.colcon_core.package_identification:_identify(.) by extension 'colcon_meta'
[0.585s] Level 1:colcon.colcon_core.package_identification:_identify(.) by extensions ['ros']
[0.585s] Level 1:colcon.colcon_core.package_identification:_identify(.) by extension 'ros'
[0.593s] Level 1:colcon.colcon_core.package_identification:_identify(.) by extensions ['cmake', 'python']
[0.593s] Level 1:colcon.colcon_core.package_identification:_identify(.) by extension 'cmake'
[0.593s] Level 1:colcon.colcon_core.package_identification:_identify(.) by extension 'python'
[0.593s] Level 1:colcon.colcon_core.package_identification:_identify(.) by extensions ['python_setup_py']
[0.593s] Level 1:colcon.colcon_core.package_identification:_identify(.) by extension 'python_setup_py'
[0.593s] Level 1:colcon.colcon_core.package_identification:_identify(build) by extensions ['ignore', 'ignore_ament_install']
[0.593s] Level 1:colcon.colcon_core.package_identification:_identify(build) by extension 'ignore'
[0.593s] Level 1:colcon.colcon_core.package_identification:_identify(build) ignored
[0.593s] Level 1:colcon.colcon_core.package_identification:_identify(install) by extensions ['ignore', 'ignore_ament_install']
[0.593s] Level 1:colcon.colcon_core.package_identification:_identify(install) by extension 'ignore'
[0.593s] Level 1:colcon.colcon_core.package_identification:_identify(install) ignored
[0.593s] Level 1:colcon.colcon_core.package_identification:_identify(log) by extensions ['ignore', 'ignore_ament_install']
[0.593s] Level 1:colcon.colcon_core.package_identification:_identify(log) by extension 'ignore'
[0.593s] Level 1:colcon.colcon_core.package_identification:_identify(log) ignored
[0.593s] Level 1:colcon.colcon_core.package_identification:_identify(src) by extensions ['ignore', 'ignore_ament_install']
[0.593s] Level 1:colcon.colcon_core.package_identification:_identify(src) by extension 'ignore'
[0.593s] Level 1:colcon.colcon_core.package_identification:_identify(src) by extension 'ignore_ament_install'
[0.593s] Level 1:colcon.colcon_core.package_identification:_identify(src) by extensions ['colcon_pkg']
[0.593s] Level 1:colcon.colcon_core.package_identification:_identify(src) by extension 'colcon_pkg'
[0.593s] Level 1:colcon.colcon_core.package_identification:_identify(src) by extensions ['colcon_meta']
[0.593s] Level 1:colcon.colcon_core.package_identification:_identify(src) by extension 'colcon_meta'
[0.593s] Level 1:colcon.colcon_core.package_identification:_identify(src) by extensions ['ros']
[0.593s] Level 1:colcon.colcon_core.package_identification:_identify(src) by extension 'ros'
[0.593s] Level 1:colcon.colcon_core.package_identification:_identify(src) by extensions ['cmake', 'python']
[0.593s] Level 1:colcon.colcon_core.package_identification:_identify(src) by extension 'cmake'
[0.593s] Level 1:colcon.colcon_core.package_identification:_identify(src) by extension 'python'
[0.593s] Level 1:colcon.colcon_core.package_identification:_identify(src) by extensions ['python_setup_py']
[0.593s] Level 1:colcon.colcon_core.package_identification:_identify(src) by extension 'python_setup_py'
[0.594s] Level 1:colcon.colcon_core.package_identification:_identify(src/zed-ros2-wrapper) by extensions ['ignore', 'ignore_ament_install']
[0.594s] Level 1:colcon.colcon_core.package_identification:_identify(src/zed-ros2-wrapper) by extension 'ignore'
[0.594s] Level 1:colcon.colcon_core.package_identification:_identify(src/zed-ros2-wrapper) by extension 'ignore_ament_install'
[0.594s] Level 1:colcon.colcon_core.package_identification:_identify(src/zed-ros2-wrapper) by extensions ['colcon_pkg']
[0.594s] Level 1:colcon.colcon_core.package_identification:_identify(src/zed-ros2-wrapper) by extension 'colcon_pkg'
[0.594s] Level 1:colcon.colcon_core.package_identification:_identify(src/zed-ros2-wrapper) by extensions ['colcon_meta']
[0.594s] Level 1:colcon.colcon_core.package_identification:_identify(src/zed-ros2-wrapper) by extension 'colcon_meta'
[0.594s] Level 1:colcon.colcon_core.package_identification:_identify(src/zed-ros2-wrapper) by extensions ['ros']
[0.594s] Level 1:colcon.colcon_core.package_identification:_identify(src/zed-ros2-wrapper) by extension 'ros'
[0.594s] Level 1:colcon.colcon_core.package_identification:_identify(src/zed-ros2-wrapper) by extensions ['cmake', 'python']
[0.594s] Level 1:colcon.colcon_core.package_identification:_identify(src/zed-ros2-wrapper) by extension 'cmake'
[0.594s] Level 1:colcon.colcon_core.package_identification:_identify(src/zed-ros2-wrapper) by extension 'python'
[0.594s] Level 1:colcon.colcon_core.package_identification:_identify(src/zed-ros2-wrapper) by extensions ['python_setup_py']
[0.594s] Level 1:colcon.colcon_core.package_identification:_identify(src/zed-ros2-wrapper) by extension 'python_setup_py'
[0.594s] Level 1:colcon.colcon_core.package_identification:_identify(src/zed-ros2-wrapper/docker) by extensions ['ignore', 'ignore_ament_install']
[0.594s] Level 1:colcon.colcon_core.package_identification:_identify(src/zed-ros2-wrapper/docker) by extension 'ignore'
[0.594s] Level 1:colcon.colcon_core.package_identification:_identify(src/zed-ros2-wrapper/docker) by extension 'ignore_ament_install'
[0.594s] Level 1:colcon.colcon_core.package_identification:_identify(src/zed-ros2-wrapper/docker) by extensions ['colcon_pkg']
[0.594s] Level 1:colcon.colcon_core.package_identification:_identify(src/zed-ros2-wrapper/docker) by extension 'colcon_pkg'
[0.594s] Level 1:colcon.colcon_core.package_identification:_identify(src/zed-ros2-wrapper/docker) by extensions ['colcon_meta']
[0.594s] Level 1:colcon.colcon_core.package_identification:_identify(src/zed-ros2-wrapper/docker) by extension 'colcon_meta'
[0.594s] Level 1:colcon.colcon_core.package_identification:_identify(src/zed-ros2-wrapper/docker) by extensions ['ros']
[0.594s] Level 1:colcon.colcon_core.package_identification:_identify(src/zed-ros2-wrapper/docker) by extension 'ros'
[0.594s] Level 1:colcon.colcon_core.package_identification:_identify(src/zed-ros2-wrapper/docker) by extensions ['cmake', 'python']
[0.594s] Level 1:colcon.colcon_core.package_identification:_identify(src/zed-ros2-wrapper/docker) by extension 'cmake'
[0.594s] Level 1:colcon.colcon_core.package_identification:_identify(src/zed-ros2-wrapper/docker) by extension 'python'
[0.594s] Level 1:colcon.colcon_core.package_identification:_identify(src/zed-ros2-wrapper/docker) by extensions ['python_setup_py']
[0.594s] Level 1:colcon.colcon_core.package_identification:_identify(src/zed-ros2-wrapper/docker) by extension 'python_setup_py'
[0.594s] Level 1:colcon.colcon_core.package_identification:_identify(src/zed-ros2-wrapper/images) by extensions ['ignore', 'ignore_ament_install']
[0.594s] Level 1:colcon.colcon_core.package_identification:_identify(src/zed-ros2-wrapper/images) by extension 'ignore'
[0.594s] Level 1:colcon.colcon_core.package_identification:_identify(src/zed-ros2-wrapper/images) by extension 'ignore_ament_install'
[0.594s] Level 1:colcon.colcon_core.package_identification:_identify(src/zed-ros2-wrapper/images) by extensions ['colcon_pkg']
[0.594s] Level 1:colcon.colcon_core.package_identification:_identify(src/zed-ros2-wrapper/images) by extension 'colcon_pkg'
[0.594s] Level 1:colcon.colcon_core.package_identification:_identify(src/zed-ros2-wrapper/images) by extensions ['colcon_meta']
[0.594s] Level 1:colcon.colcon_core.package_identification:_identify(src/zed-ros2-wrapper/images) by extension 'colcon_meta'
[0.594s] Level 1:colcon.colcon_core.package_identification:_identify(src/zed-ros2-wrapper/images) by extensions ['ros']
[0.594s] Level 1:colcon.colcon_core.package_identification:_identify(src/zed-ros2-wrapper/images) by extension 'ros'
[0.594s] Level 1:colcon.colcon_core.package_identification:_identify(src/zed-ros2-wrapper/images) by extensions ['cmake', 'python']
[0.594s] Level 1:colcon.colcon_core.package_identification:_identify(src/zed-ros2-wrapper/images) by extension 'cmake'
[0.595s] Level 1:colcon.colcon_core.package_identification:_identify(src/zed-ros2-wrapper/images) by extension 'python'
[0.595s] Level 1:colcon.colcon_core.package_identification:_identify(src/zed-ros2-wrapper/images) by extensions ['python_setup_py']
[0.595s] Level 1:colcon.colcon_core.package_identification:_identify(src/zed-ros2-wrapper/images) by extension 'python_setup_py'
[0.595s] Level 1:colcon.colcon_core.package_identification:_identify(src/zed-ros2-wrapper/zed-ros2-interfaces) by extensions ['ignore', 'ignore_ament_install']
[0.595s] Level 1:colcon.colcon_core.package_identification:_identify(src/zed-ros2-wrapper/zed-ros2-interfaces) by extension 'ignore'
[0.595s] Level 1:colcon.colcon_core.package_identification:_identify(src/zed-ros2-wrapper/zed-ros2-interfaces) by extension 'ignore_ament_install'
[0.595s] Level 1:colcon.colcon_core.package_identification:_identify(src/zed-ros2-wrapper/zed-ros2-interfaces) by extensions ['colcon_pkg']
[0.595s] Level 1:colcon.colcon_core.package_identification:_identify(src/zed-ros2-wrapper/zed-ros2-interfaces) by extension 'colcon_pkg'
[0.595s] Level 1:colcon.colcon_core.package_identification:_identify(src/zed-ros2-wrapper/zed-ros2-interfaces) by extensions ['colcon_meta']
[0.595s] Level 1:colcon.colcon_core.package_identification:_identify(src/zed-ros2-wrapper/zed-ros2-interfaces) by extension 'colcon_meta'
[0.595s] Level 1:colcon.colcon_core.package_identification:_identify(src/zed-ros2-wrapper/zed-ros2-interfaces) by extensions ['ros']
[0.595s] Level 1:colcon.colcon_core.package_identification:_identify(src/zed-ros2-wrapper/zed-ros2-interfaces) by extension 'ros'
[0.596s] DEBUG:colcon.colcon_core.package_identification:Package 'src/zed-ros2-wrapper/zed-ros2-interfaces' with type 'ros.ament_cmake' and name 'zed_interfaces'
[0.596s] Level 1:colcon.colcon_core.package_identification:_identify(src/zed-ros2-wrapper/zed_components) by extensions ['ignore', 'ignore_ament_install']
[0.597s] Level 1:colcon.colcon_core.package_identification:_identify(src/zed-ros2-wrapper/zed_components) by extension 'ignore'
[0.597s] Level 1:colcon.colcon_core.package_identification:_identify(src/zed-ros2-wrapper/zed_components) by extension 'ignore_ament_install'
[0.597s] Level 1:colcon.colcon_core.package_identification:_identify(src/zed-ros2-wrapper/zed_components) by extensions ['colcon_pkg']
[0.597s] Level 1:colcon.colcon_core.package_identification:_identify(src/zed-ros2-wrapper/zed_components) by extension 'colcon_pkg'
[0.597s] Level 1:colcon.colcon_core.package_identification:_identify(src/zed-ros2-wrapper/zed_components) by extensions ['colcon_meta']
[0.597s] Level 1:colcon.colcon_core.package_identification:_identify(src/zed-ros2-wrapper/zed_components) by extension 'colcon_meta'
[0.597s] Level 1:colcon.colcon_core.package_identification:_identify(src/zed-ros2-wrapper/zed_components) by extensions ['ros']
[0.597s] Level 1:colcon.colcon_core.package_identification:_identify(src/zed-ros2-wrapper/zed_components) by extension 'ros'
[0.597s] DEBUG:colcon.colcon_core.package_identification:Package 'src/zed-ros2-wrapper/zed_components' with type 'ros.ament_cmake' and name 'zed_components'
[0.597s] Level 1:colcon.colcon_core.package_identification:_identify(src/zed-ros2-wrapper/zed_ros2) by extensions ['ignore', 'ignore_ament_install']
[0.597s] Level 1:colcon.colcon_core.package_identification:_identify(src/zed-ros2-wrapper/zed_ros2) by extension 'ignore'
[0.597s] Level 1:colcon.colcon_core.package_identification:_identify(src/zed-ros2-wrapper/zed_ros2) by extension 'ignore_ament_install'
[0.597s] Level 1:colcon.colcon_core.package_identification:_identify(src/zed-ros2-wrapper/zed_ros2) by extensions ['colcon_pkg']
[0.598s] Level 1:colcon.colcon_core.package_identification:_identify(src/zed-ros2-wrapper/zed_ros2) by extension 'colcon_pkg'
[0.598s] Level 1:colcon.colcon_core.package_identification:_identify(src/zed-ros2-wrapper/zed_ros2) by extensions ['colcon_meta']
[0.598s] Level 1:colcon.colcon_core.package_identification:_identify(src/zed-ros2-wrapper/zed_ros2) by extension 'colcon_meta'
[0.598s] Level 1:colcon.colcon_core.package_identification:_identify(src/zed-ros2-wrapper/zed_ros2) by extensions ['ros']
[0.598s] Level 1:colcon.colcon_core.package_identification:_identify(src/zed-ros2-wrapper/zed_ros2) by extension 'ros'
[0.598s] DEBUG:colcon.colcon_core.package_identification:Package 'src/zed-ros2-wrapper/zed_ros2' with type 'ros.ament_cmake' and name 'zed_ros2'
[0.598s] Level 1:colcon.colcon_core.package_identification:_identify(src/zed-ros2-wrapper/zed_wrapper) by extensions ['ignore', 'ignore_ament_install']
[0.598s] Level 1:colcon.colcon_core.package_identification:_identify(src/zed-ros2-wrapper/zed_wrapper) by extension 'ignore'
[0.598s] Level 1:colcon.colcon_core.package_identification:_identify(src/zed-ros2-wrapper/zed_wrapper) by extension 'ignore_ament_install'
[0.598s] Level 1:colcon.colcon_core.package_identification:_identify(src/zed-ros2-wrapper/zed_wrapper) by extensions ['colcon_pkg']
[0.598s] Level 1:colcon.colcon_core.package_identification:_identify(src/zed-ros2-wrapper/zed_wrapper) by extension 'colcon_pkg'
[0.598s] Level 1:colcon.colcon_core.package_identification:_identify(src/zed-ros2-wrapper/zed_wrapper) by extensions ['colcon_meta']
[0.598s] Level 1:colcon.colcon_core.package_identification:_identify(src/zed-ros2-wrapper/zed_wrapper) by extension 'colcon_meta'
[0.598s] Level 1:colcon.colcon_core.package_identification:_identify(src/zed-ros2-wrapper/zed_wrapper) by extensions ['ros']
[0.598s] Level 1:colcon.colcon_core.package_identification:_identify(src/zed-ros2-wrapper/zed_wrapper) by extension 'ros'
[0.599s] DEBUG:colcon.colcon_core.package_identification:Package 'src/zed-ros2-wrapper/zed_wrapper' with type 'ros.ament_cmake' and name 'zed_wrapper'
[0.599s] Level 1:colcon.colcon_core.package_discovery:discover_packages(recursive) using defaults
[0.599s] Level 1:colcon.colcon_core.package_discovery:discover_packages(ignore) discover
[0.599s] Level 1:colcon.colcon_core.package_discovery:discover_packages(ignore) using defaults
[0.599s] Level 1:colcon.colcon_core.package_discovery:discover_packages(path) discover
[0.599s] Level 1:colcon.colcon_core.package_discovery:discover_packages(path) using defaults
[0.645s] Level 1:colcon.colcon_core.package_discovery:discover_packages(prefix_path) check parameters
[0.645s] Level 1:colcon.colcon_core.package_discovery:discover_packages(prefix_path) discover
[0.671s] DEBUG:colcon.colcon_installed_package_information.package_discovery:Found 270 installed packages in /opt/ros/humble
[0.672s] Level 1:colcon.colcon_core.package_discovery:discover_packages(prefix_path) using defaults
[0.726s] Level 5:colcon.colcon_core.verb:set package 'zed_interfaces' build argument 'cmake_args' from command line to '['-DCMAKE_BUILD_TYPE=Release']'
[0.726s] Level 5:colcon.colcon_core.verb:set package 'zed_interfaces' build argument 'cmake_target' from command line to 'None'
[0.726s] Level 5:colcon.colcon_core.verb:set package 'zed_interfaces' build argument 'cmake_target_skip_unavailable' from command line to 'False'
[0.726s] Level 5:colcon.colcon_core.verb:set package 'zed_interfaces' build argument 'cmake_clean_cache' from command line to 'False'
[0.726s] Level 5:colcon.colcon_core.verb:set package 'zed_interfaces' build argument 'cmake_clean_first' from command line to 'False'
[0.726s] Level 5:colcon.colcon_core.verb:set package 'zed_interfaces' build argument 'cmake_force_configure' from command line to 'False'
[0.726s] Level 5:colcon.colcon_core.verb:set package 'zed_interfaces' build argument 'ament_cmake_args' from command line to 'None'
[0.726s] Level 5:colcon.colcon_core.verb:set package 'zed_interfaces' build argument 'catkin_cmake_args' from command line to 'None'
[0.726s] Level 5:colcon.colcon_core.verb:set package 'zed_interfaces' build argument 'catkin_skip_building_tests' from command line to 'False'
[0.726s] DEBUG:colcon.colcon_core.verb:Building package 'zed_interfaces' with the following arguments: {'ament_cmake_args': None, 'build_base': '/home/shi/ENSTA/ROB314/test_ws/build/zed_interfaces', 'catkin_cmake_args': None, 'catkin_skip_building_tests': False, 'cmake_args': ['-DCMAKE_BUILD_TYPE=Release'], 'cmake_clean_cache': False, 'cmake_clean_first': False, 'cmake_force_configure': False, 'cmake_target': None, 'cmake_target_skip_unavailable': False, 'install_base': '/home/shi/ENSTA/ROB314/test_ws/install/zed_interfaces', 'merge_install': False, 'path': '/home/shi/ENSTA/ROB314/test_ws/src/zed-ros2-wrapper/zed-ros2-interfaces', 'symlink_install': True, 'test_result_base': None}
[0.733s] Level 5:colcon.colcon_core.verb:set package 'zed_components' build argument 'cmake_args' from command line to '['-DCMAKE_BUILD_TYPE=Release']'
[0.733s] Level 5:colcon.colcon_core.verb:set package 'zed_components' build argument 'cmake_target' from command line to 'None'
[0.733s] Level 5:colcon.colcon_core.verb:set package 'zed_components' build argument 'cmake_target_skip_unavailable' from command line to 'False'
[0.733s] Level 5:colcon.colcon_core.verb:set package 'zed_components' build argument 'cmake_clean_cache' from command line to 'False'
[0.733s] Level 5:colcon.colcon_core.verb:set package 'zed_components' build argument 'cmake_clean_first' from command line to 'False'
[0.733s] Level 5:colcon.colcon_core.verb:set package 'zed_components' build argument 'cmake_force_configure' from command line to 'False'
[0.733s] Level 5:colcon.colcon_core.verb:set package 'zed_components' build argument 'ament_cmake_args' from command line to 'None'
[0.733s] Level 5:colcon.colcon_core.verb:set package 'zed_components' build argument 'catkin_cmake_args' from command line to 'None'
[0.733s] Level 5:colcon.colcon_core.verb:set package 'zed_components' build argument 'catkin_skip_building_tests' from command line to 'False'
[0.733s] DEBUG:colcon.colcon_core.verb:Building package 'zed_components' with the following arguments: {'ament_cmake_args': None, 'build_base': '/home/shi/ENSTA/ROB314/test_ws/build/zed_components', 'catkin_cmake_args': None, 'catkin_skip_building_tests': False, 'cmake_args': ['-DCMAKE_BUILD_TYPE=Release'], 'cmake_clean_cache': False, 'cmake_clean_first': False, 'cmake_force_configure': False, 'cmake_target': None, 'cmake_target_skip_unavailable': False, 'install_base': '/home/shi/ENSTA/ROB314/test_ws/install/zed_components', 'merge_install': False, 'path': '/home/shi/ENSTA/ROB314/test_ws/src/zed-ros2-wrapper/zed_components', 'symlink_install': True, 'test_result_base': None}
[0.740s] Level 5:colcon.colcon_core.verb:set package 'zed_wrapper' build argument 'cmake_args' from command line to '['-DCMAKE_BUILD_TYPE=Release']'
[0.740s] Level 5:colcon.colcon_core.verb:set package 'zed_wrapper' build argument 'cmake_target' from command line to 'None'
[0.740s] Level 5:colcon.colcon_core.verb:set package 'zed_wrapper' build argument 'cmake_target_skip_unavailable' from command line to 'False'
[0.740s] Level 5:colcon.colcon_core.verb:set package 'zed_wrapper' build argument 'cmake_clean_cache' from command line to 'False'
[0.740s] Level 5:colcon.colcon_core.verb:set package 'zed_wrapper' build argument 'cmake_clean_first' from command line to 'False'
[0.740s] Level 5:colcon.colcon_core.verb:set package 'zed_wrapper' build argument 'cmake_force_configure' from command line to 'False'
[0.740s] Level 5:colcon.colcon_core.verb:set package 'zed_wrapper' build argument 'ament_cmake_args' from command line to 'None'
[0.740s] Level 5:colcon.colcon_core.verb:set package 'zed_wrapper' build argument 'catkin_cmake_args' from command line to 'None'
[0.740s] Level 5:colcon.colcon_core.verb:set package 'zed_wrapper' build argument 'catkin_skip_building_tests' from command line to 'False'
[0.740s] DEBUG:colcon.colcon_core.verb:Building package 'zed_wrapper' with the following arguments: {'ament_cmake_args': None, 'build_base': '/home/shi/ENSTA/ROB314/test_ws/build/zed_wrapper', 'catkin_cmake_args': None, 'catkin_skip_building_tests': False, 'cmake_args': ['-DCMAKE_BUILD_TYPE=Release'], 'cmake_clean_cache': False, 'cmake_clean_first': False, 'cmake_force_configure': False, 'cmake_target': None, 'cmake_target_skip_unavailable': False, 'install_base': '/home/shi/ENSTA/ROB314/test_ws/install/zed_wrapper', 'merge_install': False, 'path': '/home/shi/ENSTA/ROB314/test_ws/src/zed-ros2-wrapper/zed_wrapper', 'symlink_install': True, 'test_result_base': None}
[0.747s] Level 5:colcon.colcon_core.verb:set package 'zed_ros2' build argument 'cmake_args' from command line to '['-DCMAKE_BUILD_TYPE=Release']'
[0.747s] Level 5:colcon.colcon_core.verb:set package 'zed_ros2' build argument 'cmake_target' from command line to 'None'
[0.747s] Level 5:colcon.colcon_core.verb:set package 'zed_ros2' build argument 'cmake_target_skip_unavailable' from command line to 'False'
[0.747s] Level 5:colcon.colcon_core.verb:set package 'zed_ros2' build argument 'cmake_clean_cache' from command line to 'False'
[0.747s] Level 5:colcon.colcon_core.verb:set package 'zed_ros2' build argument 'cmake_clean_first' from command line to 'False'
[0.747s] Level 5:colcon.colcon_core.verb:set package 'zed_ros2' build argument 'cmake_force_configure' from command line to 'False'
[0.747s] Level 5:colcon.colcon_core.verb:set package 'zed_ros2' build argument 'ament_cmake_args' from command line to 'None'
[0.747s] Level 5:colcon.colcon_core.verb:set package 'zed_ros2' build argument 'catkin_cmake_args' from command line to 'None'
[0.747s] Level 5:colcon.colcon_core.verb:set package 'zed_ros2' build argument 'catkin_skip_building_tests' from command line to 'False'
[0.747s] DEBUG:colcon.colcon_core.verb:Building package 'zed_ros2' with the following arguments: {'ament_cmake_args': None, 'build_base': '/home/shi/ENSTA/ROB314/test_ws/build/zed_ros2', 'catkin_cmake_args': None, 'catkin_skip_building_tests': False, 'cmake_args': ['-DCMAKE_BUILD_TYPE=Release'], 'cmake_clean_cache': False, 'cmake_clean_first': False, 'cmake_force_configure': False, 'cmake_target': None, 'cmake_target_skip_unavailable': False, 'install_base': '/home/shi/ENSTA/ROB314/test_ws/install/zed_ros2', 'merge_install': False, 'path': '/home/shi/ENSTA/ROB314/test_ws/src/zed-ros2-wrapper/zed_ros2', 'symlink_install': True, 'test_result_base': None}
[0.755s] INFO:colcon.colcon_core.executor:Executing jobs using 'parallel' executor
[0.762s] DEBUG:colcon.colcon_parallel_executor.executor.parallel:run_until_complete
[0.762s] INFO:colcon.colcon_ros.task.ament_cmake.build:Building ROS package in '/home/shi/ENSTA/ROB314/test_ws/src/zed-ros2-wrapper/zed-ros2-interfaces' with build type 'ament_cmake'
[0.762s] INFO:colcon.colcon_cmake.task.cmake.build:Building CMake package in '/home/shi/ENSTA/ROB314/test_ws/src/zed-ros2-wrapper/zed-ros2-interfaces'
[0.771s] INFO:colcon.colcon_core.plugin_system:Skipping extension 'colcon_core.shell.bat': Not used on non-Windows systems
[0.771s] INFO:colcon.colcon_core.shell:Skip shell extension 'powershell' for command environment: Not usable outside of PowerShell
[0.771s] DEBUG:colcon.colcon_core.shell:Skip shell extension 'dsv' for command environment
[0.791s] DEBUG:colcon.colcon_core.event_handler.log_command:Invoking command in '/home/shi/ENSTA/ROB314/test_ws/build/zed_interfaces': CMAKE_PREFIX_PATH=/opt/ros/humble /usr/bin/cmake /home/shi/ENSTA/ROB314/test_ws/src/zed-ros2-wrapper/zed-ros2-interfaces -DCMAKE_BUILD_TYPE=Release -DAMENT_CMAKE_SYMLINK_INSTALL=1 -DCMAKE_INSTALL_PREFIX=/home/shi/ENSTA/ROB314/test_ws/install/zed_interfaces
[1.975s] DEBUG:colcon.colcon_core.event_handler.log_command:Invoked command in '/home/shi/ENSTA/ROB314/test_ws/build/zed_interfaces' returned '0': CMAKE_PREFIX_PATH=/opt/ros/humble /usr/bin/cmake /home/shi/ENSTA/ROB314/test_ws/src/zed-ros2-wrapper/zed-ros2-interfaces -DCMAKE_BUILD_TYPE=Release -DAMENT_CMAKE_SYMLINK_INSTALL=1 -DCMAKE_INSTALL_PREFIX=/home/shi/ENSTA/ROB314/test_ws/install/zed_interfaces
[1.976s] DEBUG:colcon.colcon_core.event_handler.log_command:Invoking command in '/home/shi/ENSTA/ROB314/test_ws/build/zed_interfaces': CMAKE_PREFIX_PATH=/opt/ros/humble /usr/bin/cmake --build /home/shi/ENSTA/ROB314/test_ws/build/zed_interfaces -- -j20 -l20
[9.434s] DEBUG:colcon.colcon_core.event_handler.log_command:Invoked command in '/home/shi/ENSTA/ROB314/test_ws/build/zed_interfaces' returned '0': CMAKE_PREFIX_PATH=/opt/ros/humble /usr/bin/cmake --build /home/shi/ENSTA/ROB314/test_ws/build/zed_interfaces -- -j20 -l20
[9.809s] DEBUG:colcon.colcon_core.event_handler.log_command:Invoking command in '/home/shi/ENSTA/ROB314/test_ws/build/zed_interfaces': CMAKE_PREFIX_PATH=/opt/ros/humble /usr/bin/cmake --install /home/shi/ENSTA/ROB314/test_ws/build/zed_interfaces
[12.278s] Level 1:colcon.colcon_core.environment:create_environment_scripts_only(zed_interfaces)
[12.278s] DEBUG:colcon.colcon_core.event_handler.log_command:Invoked command in '/home/shi/ENSTA/ROB314/test_ws/build/zed_interfaces' returned '0': CMAKE_PREFIX_PATH=/opt/ros/humble /usr/bin/cmake --install /home/shi/ENSTA/ROB314/test_ws/build/zed_interfaces
[12.286s] Level 1:colcon.colcon_core.environment:checking '/home/shi/ENSTA/ROB314/test_ws/install/zed_interfaces' for CMake module files
[12.287s] Level 1:colcon.colcon_core.environment:checking '/home/shi/ENSTA/ROB314/test_ws/install/zed_interfaces' for CMake config files
[12.288s] Level 1:colcon.colcon_core.shell:create_environment_hook('zed_interfaces', 'cmake_prefix_path')
[12.295s] INFO:colcon.colcon_core.shell:Creating environment hook '/home/shi/ENSTA/ROB314/test_ws/install/zed_interfaces/share/zed_interfaces/hook/cmake_prefix_path.ps1'
[12.296s] INFO:colcon.colcon_core.shell:Creating environment descriptor '/home/shi/ENSTA/ROB314/test_ws/install/zed_interfaces/share/zed_interfaces/hook/cmake_prefix_path.dsv'
[12.297s] INFO:colcon.colcon_core.shell:Creating environment hook '/home/shi/ENSTA/ROB314/test_ws/install/zed_interfaces/share/zed_interfaces/hook/cmake_prefix_path.sh'
[12.297s] Level 1:colcon.colcon_core.environment:checking '/home/shi/ENSTA/ROB314/test_ws/install/zed_interfaces/lib'
[12.298s] Level 1:colcon.colcon_core.shell:create_environment_hook('zed_interfaces', 'ld_library_path_lib')
[12.305s] INFO:colcon.colcon_core.shell:Creating environment hook '/home/shi/ENSTA/ROB314/test_ws/install/zed_interfaces/share/zed_interfaces/hook/ld_library_path_lib.ps1'
[12.305s] INFO:colcon.colcon_core.shell:Creating environment descriptor '/home/shi/ENSTA/ROB314/test_ws/install/zed_interfaces/share/zed_interfaces/hook/ld_library_path_lib.dsv'
[12.305s] INFO:colcon.colcon_core.shell:Creating environment hook '/home/shi/ENSTA/ROB314/test_ws/install/zed_interfaces/share/zed_interfaces/hook/ld_library_path_lib.sh'
[12.305s] Level 1:colcon.colcon_core.environment:checking '/home/shi/ENSTA/ROB314/test_ws/install/zed_interfaces/bin'
[12.305s] Level 1:colcon.colcon_core.environment:checking '/home/shi/ENSTA/ROB314/test_ws/install/zed_interfaces/lib/pkgconfig/zed_interfaces.pc'
[12.305s] Level 1:colcon.colcon_core.environment:checking '/home/shi/ENSTA/ROB314/test_ws/install/zed_interfaces/lib/python3.10/site-packages'
[12.306s] Level 1:colcon.colcon_core.environment:checking '/home/shi/ENSTA/ROB314/test_ws/install/zed_interfaces/bin'
[12.313s] INFO:colcon.colcon_core.shell:Creating package script '/home/shi/ENSTA/ROB314/test_ws/install/zed_interfaces/share/zed_interfaces/package.ps1'
[12.313s] INFO:colcon.colcon_core.shell:Creating package descriptor '/home/shi/ENSTA/ROB314/test_ws/install/zed_interfaces/share/zed_interfaces/package.dsv'
[12.313s] INFO:colcon.colcon_core.shell:Creating package script '/home/shi/ENSTA/ROB314/test_ws/install/zed_interfaces/share/zed_interfaces/package.sh'
[12.314s] INFO:colcon.colcon_core.shell:Creating package script '/home/shi/ENSTA/ROB314/test_ws/install/zed_interfaces/share/zed_interfaces/package.bash'
[12.314s] INFO:colcon.colcon_core.shell:Creating package script '/home/shi/ENSTA/ROB314/test_ws/install/zed_interfaces/share/zed_interfaces/package.zsh'
[12.314s] Level 1:colcon.colcon_core.environment:create_file_with_runtime_dependencies(/home/shi/ENSTA/ROB314/test_ws/install/zed_interfaces/share/colcon-core/packages/zed_interfaces)
[12.685s] Level 1:colcon.colcon_core.environment:create_environment_scripts_only(zed_interfaces)
[12.692s] Level 1:colcon.colcon_core.environment:checking '/home/shi/ENSTA/ROB314/test_ws/install/zed_interfaces' for CMake module files
[12.693s] Level 1:colcon.colcon_core.environment:checking '/home/shi/ENSTA/ROB314/test_ws/install/zed_interfaces' for CMake config files
[12.694s] Level 1:colcon.colcon_core.shell:create_environment_hook('zed_interfaces', 'cmake_prefix_path')
[12.701s] INFO:colcon.colcon_core.shell:Creating environment hook '/home/shi/ENSTA/ROB314/test_ws/install/zed_interfaces/share/zed_interfaces/hook/cmake_prefix_path.ps1'
[12.701s] INFO:colcon.colcon_core.shell:Creating environment descriptor '/home/shi/ENSTA/ROB314/test_ws/install/zed_interfaces/share/zed_interfaces/hook/cmake_prefix_path.dsv'
[12.701s] INFO:colcon.colcon_core.shell:Creating environment hook '/home/shi/ENSTA/ROB314/test_ws/install/zed_interfaces/share/zed_interfaces/hook/cmake_prefix_path.sh'
[12.702s] Level 1:colcon.colcon_core.environment:checking '/home/shi/ENSTA/ROB314/test_ws/install/zed_interfaces/lib'
[12.702s] Level 1:colcon.colcon_core.shell:create_environment_hook('zed_interfaces', 'ld_library_path_lib')
[12.709s] INFO:colcon.colcon_core.shell:Creating environment hook '/home/shi/ENSTA/ROB314/test_ws/install/zed_interfaces/share/zed_interfaces/hook/ld_library_path_lib.ps1'
[12.709s] INFO:colcon.colcon_core.shell:Creating environment descriptor '/home/shi/ENSTA/ROB314/test_ws/install/zed_interfaces/share/zed_interfaces/hook/ld_library_path_lib.dsv'
[12.709s] INFO:colcon.colcon_core.shell:Creating environment hook '/home/shi/ENSTA/ROB314/test_ws/install/zed_interfaces/share/zed_interfaces/hook/ld_library_path_lib.sh'
[12.709s] Level 1:colcon.colcon_core.environment:checking '/home/shi/ENSTA/ROB314/test_ws/install/zed_interfaces/bin'
[12.709s] Level 1:colcon.colcon_core.environment:checking '/home/shi/ENSTA/ROB314/test_ws/install/zed_interfaces/lib/pkgconfig/zed_interfaces.pc'
[12.710s] Level 1:colcon.colcon_core.environment:checking '/home/shi/ENSTA/ROB314/test_ws/install/zed_interfaces/lib/python3.10/site-packages'
[12.710s] Level 1:colcon.colcon_core.environment:checking '/home/shi/ENSTA/ROB314/test_ws/install/zed_interfaces/bin'
[12.717s] INFO:colcon.colcon_core.shell:Creating package script '/home/shi/ENSTA/ROB314/test_ws/install/zed_interfaces/share/zed_interfaces/package.ps1'
[12.717s] INFO:colcon.colcon_core.shell:Creating package descriptor '/home/shi/ENSTA/ROB314/test_ws/install/zed_interfaces/share/zed_interfaces/package.dsv'
[12.717s] INFO:colcon.colcon_core.shell:Creating package script '/home/shi/ENSTA/ROB314/test_ws/install/zed_interfaces/share/zed_interfaces/package.sh'
[12.718s] INFO:colcon.colcon_core.shell:Creating package script '/home/shi/ENSTA/ROB314/test_ws/install/zed_interfaces/share/zed_interfaces/package.bash'
[12.718s] INFO:colcon.colcon_core.shell:Creating package script '/home/shi/ENSTA/ROB314/test_ws/install/zed_interfaces/share/zed_interfaces/package.zsh'
[12.718s] Level 1:colcon.colcon_core.environment:create_file_with_runtime_dependencies(/home/shi/ENSTA/ROB314/test_ws/install/zed_interfaces/share/colcon-core/packages/zed_interfaces)
[12.718s] INFO:colcon.colcon_ros.task.ament_cmake.build:Building ROS package in '/home/shi/ENSTA/ROB314/test_ws/src/zed-ros2-wrapper/zed_components' with build type 'ament_cmake'
[12.718s] INFO:colcon.colcon_cmake.task.cmake.build:Building CMake package in '/home/shi/ENSTA/ROB314/test_ws/src/zed-ros2-wrapper/zed_components'
[12.725s] INFO:colcon.colcon_core.shell:Skip shell extension 'powershell' for command environment: Not usable outside of PowerShell
[12.725s] DEBUG:colcon.colcon_core.shell:Skip shell extension 'dsv' for command environment
[12.745s] DEBUG:colcon.colcon_core.event_handler.log_command:Invoking command in '/home/shi/ENSTA/ROB314/test_ws/build/zed_components': AMENT_PREFIX_PATH=/home/shi/ENSTA/ROB314/test_ws/install/zed_interfaces:${AMENT_PREFIX_PATH} CMAKE_PREFIX_PATH=/home/shi/ENSTA/ROB314/test_ws/install/zed_interfaces:/opt/ros/humble LD_LIBRARY_PATH=/home/shi/ENSTA/ROB314/test_ws/install/zed_interfaces/lib:${LD_LIBRARY_PATH} PYTHONPATH=/home/shi/ENSTA/ROB314/test_ws/install/zed_interfaces/local/lib/python3.10/dist-packages:${PYTHONPATH} /usr/bin/cmake /home/shi/ENSTA/ROB314/test_ws/src/zed-ros2-wrapper/zed_components -DCMAKE_BUILD_TYPE=Release -DAMENT_CMAKE_SYMLINK_INSTALL=1 -DCMAKE_INSTALL_PREFIX=/home/shi/ENSTA/ROB314/test_ws/install/zed_components
[14.886s] DEBUG:colcon.colcon_core.event_handler.log_command:Invoked command in '/home/shi/ENSTA/ROB314/test_ws/build/zed_components' returned '1': AMENT_PREFIX_PATH=/home/shi/ENSTA/ROB314/test_ws/install/zed_interfaces:${AMENT_PREFIX_PATH} CMAKE_PREFIX_PATH=/home/shi/ENSTA/ROB314/test_ws/install/zed_interfaces:/opt/ros/humble LD_LIBRARY_PATH=/home/shi/ENSTA/ROB314/test_ws/install/zed_interfaces/lib:${LD_LIBRARY_PATH} PYTHONPATH=/home/shi/ENSTA/ROB314/test_ws/install/zed_interfaces/local/lib/python3.10/dist-packages:${PYTHONPATH} /usr/bin/cmake /home/shi/ENSTA/ROB314/test_ws/src/zed-ros2-wrapper/zed_components -DCMAKE_BUILD_TYPE=Release -DAMENT_CMAKE_SYMLINK_INSTALL=1 -DCMAKE_INSTALL_PREFIX=/home/shi/ENSTA/ROB314/test_ws/install/zed_components
[14.894s] Level 1:colcon.colcon_core.environment:create_environment_scripts_only(zed_components)
[14.902s] Level 1:colcon.colcon_core.environment:checking '/home/shi/ENSTA/ROB314/test_ws/install/zed_components' for CMake module files
[14.902s] Level 1:colcon.colcon_core.environment:checking '/home/shi/ENSTA/ROB314/test_ws/install/zed_components' for CMake config files
[14.902s] Level 1:colcon.colcon_core.environment:checking '/home/shi/ENSTA/ROB314/test_ws/install/zed_components/bin'
[14.902s] Level 1:colcon.colcon_core.environment:checking '/home/shi/ENSTA/ROB314/test_ws/install/zed_components/lib/pkgconfig/zed_components.pc'
[14.902s] Level 1:colcon.colcon_core.environment:checking '/home/shi/ENSTA/ROB314/test_ws/install/zed_components/lib/python3.10/site-packages'
[14.903s] Level 1:colcon.colcon_core.environment:checking '/home/shi/ENSTA/ROB314/test_ws/install/zed_components/bin'
[14.910s] INFO:colcon.colcon_core.shell:Creating package script '/home/shi/ENSTA/ROB314/test_ws/install/zed_components/share/zed_components/package.ps1'
[14.910s] INFO:colcon.colcon_core.shell:Creating package descriptor '/home/shi/ENSTA/ROB314/test_ws/install/zed_components/share/zed_components/package.dsv'
[14.910s] INFO:colcon.colcon_core.shell:Creating package script '/home/shi/ENSTA/ROB314/test_ws/install/zed_components/share/zed_components/package.sh'
[14.910s] INFO:colcon.colcon_core.shell:Creating package script '/home/shi/ENSTA/ROB314/test_ws/install/zed_components/share/zed_components/package.bash'
[14.910s] INFO:colcon.colcon_core.shell:Creating package script '/home/shi/ENSTA/ROB314/test_ws/install/zed_components/share/zed_components/package.zsh'
[14.910s] Level 1:colcon.colcon_core.environment:create_file_with_runtime_dependencies(/home/shi/ENSTA/ROB314/test_ws/install/zed_components/share/colcon-core/packages/zed_components)
[14.921s] DEBUG:colcon.colcon_parallel_executor.executor.parallel:closing loop
[14.921s] DEBUG:colcon.colcon_parallel_executor.executor.parallel:loop closed
[14.921s] DEBUG:colcon.colcon_parallel_executor.executor.parallel:run_until_complete finished with '1'
[14.921s] DEBUG:colcon.colcon_core.event_reactor:joining thread
[14.934s] INFO:colcon.colcon_core.plugin_system:Skipping extension 'colcon_notification.desktop_notification.terminal_notifier': Not used on non-Darwin systems
[14.934s] INFO:colcon.colcon_core.plugin_system:Skipping extension 'colcon_notification.desktop_notification.win32': Not used on non-Windows systems
[14.934s] INFO:colcon.colcon_notification.desktop_notification:Sending desktop notification using 'notify2'
[14.945s] DEBUG:colcon.colcon_core.event_reactor:joined thread
[14.956s] INFO:colcon.colcon_core.shell:Creating prefix script '/home/shi/ENSTA/ROB314/test_ws/install/local_setup.ps1'
[14.957s] INFO:colcon.colcon_core.shell:Creating prefix util module '/home/shi/ENSTA/ROB314/test_ws/install/_local_setup_util_ps1.py'
[14.958s] INFO:colcon.colcon_core.shell:Creating prefix chain script '/home/shi/ENSTA/ROB314/test_ws/install/setup.ps1'
[14.965s] INFO:colcon.colcon_core.shell:Creating prefix script '/home/shi/ENSTA/ROB314/test_ws/install/local_setup.sh'
[14.965s] INFO:colcon.colcon_core.shell:Creating prefix util module '/home/shi/ENSTA/ROB314/test_ws/install/_local_setup_util_sh.py'
[14.966s] INFO:colcon.colcon_core.shell:Creating prefix chain script '/home/shi/ENSTA/ROB314/test_ws/install/setup.sh'
[14.973s] INFO:colcon.colcon_core.shell:Creating prefix script '/home/shi/ENSTA/ROB314/test_ws/install/local_setup.bash'
[14.973s] INFO:colcon.colcon_core.shell:Creating prefix chain script '/home/shi/ENSTA/ROB314/test_ws/install/setup.bash'
[14.981s] INFO:colcon.colcon_core.shell:Creating prefix script '/home/shi/ENSTA/ROB314/test_ws/install/local_setup.zsh'
[14.981s] INFO:colcon.colcon_core.shell:Creating prefix chain script '/home/shi/ENSTA/ROB314/test_ws/install/setup.zsh'
