[0.064s] Invoking command in '/home/shi/ENSTA/ROB314/test_ws/build/zed_ros2': CMAKE_PREFIX_PATH=/home/shi/ENSTA/ROB314/test_ws/install/zed_wrapper:/home/shi/ENSTA/ROB314/test_ws/install/zed_components:/home/shi/ENSTA/ROB314/test_ws/install/zed_interfaces:/home/shi/ENSTA/ROB314/test_ws/install/zed_ros2:/opt/ros/humble LD_LIBRARY_PATH=/home/shi/ENSTA/ROB314/test_ws/install/zed_components/lib:/home/shi/ENSTA/ROB314/test_ws/install/zed_interfaces/lib:/opt/ros/humble/opt/rviz_ogre_vendor/lib:/opt/ros/humble/lib/x86_64-linux-gnu:/opt/ros/humble/lib /usr/bin/cmake --build /home/shi/ENSTA/ROB314/test_ws/build/zed_ros2 -- -j20 -l20
[0.112s] Invoked command in '/home/shi/ENSTA/ROB314/test_ws/build/zed_ros2' returned '0': CMAKE_PREFIX_PATH=/home/shi/ENSTA/ROB314/test_ws/install/zed_wrapper:/home/shi/ENSTA/ROB314/test_ws/install/zed_components:/home/shi/ENSTA/ROB314/test_ws/install/zed_interfaces:/home/shi/ENSTA/ROB314/test_ws/install/zed_ros2:/opt/ros/humble LD_LIBRARY_PATH=/home/shi/ENSTA/ROB314/test_ws/install/zed_components/lib:/home/shi/ENSTA/ROB314/test_ws/install/zed_interfaces/lib:/opt/ros/humble/opt/rviz_ogre_vendor/lib:/opt/ros/humble/lib/x86_64-linux-gnu:/opt/ros/humble/lib /usr/bin/cmake --build /home/shi/ENSTA/ROB314/test_ws/build/zed_ros2 -- -j20 -l20
[0.141s] Invoking command in '/home/shi/ENSTA/ROB314/test_ws/build/zed_ros2': CMAKE_PREFIX_PATH=/home/shi/ENSTA/ROB314/test_ws/install/zed_wrapper:/home/shi/ENSTA/ROB314/test_ws/install/zed_components:/home/shi/ENSTA/ROB314/test_ws/install/zed_interfaces:/home/shi/ENSTA/ROB314/test_ws/install/zed_ros2:/opt/ros/humble LD_LIBRARY_PATH=/home/shi/ENSTA/ROB314/test_ws/install/zed_components/lib:/home/shi/ENSTA/ROB314/test_ws/install/zed_interfaces/lib:/opt/ros/humble/opt/rviz_ogre_vendor/lib:/opt/ros/humble/lib/x86_64-linux-gnu:/opt/ros/humble/lib /usr/bin/cmake --install /home/shi/ENSTA/ROB314/test_ws/build/zed_ros2
[0.152s] -- Install configuration: "Release"
[0.152s] -- Execute custom install script
[0.152s] -- Up-to-date symlink: /home/shi/ENSTA/ROB314/test_ws/install/zed_ros2/share/ament_index/resource_index/package_run_dependencies/zed_ros2
[0.153s] -- Up-to-date symlink: /home/shi/ENSTA/ROB314/test_ws/install/zed_ros2/share/ament_index/resource_index/parent_prefix_path/zed_ros2
[0.153s] -- Up-to-date symlink: /home/shi/ENSTA/ROB314/test_ws/install/zed_ros2/share/zed_ros2/environment/ament_prefix_path.sh
[0.153s] -- Up-to-date symlink: /home/shi/ENSTA/ROB314/test_ws/install/zed_ros2/share/zed_ros2/environment/ament_prefix_path.dsv
[0.153s] -- Up-to-date symlink: /home/shi/ENSTA/ROB314/test_ws/install/zed_ros2/share/zed_ros2/environment/path.sh
[0.154s] -- Up-to-date symlink: /home/shi/ENSTA/ROB314/test_ws/install/zed_ros2/share/zed_ros2/environment/path.dsv
[0.154s] -- Up-to-date symlink: /home/shi/ENSTA/ROB314/test_ws/install/zed_ros2/share/zed_ros2/local_setup.bash
[0.154s] -- Up-to-date symlink: /home/shi/ENSTA/ROB314/test_ws/install/zed_ros2/share/zed_ros2/local_setup.sh
[0.154s] -- Up-to-date symlink: /home/shi/ENSTA/ROB314/test_ws/install/zed_ros2/share/zed_ros2/local_setup.zsh
[0.154s] -- Up-to-date symlink: /home/shi/ENSTA/ROB314/test_ws/install/zed_ros2/share/zed_ros2/local_setup.dsv
[0.155s] -- Symlinking: /home/shi/ENSTA/ROB314/test_ws/install/zed_ros2/share/zed_ros2/package.dsv
[0.166s] -- Up-to-date symlink: /home/shi/ENSTA/ROB314/test_ws/install/zed_ros2/share/ament_index/resource_index/packages/zed_ros2
[0.166s] -- Up-to-date symlink: /home/shi/ENSTA/ROB314/test_ws/install/zed_ros2/share/zed_ros2/cmake/zed_ros2Config.cmake
[0.166s] -- Up-to-date symlink: /home/shi/ENSTA/ROB314/test_ws/install/zed_ros2/share/zed_ros2/cmake/zed_ros2Config-version.cmake
[0.166s] -- Up-to-date symlink: /home/shi/ENSTA/ROB314/test_ws/install/zed_ros2/share/zed_ros2/package.xml
[0.169s] Invoked command in '/home/shi/ENSTA/ROB314/test_ws/build/zed_ros2' returned '0': CMAKE_PREFIX_PATH=/home/shi/ENSTA/ROB314/test_ws/install/zed_wrapper:/home/shi/ENSTA/ROB314/test_ws/install/zed_components:/home/shi/ENSTA/ROB314/test_ws/install/zed_interfaces:/home/shi/ENSTA/ROB314/test_ws/install/zed_ros2:/opt/ros/humble LD_LIBRARY_PATH=/home/shi/ENSTA/ROB314/test_ws/install/zed_components/lib:/home/shi/ENSTA/ROB314/test_ws/install/zed_interfaces/lib:/opt/ros/humble/opt/rviz_ogre_vendor/lib:/opt/ros/humble/lib/x86_64-linux-gnu:/opt/ros/humble/lib /usr/bin/cmake --install /home/shi/ENSTA/ROB314/test_ws/build/zed_ros2
