[0.505s] DEBUG:colcon:Command line arguments: ['/usr/bin/colcon', 'build', '--symlink-install', '--cmake-args=-DCMAKE_BUILD_TYPE=Release']
[0.505s] DEBUG:colcon:Parsed command line arguments: Namespace(log_base=None, log_level=None, verb_name='build', build_base='build', install_base='install', merge_install=False, symlink_install=True, test_result_base=None, continue_on_error=False, executor='parallel', parallel_workers=20, event_handlers=None, ignore_user_meta=False, metas=['./colcon.meta'], base_paths=['.'], packages_ignore=None, packages_ignore_regex=None, paths=None, packages_up_to=None, packages_up_to_regex=None, packages_above=None, packages_above_and_dependencies=None, packages_above_depth=None, packages_select_by_dep=None, packages_skip_by_dep=None, packages_skip_up_to=None, packages_select_build_failed=False, packages_skip_build_finished=False, packages_select_test_failures=False, packages_skip_test_passed=False, packages_select=None, packages_skip=None, packages_select_regex=None, packages_skip_regex=None, packages_start=None, packages_end=None, allow_overriding=[], cmake_args=['-DCMAKE_BUILD_TYPE=Release'], cmake_target=None, cmake_target_skip_unavailable=False, cmake_clean_cache=False, cmake_clean_first=False, cmake_force_configure=False, ament_cmake_args=None, catkin_cmake_args=None, catkin_skip_building_tests=False, verb_parser=<colcon_defaults.argument_parser.defaults.DefaultArgumentsDecorator object at 0x7ffb18d47970>, verb_extension=<colcon_core.verb.build.BuildVerb object at 0x7ffb191d7f10>, main=<bound method BuildVerb.main of <colcon_core.verb.build.BuildVerb object at 0x7ffb191d7f10>>)
[0.530s] Level 1:colcon.colcon_core.package_discovery:discover_packages(colcon_meta) check parameters
[0.530s] Level 1:colcon.colcon_core.package_discovery:discover_packages(recursive) check parameters
[0.530s] Level 1:colcon.colcon_core.package_discovery:discover_packages(ignore) check parameters
[0.530s] Level 1:colcon.colcon_core.package_discovery:discover_packages(path) check parameters
[0.530s] Level 1:colcon.colcon_core.package_discovery:discover_packages(colcon_meta) discover
[0.530s] Level 1:colcon.colcon_core.package_discovery:discover_packages(recursive) discover
[0.530s] INFO:colcon.colcon_core.package_discovery:Crawling recursively for packages in '/home/shi/ENSTA/ROB314/test_ws'
[0.530s] Level 1:colcon.colcon_core.package_identification:_identify(.) by extensions ['ignore', 'ignore_ament_install']
[0.530s] Level 1:colcon.colcon_core.package_identification:_identify(.) by extension 'ignore'
[0.530s] Level 1:colcon.colcon_core.package_identification:_identify(.) by extension 'ignore_ament_install'
[0.530s] Level 1:colcon.colcon_core.package_identification:_identify(.) by extensions ['colcon_pkg']
[0.530s] Level 1:colcon.colcon_core.package_identification:_identify(.) by extension 'colcon_pkg'
[0.530s] Level 1:colcon.colcon_core.package_identification:_identify(.) by extensions ['colcon_meta']
[0.530s] Level 1:colcon.colcon_core.package_identification:_identify(.) by extension 'colcon_meta'
[0.530s] Level 1:colcon.colcon_core.package_identification:_identify(.) by extensions ['ros']
[0.530s] Level 1:colcon.colcon_core.package_identification:_identify(.) by extension 'ros'
[0.538s] Level 1:colcon.colcon_core.package_identification:_identify(.) by extensions ['cmake', 'python']
[0.538s] Level 1:colcon.colcon_core.package_identification:_identify(.) by extension 'cmake'
[0.538s] Level 1:colcon.colcon_core.package_identification:_identify(.) by extension 'python'
[0.538s] Level 1:colcon.colcon_core.package_identification:_identify(.) by extensions ['python_setup_py']
[0.538s] Level 1:colcon.colcon_core.package_identification:_identify(.) by extension 'python_setup_py'
[0.538s] Level 1:colcon.colcon_core.package_identification:_identify(build) by extensions ['ignore', 'ignore_ament_install']
[0.538s] Level 1:colcon.colcon_core.package_identification:_identify(build) by extension 'ignore'
[0.538s] Level 1:colcon.colcon_core.package_identification:_identify(build) ignored
[0.538s] Level 1:colcon.colcon_core.package_identification:_identify(install) by extensions ['ignore', 'ignore_ament_install']
[0.538s] Level 1:colcon.colcon_core.package_identification:_identify(install) by extension 'ignore'
[0.538s] Level 1:colcon.colcon_core.package_identification:_identify(install) ignored
[0.538s] Level 1:colcon.colcon_core.package_identification:_identify(log) by extensions ['ignore', 'ignore_ament_install']
[0.538s] Level 1:colcon.colcon_core.package_identification:_identify(log) by extension 'ignore'
[0.538s] Level 1:colcon.colcon_core.package_identification:_identify(log) ignored
[0.538s] Level 1:colcon.colcon_core.package_identification:_identify(src) by extensions ['ignore', 'ignore_ament_install']
[0.538s] Level 1:colcon.colcon_core.package_identification:_identify(src) by extension 'ignore'
[0.538s] Level 1:colcon.colcon_core.package_identification:_identify(src) by extension 'ignore_ament_install'
[0.538s] Level 1:colcon.colcon_core.package_identification:_identify(src) by extensions ['colcon_pkg']
[0.538s] Level 1:colcon.colcon_core.package_identification:_identify(src) by extension 'colcon_pkg'
[0.538s] Level 1:colcon.colcon_core.package_identification:_identify(src) by extensions ['colcon_meta']
[0.538s] Level 1:colcon.colcon_core.package_identification:_identify(src) by extension 'colcon_meta'
[0.538s] Level 1:colcon.colcon_core.package_identification:_identify(src) by extensions ['ros']
[0.538s] Level 1:colcon.colcon_core.package_identification:_identify(src) by extension 'ros'
[0.538s] Level 1:colcon.colcon_core.package_identification:_identify(src) by extensions ['cmake', 'python']
[0.538s] Level 1:colcon.colcon_core.package_identification:_identify(src) by extension 'cmake'
[0.538s] Level 1:colcon.colcon_core.package_identification:_identify(src) by extension 'python'
[0.538s] Level 1:colcon.colcon_core.package_identification:_identify(src) by extensions ['python_setup_py']
[0.538s] Level 1:colcon.colcon_core.package_identification:_identify(src) by extension 'python_setup_py'
[0.538s] Level 1:colcon.colcon_core.package_identification:_identify(src/zed-ros2-wrapper) by extensions ['ignore', 'ignore_ament_install']
[0.539s] Level 1:colcon.colcon_core.package_identification:_identify(src/zed-ros2-wrapper) by extension 'ignore'
[0.539s] Level 1:colcon.colcon_core.package_identification:_identify(src/zed-ros2-wrapper) by extension 'ignore_ament_install'
[0.539s] Level 1:colcon.colcon_core.package_identification:_identify(src/zed-ros2-wrapper) by extensions ['colcon_pkg']
[0.539s] Level 1:colcon.colcon_core.package_identification:_identify(src/zed-ros2-wrapper) by extension 'colcon_pkg'
[0.539s] Level 1:colcon.colcon_core.package_identification:_identify(src/zed-ros2-wrapper) by extensions ['colcon_meta']
[0.539s] Level 1:colcon.colcon_core.package_identification:_identify(src/zed-ros2-wrapper) by extension 'colcon_meta'
[0.539s] Level 1:colcon.colcon_core.package_identification:_identify(src/zed-ros2-wrapper) by extensions ['ros']
[0.539s] Level 1:colcon.colcon_core.package_identification:_identify(src/zed-ros2-wrapper) by extension 'ros'
[0.539s] Level 1:colcon.colcon_core.package_identification:_identify(src/zed-ros2-wrapper) by extensions ['cmake', 'python']
[0.539s] Level 1:colcon.colcon_core.package_identification:_identify(src/zed-ros2-wrapper) by extension 'cmake'
[0.539s] Level 1:colcon.colcon_core.package_identification:_identify(src/zed-ros2-wrapper) by extension 'python'
[0.539s] Level 1:colcon.colcon_core.package_identification:_identify(src/zed-ros2-wrapper) by extensions ['python_setup_py']
[0.539s] Level 1:colcon.colcon_core.package_identification:_identify(src/zed-ros2-wrapper) by extension 'python_setup_py'
[0.539s] Level 1:colcon.colcon_core.package_identification:_identify(src/zed-ros2-wrapper/docker) by extensions ['ignore', 'ignore_ament_install']
[0.539s] Level 1:colcon.colcon_core.package_identification:_identify(src/zed-ros2-wrapper/docker) by extension 'ignore'
[0.539s] Level 1:colcon.colcon_core.package_identification:_identify(src/zed-ros2-wrapper/docker) by extension 'ignore_ament_install'
[0.539s] Level 1:colcon.colcon_core.package_identification:_identify(src/zed-ros2-wrapper/docker) by extensions ['colcon_pkg']
[0.539s] Level 1:colcon.colcon_core.package_identification:_identify(src/zed-ros2-wrapper/docker) by extension 'colcon_pkg'
[0.539s] Level 1:colcon.colcon_core.package_identification:_identify(src/zed-ros2-wrapper/docker) by extensions ['colcon_meta']
[0.539s] Level 1:colcon.colcon_core.package_identification:_identify(src/zed-ros2-wrapper/docker) by extension 'colcon_meta'
[0.539s] Level 1:colcon.colcon_core.package_identification:_identify(src/zed-ros2-wrapper/docker) by extensions ['ros']
[0.539s] Level 1:colcon.colcon_core.package_identification:_identify(src/zed-ros2-wrapper/docker) by extension 'ros'
[0.539s] Level 1:colcon.colcon_core.package_identification:_identify(src/zed-ros2-wrapper/docker) by extensions ['cmake', 'python']
[0.539s] Level 1:colcon.colcon_core.package_identification:_identify(src/zed-ros2-wrapper/docker) by extension 'cmake'
[0.539s] Level 1:colcon.colcon_core.package_identification:_identify(src/zed-ros2-wrapper/docker) by extension 'python'
[0.539s] Level 1:colcon.colcon_core.package_identification:_identify(src/zed-ros2-wrapper/docker) by extensions ['python_setup_py']
[0.539s] Level 1:colcon.colcon_core.package_identification:_identify(src/zed-ros2-wrapper/docker) by extension 'python_setup_py'
[0.539s] Level 1:colcon.colcon_core.package_identification:_identify(src/zed-ros2-wrapper/images) by extensions ['ignore', 'ignore_ament_install']
[0.539s] Level 1:colcon.colcon_core.package_identification:_identify(src/zed-ros2-wrapper/images) by extension 'ignore'
[0.539s] Level 1:colcon.colcon_core.package_identification:_identify(src/zed-ros2-wrapper/images) by extension 'ignore_ament_install'
[0.539s] Level 1:colcon.colcon_core.package_identification:_identify(src/zed-ros2-wrapper/images) by extensions ['colcon_pkg']
[0.539s] Level 1:colcon.colcon_core.package_identification:_identify(src/zed-ros2-wrapper/images) by extension 'colcon_pkg'
[0.539s] Level 1:colcon.colcon_core.package_identification:_identify(src/zed-ros2-wrapper/images) by extensions ['colcon_meta']
[0.539s] Level 1:colcon.colcon_core.package_identification:_identify(src/zed-ros2-wrapper/images) by extension 'colcon_meta'
[0.539s] Level 1:colcon.colcon_core.package_identification:_identify(src/zed-ros2-wrapper/images) by extensions ['ros']
[0.539s] Level 1:colcon.colcon_core.package_identification:_identify(src/zed-ros2-wrapper/images) by extension 'ros'
[0.539s] Level 1:colcon.colcon_core.package_identification:_identify(src/zed-ros2-wrapper/images) by extensions ['cmake', 'python']
[0.539s] Level 1:colcon.colcon_core.package_identification:_identify(src/zed-ros2-wrapper/images) by extension 'cmake'
[0.539s] Level 1:colcon.colcon_core.package_identification:_identify(src/zed-ros2-wrapper/images) by extension 'python'
[0.539s] Level 1:colcon.colcon_core.package_identification:_identify(src/zed-ros2-wrapper/images) by extensions ['python_setup_py']
[0.539s] Level 1:colcon.colcon_core.package_identification:_identify(src/zed-ros2-wrapper/images) by extension 'python_setup_py'
[0.540s] Level 1:colcon.colcon_core.package_identification:_identify(src/zed-ros2-wrapper/zed-ros2-interfaces) by extensions ['ignore', 'ignore_ament_install']
[0.540s] Level 1:colcon.colcon_core.package_identification:_identify(src/zed-ros2-wrapper/zed-ros2-interfaces) by extension 'ignore'
[0.540s] Level 1:colcon.colcon_core.package_identification:_identify(src/zed-ros2-wrapper/zed-ros2-interfaces) by extension 'ignore_ament_install'
[0.540s] Level 1:colcon.colcon_core.package_identification:_identify(src/zed-ros2-wrapper/zed-ros2-interfaces) by extensions ['colcon_pkg']
[0.540s] Level 1:colcon.colcon_core.package_identification:_identify(src/zed-ros2-wrapper/zed-ros2-interfaces) by extension 'colcon_pkg'
[0.540s] Level 1:colcon.colcon_core.package_identification:_identify(src/zed-ros2-wrapper/zed-ros2-interfaces) by extensions ['colcon_meta']
[0.540s] Level 1:colcon.colcon_core.package_identification:_identify(src/zed-ros2-wrapper/zed-ros2-interfaces) by extension 'colcon_meta'
[0.540s] Level 1:colcon.colcon_core.package_identification:_identify(src/zed-ros2-wrapper/zed-ros2-interfaces) by extensions ['ros']
[0.540s] Level 1:colcon.colcon_core.package_identification:_identify(src/zed-ros2-wrapper/zed-ros2-interfaces) by extension 'ros'
[0.541s] DEBUG:colcon.colcon_core.package_identification:Package 'src/zed-ros2-wrapper/zed-ros2-interfaces' with type 'ros.ament_cmake' and name 'zed_interfaces'
[0.541s] Level 1:colcon.colcon_core.package_identification:_identify(src/zed-ros2-wrapper/zed_components) by extensions ['ignore', 'ignore_ament_install']
[0.541s] Level 1:colcon.colcon_core.package_identification:_identify(src/zed-ros2-wrapper/zed_components) by extension 'ignore'
[0.541s] Level 1:colcon.colcon_core.package_identification:_identify(src/zed-ros2-wrapper/zed_components) by extension 'ignore_ament_install'
[0.542s] Level 1:colcon.colcon_core.package_identification:_identify(src/zed-ros2-wrapper/zed_components) by extensions ['colcon_pkg']
[0.542s] Level 1:colcon.colcon_core.package_identification:_identify(src/zed-ros2-wrapper/zed_components) by extension 'colcon_pkg'
[0.542s] Level 1:colcon.colcon_core.package_identification:_identify(src/zed-ros2-wrapper/zed_components) by extensions ['colcon_meta']
[0.542s] Level 1:colcon.colcon_core.package_identification:_identify(src/zed-ros2-wrapper/zed_components) by extension 'colcon_meta'
[0.542s] Level 1:colcon.colcon_core.package_identification:_identify(src/zed-ros2-wrapper/zed_components) by extensions ['ros']
[0.542s] Level 1:colcon.colcon_core.package_identification:_identify(src/zed-ros2-wrapper/zed_components) by extension 'ros'
[0.542s] DEBUG:colcon.colcon_core.package_identification:Package 'src/zed-ros2-wrapper/zed_components' with type 'ros.ament_cmake' and name 'zed_components'
[0.542s] Level 1:colcon.colcon_core.package_identification:_identify(src/zed-ros2-wrapper/zed_ros2) by extensions ['ignore', 'ignore_ament_install']
[0.542s] Level 1:colcon.colcon_core.package_identification:_identify(src/zed-ros2-wrapper/zed_ros2) by extension 'ignore'
[0.542s] Level 1:colcon.colcon_core.package_identification:_identify(src/zed-ros2-wrapper/zed_ros2) by extension 'ignore_ament_install'
[0.543s] Level 1:colcon.colcon_core.package_identification:_identify(src/zed-ros2-wrapper/zed_ros2) by extensions ['colcon_pkg']
[0.543s] Level 1:colcon.colcon_core.package_identification:_identify(src/zed-ros2-wrapper/zed_ros2) by extension 'colcon_pkg'
[0.543s] Level 1:colcon.colcon_core.package_identification:_identify(src/zed-ros2-wrapper/zed_ros2) by extensions ['colcon_meta']
[0.543s] Level 1:colcon.colcon_core.package_identification:_identify(src/zed-ros2-wrapper/zed_ros2) by extension 'colcon_meta'
[0.543s] Level 1:colcon.colcon_core.package_identification:_identify(src/zed-ros2-wrapper/zed_ros2) by extensions ['ros']
[0.543s] Level 1:colcon.colcon_core.package_identification:_identify(src/zed-ros2-wrapper/zed_ros2) by extension 'ros'
[0.543s] DEBUG:colcon.colcon_core.package_identification:Package 'src/zed-ros2-wrapper/zed_ros2' with type 'ros.ament_cmake' and name 'zed_ros2'
[0.543s] Level 1:colcon.colcon_core.package_identification:_identify(src/zed-ros2-wrapper/zed_wrapper) by extensions ['ignore', 'ignore_ament_install']
[0.543s] Level 1:colcon.colcon_core.package_identification:_identify(src/zed-ros2-wrapper/zed_wrapper) by extension 'ignore'
[0.543s] Level 1:colcon.colcon_core.package_identification:_identify(src/zed-ros2-wrapper/zed_wrapper) by extension 'ignore_ament_install'
[0.543s] Level 1:colcon.colcon_core.package_identification:_identify(src/zed-ros2-wrapper/zed_wrapper) by extensions ['colcon_pkg']
[0.543s] Level 1:colcon.colcon_core.package_identification:_identify(src/zed-ros2-wrapper/zed_wrapper) by extension 'colcon_pkg'
[0.543s] Level 1:colcon.colcon_core.package_identification:_identify(src/zed-ros2-wrapper/zed_wrapper) by extensions ['colcon_meta']
[0.543s] Level 1:colcon.colcon_core.package_identification:_identify(src/zed-ros2-wrapper/zed_wrapper) by extension 'colcon_meta'
[0.543s] Level 1:colcon.colcon_core.package_identification:_identify(src/zed-ros2-wrapper/zed_wrapper) by extensions ['ros']
[0.543s] Level 1:colcon.colcon_core.package_identification:_identify(src/zed-ros2-wrapper/zed_wrapper) by extension 'ros'
[0.544s] DEBUG:colcon.colcon_core.package_identification:Package 'src/zed-ros2-wrapper/zed_wrapper' with type 'ros.ament_cmake' and name 'zed_wrapper'
[0.544s] Level 1:colcon.colcon_core.package_discovery:discover_packages(recursive) using defaults
[0.544s] Level 1:colcon.colcon_core.package_discovery:discover_packages(ignore) discover
[0.544s] Level 1:colcon.colcon_core.package_discovery:discover_packages(ignore) using defaults
[0.544s] Level 1:colcon.colcon_core.package_discovery:discover_packages(path) discover
[0.544s] Level 1:colcon.colcon_core.package_discovery:discover_packages(path) using defaults
[0.591s] Level 1:colcon.colcon_core.package_discovery:discover_packages(prefix_path) check parameters
[0.591s] Level 1:colcon.colcon_core.package_discovery:discover_packages(prefix_path) discover
[0.607s] DEBUG:colcon.colcon_installed_package_information.package_discovery:Found 275 installed packages in /opt/ros/humble
[0.608s] Level 1:colcon.colcon_core.package_discovery:discover_packages(prefix_path) using defaults
[0.669s] Level 5:colcon.colcon_core.verb:set package 'zed_interfaces' build argument 'cmake_args' from command line to '['-DCMAKE_BUILD_TYPE=Release']'
[0.669s] Level 5:colcon.colcon_core.verb:set package 'zed_interfaces' build argument 'cmake_target' from command line to 'None'
[0.669s] Level 5:colcon.colcon_core.verb:set package 'zed_interfaces' build argument 'cmake_target_skip_unavailable' from command line to 'False'
[0.669s] Level 5:colcon.colcon_core.verb:set package 'zed_interfaces' build argument 'cmake_clean_cache' from command line to 'False'
[0.669s] Level 5:colcon.colcon_core.verb:set package 'zed_interfaces' build argument 'cmake_clean_first' from command line to 'False'
[0.669s] Level 5:colcon.colcon_core.verb:set package 'zed_interfaces' build argument 'cmake_force_configure' from command line to 'False'
[0.669s] Level 5:colcon.colcon_core.verb:set package 'zed_interfaces' build argument 'ament_cmake_args' from command line to 'None'
[0.669s] Level 5:colcon.colcon_core.verb:set package 'zed_interfaces' build argument 'catkin_cmake_args' from command line to 'None'
[0.669s] Level 5:colcon.colcon_core.verb:set package 'zed_interfaces' build argument 'catkin_skip_building_tests' from command line to 'False'
[0.669s] DEBUG:colcon.colcon_core.verb:Building package 'zed_interfaces' with the following arguments: {'ament_cmake_args': None, 'build_base': '/home/shi/ENSTA/ROB314/test_ws/build/zed_interfaces', 'catkin_cmake_args': None, 'catkin_skip_building_tests': False, 'cmake_args': ['-DCMAKE_BUILD_TYPE=Release'], 'cmake_clean_cache': False, 'cmake_clean_first': False, 'cmake_force_configure': False, 'cmake_target': None, 'cmake_target_skip_unavailable': False, 'install_base': '/home/shi/ENSTA/ROB314/test_ws/install/zed_interfaces', 'merge_install': False, 'path': '/home/shi/ENSTA/ROB314/test_ws/src/zed-ros2-wrapper/zed-ros2-interfaces', 'symlink_install': True, 'test_result_base': None}
[0.676s] Level 5:colcon.colcon_core.verb:set package 'zed_components' build argument 'cmake_args' from command line to '['-DCMAKE_BUILD_TYPE=Release']'
[0.676s] Level 5:colcon.colcon_core.verb:set package 'zed_components' build argument 'cmake_target' from command line to 'None'
[0.676s] Level 5:colcon.colcon_core.verb:set package 'zed_components' build argument 'cmake_target_skip_unavailable' from command line to 'False'
[0.676s] Level 5:colcon.colcon_core.verb:set package 'zed_components' build argument 'cmake_clean_cache' from command line to 'False'
[0.676s] Level 5:colcon.colcon_core.verb:set package 'zed_components' build argument 'cmake_clean_first' from command line to 'False'
[0.676s] Level 5:colcon.colcon_core.verb:set package 'zed_components' build argument 'cmake_force_configure' from command line to 'False'
[0.676s] Level 5:colcon.colcon_core.verb:set package 'zed_components' build argument 'ament_cmake_args' from command line to 'None'
[0.676s] Level 5:colcon.colcon_core.verb:set package 'zed_components' build argument 'catkin_cmake_args' from command line to 'None'
[0.676s] Level 5:colcon.colcon_core.verb:set package 'zed_components' build argument 'catkin_skip_building_tests' from command line to 'False'
[0.676s] DEBUG:colcon.colcon_core.verb:Building package 'zed_components' with the following arguments: {'ament_cmake_args': None, 'build_base': '/home/shi/ENSTA/ROB314/test_ws/build/zed_components', 'catkin_cmake_args': None, 'catkin_skip_building_tests': False, 'cmake_args': ['-DCMAKE_BUILD_TYPE=Release'], 'cmake_clean_cache': False, 'cmake_clean_first': False, 'cmake_force_configure': False, 'cmake_target': None, 'cmake_target_skip_unavailable': False, 'install_base': '/home/shi/ENSTA/ROB314/test_ws/install/zed_components', 'merge_install': False, 'path': '/home/shi/ENSTA/ROB314/test_ws/src/zed-ros2-wrapper/zed_components', 'symlink_install': True, 'test_result_base': None}
[0.684s] Level 5:colcon.colcon_core.verb:set package 'zed_wrapper' build argument 'cmake_args' from command line to '['-DCMAKE_BUILD_TYPE=Release']'
[0.684s] Level 5:colcon.colcon_core.verb:set package 'zed_wrapper' build argument 'cmake_target' from command line to 'None'
[0.684s] Level 5:colcon.colcon_core.verb:set package 'zed_wrapper' build argument 'cmake_target_skip_unavailable' from command line to 'False'
[0.684s] Level 5:colcon.colcon_core.verb:set package 'zed_wrapper' build argument 'cmake_clean_cache' from command line to 'False'
[0.684s] Level 5:colcon.colcon_core.verb:set package 'zed_wrapper' build argument 'cmake_clean_first' from command line to 'False'
[0.684s] Level 5:colcon.colcon_core.verb:set package 'zed_wrapper' build argument 'cmake_force_configure' from command line to 'False'
[0.684s] Level 5:colcon.colcon_core.verb:set package 'zed_wrapper' build argument 'ament_cmake_args' from command line to 'None'
[0.684s] Level 5:colcon.colcon_core.verb:set package 'zed_wrapper' build argument 'catkin_cmake_args' from command line to 'None'
[0.684s] Level 5:colcon.colcon_core.verb:set package 'zed_wrapper' build argument 'catkin_skip_building_tests' from command line to 'False'
[0.684s] DEBUG:colcon.colcon_core.verb:Building package 'zed_wrapper' with the following arguments: {'ament_cmake_args': None, 'build_base': '/home/shi/ENSTA/ROB314/test_ws/build/zed_wrapper', 'catkin_cmake_args': None, 'catkin_skip_building_tests': False, 'cmake_args': ['-DCMAKE_BUILD_TYPE=Release'], 'cmake_clean_cache': False, 'cmake_clean_first': False, 'cmake_force_configure': False, 'cmake_target': None, 'cmake_target_skip_unavailable': False, 'install_base': '/home/shi/ENSTA/ROB314/test_ws/install/zed_wrapper', 'merge_install': False, 'path': '/home/shi/ENSTA/ROB314/test_ws/src/zed-ros2-wrapper/zed_wrapper', 'symlink_install': True, 'test_result_base': None}
[0.691s] Level 5:colcon.colcon_core.verb:set package 'zed_ros2' build argument 'cmake_args' from command line to '['-DCMAKE_BUILD_TYPE=Release']'
[0.691s] Level 5:colcon.colcon_core.verb:set package 'zed_ros2' build argument 'cmake_target' from command line to 'None'
[0.691s] Level 5:colcon.colcon_core.verb:set package 'zed_ros2' build argument 'cmake_target_skip_unavailable' from command line to 'False'
[0.691s] Level 5:colcon.colcon_core.verb:set package 'zed_ros2' build argument 'cmake_clean_cache' from command line to 'False'
[0.691s] Level 5:colcon.colcon_core.verb:set package 'zed_ros2' build argument 'cmake_clean_first' from command line to 'False'
[0.691s] Level 5:colcon.colcon_core.verb:set package 'zed_ros2' build argument 'cmake_force_configure' from command line to 'False'
[0.691s] Level 5:colcon.colcon_core.verb:set package 'zed_ros2' build argument 'ament_cmake_args' from command line to 'None'
[0.691s] Level 5:colcon.colcon_core.verb:set package 'zed_ros2' build argument 'catkin_cmake_args' from command line to 'None'
[0.691s] Level 5:colcon.colcon_core.verb:set package 'zed_ros2' build argument 'catkin_skip_building_tests' from command line to 'False'
[0.691s] DEBUG:colcon.colcon_core.verb:Building package 'zed_ros2' with the following arguments: {'ament_cmake_args': None, 'build_base': '/home/shi/ENSTA/ROB314/test_ws/build/zed_ros2', 'catkin_cmake_args': None, 'catkin_skip_building_tests': False, 'cmake_args': ['-DCMAKE_BUILD_TYPE=Release'], 'cmake_clean_cache': False, 'cmake_clean_first': False, 'cmake_force_configure': False, 'cmake_target': None, 'cmake_target_skip_unavailable': False, 'install_base': '/home/shi/ENSTA/ROB314/test_ws/install/zed_ros2', 'merge_install': False, 'path': '/home/shi/ENSTA/ROB314/test_ws/src/zed-ros2-wrapper/zed_ros2', 'symlink_install': True, 'test_result_base': None}
[0.698s] INFO:colcon.colcon_core.executor:Executing jobs using 'parallel' executor
[0.706s] DEBUG:colcon.colcon_parallel_executor.executor.parallel:run_until_complete
[0.706s] INFO:colcon.colcon_ros.task.ament_cmake.build:Building ROS package in '/home/shi/ENSTA/ROB314/test_ws/src/zed-ros2-wrapper/zed-ros2-interfaces' with build type 'ament_cmake'
[0.706s] INFO:colcon.colcon_cmake.task.cmake.build:Building CMake package in '/home/shi/ENSTA/ROB314/test_ws/src/zed-ros2-wrapper/zed-ros2-interfaces'
[0.720s] INFO:colcon.colcon_core.plugin_system:Skipping extension 'colcon_core.shell.bat': Not used on non-Windows systems
[0.720s] INFO:colcon.colcon_core.shell:Skip shell extension 'powershell' for command environment: Not usable outside of PowerShell
[0.720s] DEBUG:colcon.colcon_core.shell:Skip shell extension 'dsv' for command environment
[0.753s] DEBUG:colcon.colcon_core.event_handler.log_command:Invoking command in '/home/shi/ENSTA/ROB314/test_ws/build/zed_interfaces': CMAKE_PREFIX_PATH=/opt/ros/humble /usr/bin/cmake --build /home/shi/ENSTA/ROB314/test_ws/build/zed_interfaces -- -j20 -l20
[0.984s] DEBUG:colcon.colcon_core.event_handler.log_command:Invoked command in '/home/shi/ENSTA/ROB314/test_ws/build/zed_interfaces' returned '0': CMAKE_PREFIX_PATH=/opt/ros/humble /usr/bin/cmake --build /home/shi/ENSTA/ROB314/test_ws/build/zed_interfaces -- -j20 -l20
[1.310s] DEBUG:colcon.colcon_core.event_handler.log_command:Invoking command in '/home/shi/ENSTA/ROB314/test_ws/build/zed_interfaces': CMAKE_PREFIX_PATH=/opt/ros/humble /usr/bin/cmake --install /home/shi/ENSTA/ROB314/test_ws/build/zed_interfaces
[1.372s] Level 1:colcon.colcon_core.environment:create_environment_scripts_only(zed_interfaces)
[1.373s] DEBUG:colcon.colcon_core.event_handler.log_command:Invoked command in '/home/shi/ENSTA/ROB314/test_ws/build/zed_interfaces' returned '0': CMAKE_PREFIX_PATH=/opt/ros/humble /usr/bin/cmake --install /home/shi/ENSTA/ROB314/test_ws/build/zed_interfaces
[1.381s] Level 1:colcon.colcon_core.environment:checking '/home/shi/ENSTA/ROB314/test_ws/install/zed_interfaces' for CMake module files
[1.382s] Level 1:colcon.colcon_core.environment:checking '/home/shi/ENSTA/ROB314/test_ws/install/zed_interfaces' for CMake config files
[1.383s] Level 1:colcon.colcon_core.shell:create_environment_hook('zed_interfaces', 'cmake_prefix_path')
[1.390s] INFO:colcon.colcon_core.shell:Creating environment hook '/home/shi/ENSTA/ROB314/test_ws/install/zed_interfaces/share/zed_interfaces/hook/cmake_prefix_path.ps1'
[1.390s] INFO:colcon.colcon_core.shell:Creating environment descriptor '/home/shi/ENSTA/ROB314/test_ws/install/zed_interfaces/share/zed_interfaces/hook/cmake_prefix_path.dsv'
[1.391s] INFO:colcon.colcon_core.shell:Creating environment hook '/home/shi/ENSTA/ROB314/test_ws/install/zed_interfaces/share/zed_interfaces/hook/cmake_prefix_path.sh'
[1.391s] Level 1:colcon.colcon_core.environment:checking '/home/shi/ENSTA/ROB314/test_ws/install/zed_interfaces/lib'
[1.391s] Level 1:colcon.colcon_core.shell:create_environment_hook('zed_interfaces', 'ld_library_path_lib')
[1.398s] INFO:colcon.colcon_core.shell:Creating environment hook '/home/shi/ENSTA/ROB314/test_ws/install/zed_interfaces/share/zed_interfaces/hook/ld_library_path_lib.ps1'
[1.398s] INFO:colcon.colcon_core.shell:Creating environment descriptor '/home/shi/ENSTA/ROB314/test_ws/install/zed_interfaces/share/zed_interfaces/hook/ld_library_path_lib.dsv'
[1.399s] INFO:colcon.colcon_core.shell:Creating environment hook '/home/shi/ENSTA/ROB314/test_ws/install/zed_interfaces/share/zed_interfaces/hook/ld_library_path_lib.sh'
[1.399s] Level 1:colcon.colcon_core.environment:checking '/home/shi/ENSTA/ROB314/test_ws/install/zed_interfaces/bin'
[1.399s] Level 1:colcon.colcon_core.environment:checking '/home/shi/ENSTA/ROB314/test_ws/install/zed_interfaces/lib/pkgconfig/zed_interfaces.pc'
[1.399s] Level 1:colcon.colcon_core.environment:checking '/home/shi/ENSTA/ROB314/test_ws/install/zed_interfaces/lib/python3.10/site-packages'
[1.399s] Level 1:colcon.colcon_core.environment:checking '/home/shi/ENSTA/ROB314/test_ws/install/zed_interfaces/bin'
[1.406s] INFO:colcon.colcon_core.shell:Creating package script '/home/shi/ENSTA/ROB314/test_ws/install/zed_interfaces/share/zed_interfaces/package.ps1'
[1.407s] INFO:colcon.colcon_core.shell:Creating package descriptor '/home/shi/ENSTA/ROB314/test_ws/install/zed_interfaces/share/zed_interfaces/package.dsv'
[1.407s] INFO:colcon.colcon_core.shell:Creating package script '/home/shi/ENSTA/ROB314/test_ws/install/zed_interfaces/share/zed_interfaces/package.sh'
[1.408s] INFO:colcon.colcon_core.shell:Creating package script '/home/shi/ENSTA/ROB314/test_ws/install/zed_interfaces/share/zed_interfaces/package.bash'
[1.408s] INFO:colcon.colcon_core.shell:Creating package script '/home/shi/ENSTA/ROB314/test_ws/install/zed_interfaces/share/zed_interfaces/package.zsh'
[1.408s] Level 1:colcon.colcon_core.environment:create_file_with_runtime_dependencies(/home/shi/ENSTA/ROB314/test_ws/install/zed_interfaces/share/colcon-core/packages/zed_interfaces)
[1.787s] Level 1:colcon.colcon_core.environment:create_environment_scripts_only(zed_interfaces)
[1.794s] Level 1:colcon.colcon_core.environment:checking '/home/shi/ENSTA/ROB314/test_ws/install/zed_interfaces' for CMake module files
[1.794s] Level 1:colcon.colcon_core.environment:checking '/home/shi/ENSTA/ROB314/test_ws/install/zed_interfaces' for CMake config files
[1.795s] Level 1:colcon.colcon_core.shell:create_environment_hook('zed_interfaces', 'cmake_prefix_path')
[1.802s] INFO:colcon.colcon_core.shell:Creating environment hook '/home/shi/ENSTA/ROB314/test_ws/install/zed_interfaces/share/zed_interfaces/hook/cmake_prefix_path.ps1'
[1.803s] INFO:colcon.colcon_core.shell:Creating environment descriptor '/home/shi/ENSTA/ROB314/test_ws/install/zed_interfaces/share/zed_interfaces/hook/cmake_prefix_path.dsv'
[1.803s] INFO:colcon.colcon_core.shell:Creating environment hook '/home/shi/ENSTA/ROB314/test_ws/install/zed_interfaces/share/zed_interfaces/hook/cmake_prefix_path.sh'
[1.803s] Level 1:colcon.colcon_core.environment:checking '/home/shi/ENSTA/ROB314/test_ws/install/zed_interfaces/lib'
[1.803s] Level 1:colcon.colcon_core.shell:create_environment_hook('zed_interfaces', 'ld_library_path_lib')
[1.811s] INFO:colcon.colcon_core.shell:Creating environment hook '/home/shi/ENSTA/ROB314/test_ws/install/zed_interfaces/share/zed_interfaces/hook/ld_library_path_lib.ps1'
[1.811s] INFO:colcon.colcon_core.shell:Creating environment descriptor '/home/shi/ENSTA/ROB314/test_ws/install/zed_interfaces/share/zed_interfaces/hook/ld_library_path_lib.dsv'
[1.811s] INFO:colcon.colcon_core.shell:Creating environment hook '/home/shi/ENSTA/ROB314/test_ws/install/zed_interfaces/share/zed_interfaces/hook/ld_library_path_lib.sh'
[1.811s] Level 1:colcon.colcon_core.environment:checking '/home/shi/ENSTA/ROB314/test_ws/install/zed_interfaces/bin'
[1.811s] Level 1:colcon.colcon_core.environment:checking '/home/shi/ENSTA/ROB314/test_ws/install/zed_interfaces/lib/pkgconfig/zed_interfaces.pc'
[1.811s] Level 1:colcon.colcon_core.environment:checking '/home/shi/ENSTA/ROB314/test_ws/install/zed_interfaces/lib/python3.10/site-packages'
[1.811s] Level 1:colcon.colcon_core.environment:checking '/home/shi/ENSTA/ROB314/test_ws/install/zed_interfaces/bin'
[1.819s] INFO:colcon.colcon_core.shell:Creating package script '/home/shi/ENSTA/ROB314/test_ws/install/zed_interfaces/share/zed_interfaces/package.ps1'
[1.819s] INFO:colcon.colcon_core.shell:Creating package descriptor '/home/shi/ENSTA/ROB314/test_ws/install/zed_interfaces/share/zed_interfaces/package.dsv'
[1.819s] INFO:colcon.colcon_core.shell:Creating package script '/home/shi/ENSTA/ROB314/test_ws/install/zed_interfaces/share/zed_interfaces/package.sh'
[1.819s] INFO:colcon.colcon_core.shell:Creating package script '/home/shi/ENSTA/ROB314/test_ws/install/zed_interfaces/share/zed_interfaces/package.bash'
[1.820s] INFO:colcon.colcon_core.shell:Creating package script '/home/shi/ENSTA/ROB314/test_ws/install/zed_interfaces/share/zed_interfaces/package.zsh'
[1.820s] Level 1:colcon.colcon_core.environment:create_file_with_runtime_dependencies(/home/shi/ENSTA/ROB314/test_ws/install/zed_interfaces/share/colcon-core/packages/zed_interfaces)
[1.820s] INFO:colcon.colcon_ros.task.ament_cmake.build:Building ROS package in '/home/shi/ENSTA/ROB314/test_ws/src/zed-ros2-wrapper/zed_components' with build type 'ament_cmake'
[1.820s] INFO:colcon.colcon_cmake.task.cmake.build:Building CMake package in '/home/shi/ENSTA/ROB314/test_ws/src/zed-ros2-wrapper/zed_components'
[1.828s] INFO:colcon.colcon_core.shell:Skip shell extension 'powershell' for command environment: Not usable outside of PowerShell
[1.828s] DEBUG:colcon.colcon_core.shell:Skip shell extension 'dsv' for command environment
[1.846s] DEBUG:colcon.colcon_core.event_handler.log_command:Invoking command in '/home/shi/ENSTA/ROB314/test_ws/build/zed_components': AMENT_PREFIX_PATH=/home/shi/ENSTA/ROB314/test_ws/install/zed_interfaces:${AMENT_PREFIX_PATH} CMAKE_PREFIX_PATH=/home/shi/ENSTA/ROB314/test_ws/install/zed_interfaces:/opt/ros/humble LD_LIBRARY_PATH=/home/shi/ENSTA/ROB314/test_ws/install/zed_interfaces/lib:${LD_LIBRARY_PATH} PYTHONPATH=/home/shi/ENSTA/ROB314/test_ws/install/zed_interfaces/local/lib/python3.10/dist-packages:${PYTHONPATH} /usr/bin/cmake /home/shi/ENSTA/ROB314/test_ws/src/zed-ros2-wrapper/zed_components -DCMAKE_BUILD_TYPE=Release -DAMENT_CMAKE_SYMLINK_INSTALL=1 -DCMAKE_INSTALL_PREFIX=/home/shi/ENSTA/ROB314/test_ws/install/zed_components
[3.228s] DEBUG:colcon.colcon_core.event_handler.log_command:Invoked command in '/home/shi/ENSTA/ROB314/test_ws/build/zed_components' returned '0': AMENT_PREFIX_PATH=/home/shi/ENSTA/ROB314/test_ws/install/zed_interfaces:${AMENT_PREFIX_PATH} CMAKE_PREFIX_PATH=/home/shi/ENSTA/ROB314/test_ws/install/zed_interfaces:/opt/ros/humble LD_LIBRARY_PATH=/home/shi/ENSTA/ROB314/test_ws/install/zed_interfaces/lib:${LD_LIBRARY_PATH} PYTHONPATH=/home/shi/ENSTA/ROB314/test_ws/install/zed_interfaces/local/lib/python3.10/dist-packages:${PYTHONPATH} /usr/bin/cmake /home/shi/ENSTA/ROB314/test_ws/src/zed-ros2-wrapper/zed_components -DCMAKE_BUILD_TYPE=Release -DAMENT_CMAKE_SYMLINK_INSTALL=1 -DCMAKE_INSTALL_PREFIX=/home/shi/ENSTA/ROB314/test_ws/install/zed_components
[3.229s] DEBUG:colcon.colcon_core.event_handler.log_command:Invoking command in '/home/shi/ENSTA/ROB314/test_ws/build/zed_components': AMENT_PREFIX_PATH=/home/shi/ENSTA/ROB314/test_ws/install/zed_interfaces:${AMENT_PREFIX_PATH} CMAKE_PREFIX_PATH=/home/shi/ENSTA/ROB314/test_ws/install/zed_interfaces:/opt/ros/humble LD_LIBRARY_PATH=/home/shi/ENSTA/ROB314/test_ws/install/zed_interfaces/lib:${LD_LIBRARY_PATH} PYTHONPATH=/home/shi/ENSTA/ROB314/test_ws/install/zed_interfaces/local/lib/python3.10/dist-packages:${PYTHONPATH} /usr/bin/cmake --build /home/shi/ENSTA/ROB314/test_ws/build/zed_components -- -j20 -l20
[41.480s] DEBUG:colcon.colcon_core.event_handler.log_command:Invoked command in '/home/shi/ENSTA/ROB314/test_ws/build/zed_components' returned '0': AMENT_PREFIX_PATH=/home/shi/ENSTA/ROB314/test_ws/install/zed_interfaces:${AMENT_PREFIX_PATH} CMAKE_PREFIX_PATH=/home/shi/ENSTA/ROB314/test_ws/install/zed_interfaces:/opt/ros/humble LD_LIBRARY_PATH=/home/shi/ENSTA/ROB314/test_ws/install/zed_interfaces/lib:${LD_LIBRARY_PATH} PYTHONPATH=/home/shi/ENSTA/ROB314/test_ws/install/zed_interfaces/local/lib/python3.10/dist-packages:${PYTHONPATH} /usr/bin/cmake --build /home/shi/ENSTA/ROB314/test_ws/build/zed_components -- -j20 -l20
[41.512s] DEBUG:colcon.colcon_core.event_handler.log_command:Invoking command in '/home/shi/ENSTA/ROB314/test_ws/build/zed_components': AMENT_PREFIX_PATH=/home/shi/ENSTA/ROB314/test_ws/install/zed_interfaces:${AMENT_PREFIX_PATH} CMAKE_PREFIX_PATH=/home/shi/ENSTA/ROB314/test_ws/install/zed_interfaces:/opt/ros/humble LD_LIBRARY_PATH=/home/shi/ENSTA/ROB314/test_ws/install/zed_interfaces/lib:${LD_LIBRARY_PATH} PYTHONPATH=/home/shi/ENSTA/ROB314/test_ws/install/zed_interfaces/local/lib/python3.10/dist-packages:${PYTHONPATH} /usr/bin/cmake --install /home/shi/ENSTA/ROB314/test_ws/build/zed_components
[41.729s] Level 1:colcon.colcon_core.environment:create_environment_scripts_only(zed_components)
[41.729s] DEBUG:colcon.colcon_core.event_handler.log_command:Invoked command in '/home/shi/ENSTA/ROB314/test_ws/build/zed_components' returned '0': AMENT_PREFIX_PATH=/home/shi/ENSTA/ROB314/test_ws/install/zed_interfaces:${AMENT_PREFIX_PATH} CMAKE_PREFIX_PATH=/home/shi/ENSTA/ROB314/test_ws/install/zed_interfaces:/opt/ros/humble LD_LIBRARY_PATH=/home/shi/ENSTA/ROB314/test_ws/install/zed_interfaces/lib:${LD_LIBRARY_PATH} PYTHONPATH=/home/shi/ENSTA/ROB314/test_ws/install/zed_interfaces/local/lib/python3.10/dist-packages:${PYTHONPATH} /usr/bin/cmake --install /home/shi/ENSTA/ROB314/test_ws/build/zed_components
[41.739s] Level 1:colcon.colcon_core.environment:checking '/home/shi/ENSTA/ROB314/test_ws/install/zed_components' for CMake module files
[41.740s] Level 1:colcon.colcon_core.environment:checking '/home/shi/ENSTA/ROB314/test_ws/install/zed_components' for CMake config files
[41.740s] Level 1:colcon.colcon_core.shell:create_environment_hook('zed_components', 'cmake_prefix_path')
[41.747s] INFO:colcon.colcon_core.shell:Creating environment hook '/home/shi/ENSTA/ROB314/test_ws/install/zed_components/share/zed_components/hook/cmake_prefix_path.ps1'
[41.747s] INFO:colcon.colcon_core.shell:Creating environment descriptor '/home/shi/ENSTA/ROB314/test_ws/install/zed_components/share/zed_components/hook/cmake_prefix_path.dsv'
[41.747s] INFO:colcon.colcon_core.shell:Creating environment hook '/home/shi/ENSTA/ROB314/test_ws/install/zed_components/share/zed_components/hook/cmake_prefix_path.sh'
[41.748s] Level 1:colcon.colcon_core.environment:checking '/home/shi/ENSTA/ROB314/test_ws/install/zed_components/lib'
[41.748s] Level 1:colcon.colcon_core.shell:create_environment_hook('zed_components', 'ld_library_path_lib')
[41.755s] INFO:colcon.colcon_core.shell:Creating environment hook '/home/shi/ENSTA/ROB314/test_ws/install/zed_components/share/zed_components/hook/ld_library_path_lib.ps1'
[41.755s] INFO:colcon.colcon_core.shell:Creating environment descriptor '/home/shi/ENSTA/ROB314/test_ws/install/zed_components/share/zed_components/hook/ld_library_path_lib.dsv'
[41.755s] INFO:colcon.colcon_core.shell:Creating environment hook '/home/shi/ENSTA/ROB314/test_ws/install/zed_components/share/zed_components/hook/ld_library_path_lib.sh'
[41.756s] Level 1:colcon.colcon_core.environment:checking '/home/shi/ENSTA/ROB314/test_ws/install/zed_components/bin'
[41.756s] Level 1:colcon.colcon_core.environment:checking '/home/shi/ENSTA/ROB314/test_ws/install/zed_components/lib/pkgconfig/zed_components.pc'
[41.756s] Level 1:colcon.colcon_core.environment:checking '/home/shi/ENSTA/ROB314/test_ws/install/zed_components/lib/python3.10/site-packages'
[41.756s] Level 1:colcon.colcon_core.environment:checking '/home/shi/ENSTA/ROB314/test_ws/install/zed_components/bin'
[41.763s] INFO:colcon.colcon_core.shell:Creating package script '/home/shi/ENSTA/ROB314/test_ws/install/zed_components/share/zed_components/package.ps1'
[41.763s] INFO:colcon.colcon_core.shell:Creating package descriptor '/home/shi/ENSTA/ROB314/test_ws/install/zed_components/share/zed_components/package.dsv'
[41.763s] INFO:colcon.colcon_core.shell:Creating package script '/home/shi/ENSTA/ROB314/test_ws/install/zed_components/share/zed_components/package.sh'
[41.764s] INFO:colcon.colcon_core.shell:Creating package script '/home/shi/ENSTA/ROB314/test_ws/install/zed_components/share/zed_components/package.bash'
[41.764s] INFO:colcon.colcon_core.shell:Creating package script '/home/shi/ENSTA/ROB314/test_ws/install/zed_components/share/zed_components/package.zsh'
[41.764s] Level 1:colcon.colcon_core.environment:create_file_with_runtime_dependencies(/home/shi/ENSTA/ROB314/test_ws/install/zed_components/share/colcon-core/packages/zed_components)
[41.789s] Level 1:colcon.colcon_core.environment:create_environment_scripts_only(zed_components)
[41.796s] Level 1:colcon.colcon_core.environment:checking '/home/shi/ENSTA/ROB314/test_ws/install/zed_components' for CMake module files
[41.796s] Level 1:colcon.colcon_core.environment:checking '/home/shi/ENSTA/ROB314/test_ws/install/zed_components' for CMake config files
[41.796s] Level 1:colcon.colcon_core.shell:create_environment_hook('zed_components', 'cmake_prefix_path')
[41.803s] INFO:colcon.colcon_core.shell:Creating environment hook '/home/shi/ENSTA/ROB314/test_ws/install/zed_components/share/zed_components/hook/cmake_prefix_path.ps1'
[41.803s] INFO:colcon.colcon_core.shell:Creating environment descriptor '/home/shi/ENSTA/ROB314/test_ws/install/zed_components/share/zed_components/hook/cmake_prefix_path.dsv'
[41.803s] INFO:colcon.colcon_core.shell:Creating environment hook '/home/shi/ENSTA/ROB314/test_ws/install/zed_components/share/zed_components/hook/cmake_prefix_path.sh'
[41.804s] Level 1:colcon.colcon_core.environment:checking '/home/shi/ENSTA/ROB314/test_ws/install/zed_components/lib'
[41.804s] Level 1:colcon.colcon_core.shell:create_environment_hook('zed_components', 'ld_library_path_lib')
[41.811s] INFO:colcon.colcon_core.shell:Creating environment hook '/home/shi/ENSTA/ROB314/test_ws/install/zed_components/share/zed_components/hook/ld_library_path_lib.ps1'
[41.811s] INFO:colcon.colcon_core.shell:Creating environment descriptor '/home/shi/ENSTA/ROB314/test_ws/install/zed_components/share/zed_components/hook/ld_library_path_lib.dsv'
[41.811s] INFO:colcon.colcon_core.shell:Creating environment hook '/home/shi/ENSTA/ROB314/test_ws/install/zed_components/share/zed_components/hook/ld_library_path_lib.sh'
[41.811s] Level 1:colcon.colcon_core.environment:checking '/home/shi/ENSTA/ROB314/test_ws/install/zed_components/bin'
[41.811s] Level 1:colcon.colcon_core.environment:checking '/home/shi/ENSTA/ROB314/test_ws/install/zed_components/lib/pkgconfig/zed_components.pc'
[41.811s] Level 1:colcon.colcon_core.environment:checking '/home/shi/ENSTA/ROB314/test_ws/install/zed_components/lib/python3.10/site-packages'
[41.812s] Level 1:colcon.colcon_core.environment:checking '/home/shi/ENSTA/ROB314/test_ws/install/zed_components/bin'
[41.819s] INFO:colcon.colcon_core.shell:Creating package script '/home/shi/ENSTA/ROB314/test_ws/install/zed_components/share/zed_components/package.ps1'
[41.819s] INFO:colcon.colcon_core.shell:Creating package descriptor '/home/shi/ENSTA/ROB314/test_ws/install/zed_components/share/zed_components/package.dsv'
[41.819s] INFO:colcon.colcon_core.shell:Creating package script '/home/shi/ENSTA/ROB314/test_ws/install/zed_components/share/zed_components/package.sh'
[41.819s] INFO:colcon.colcon_core.shell:Creating package script '/home/shi/ENSTA/ROB314/test_ws/install/zed_components/share/zed_components/package.bash'
[41.820s] INFO:colcon.colcon_core.shell:Creating package script '/home/shi/ENSTA/ROB314/test_ws/install/zed_components/share/zed_components/package.zsh'
[41.820s] Level 1:colcon.colcon_core.environment:create_file_with_runtime_dependencies(/home/shi/ENSTA/ROB314/test_ws/install/zed_components/share/colcon-core/packages/zed_components)
[41.820s] INFO:colcon.colcon_ros.task.ament_cmake.build:Building ROS package in '/home/shi/ENSTA/ROB314/test_ws/src/zed-ros2-wrapper/zed_wrapper' with build type 'ament_cmake'
[41.820s] INFO:colcon.colcon_cmake.task.cmake.build:Building CMake package in '/home/shi/ENSTA/ROB314/test_ws/src/zed-ros2-wrapper/zed_wrapper'
[41.828s] INFO:colcon.colcon_core.shell:Skip shell extension 'powershell' for command environment: Not usable outside of PowerShell
[41.828s] DEBUG:colcon.colcon_core.shell:Skip shell extension 'dsv' for command environment
[41.848s] DEBUG:colcon.colcon_core.event_handler.log_command:Invoking command in '/home/shi/ENSTA/ROB314/test_ws/build/zed_wrapper': AMENT_PREFIX_PATH=/home/shi/ENSTA/ROB314/test_ws/install/zed_components:/home/shi/ENSTA/ROB314/test_ws/install/zed_interfaces:${AMENT_PREFIX_PATH} CMAKE_PREFIX_PATH=/home/shi/ENSTA/ROB314/test_ws/install/zed_components:/home/shi/ENSTA/ROB314/test_ws/install/zed_interfaces:/opt/ros/humble LD_LIBRARY_PATH=/home/shi/ENSTA/ROB314/test_ws/install/zed_components/lib:/home/shi/ENSTA/ROB314/test_ws/install/zed_interfaces/lib:${LD_LIBRARY_PATH} PYTHONPATH=/home/shi/ENSTA/ROB314/test_ws/install/zed_interfaces/local/lib/python3.10/dist-packages:${PYTHONPATH} /usr/bin/cmake /home/shi/ENSTA/ROB314/test_ws/src/zed-ros2-wrapper/zed_wrapper -DCMAKE_BUILD_TYPE=Release -DAMENT_CMAKE_SYMLINK_INSTALL=1 -DCMAKE_INSTALL_PREFIX=/home/shi/ENSTA/ROB314/test_ws/install/zed_wrapper
[44.343s] DEBUG:colcon.colcon_core.event_handler.log_command:Invoked command in '/home/shi/ENSTA/ROB314/test_ws/build/zed_wrapper' returned '0': AMENT_PREFIX_PATH=/home/shi/ENSTA/ROB314/test_ws/install/zed_components:/home/shi/ENSTA/ROB314/test_ws/install/zed_interfaces:${AMENT_PREFIX_PATH} CMAKE_PREFIX_PATH=/home/shi/ENSTA/ROB314/test_ws/install/zed_components:/home/shi/ENSTA/ROB314/test_ws/install/zed_interfaces:/opt/ros/humble LD_LIBRARY_PATH=/home/shi/ENSTA/ROB314/test_ws/install/zed_components/lib:/home/shi/ENSTA/ROB314/test_ws/install/zed_interfaces/lib:${LD_LIBRARY_PATH} PYTHONPATH=/home/shi/ENSTA/ROB314/test_ws/install/zed_interfaces/local/lib/python3.10/dist-packages:${PYTHONPATH} /usr/bin/cmake /home/shi/ENSTA/ROB314/test_ws/src/zed-ros2-wrapper/zed_wrapper -DCMAKE_BUILD_TYPE=Release -DAMENT_CMAKE_SYMLINK_INSTALL=1 -DCMAKE_INSTALL_PREFIX=/home/shi/ENSTA/ROB314/test_ws/install/zed_wrapper
[44.343s] DEBUG:colcon.colcon_core.event_handler.log_command:Invoking command in '/home/shi/ENSTA/ROB314/test_ws/build/zed_wrapper': AMENT_PREFIX_PATH=/home/shi/ENSTA/ROB314/test_ws/install/zed_components:/home/shi/ENSTA/ROB314/test_ws/install/zed_interfaces:${AMENT_PREFIX_PATH} CMAKE_PREFIX_PATH=/home/shi/ENSTA/ROB314/test_ws/install/zed_components:/home/shi/ENSTA/ROB314/test_ws/install/zed_interfaces:/opt/ros/humble LD_LIBRARY_PATH=/home/shi/ENSTA/ROB314/test_ws/install/zed_components/lib:/home/shi/ENSTA/ROB314/test_ws/install/zed_interfaces/lib:${LD_LIBRARY_PATH} PYTHONPATH=/home/shi/ENSTA/ROB314/test_ws/install/zed_interfaces/local/lib/python3.10/dist-packages:${PYTHONPATH} /usr/bin/cmake --build /home/shi/ENSTA/ROB314/test_ws/build/zed_wrapper -- -j20 -l20
[47.617s] DEBUG:colcon.colcon_core.event_handler.log_command:Invoked command in '/home/shi/ENSTA/ROB314/test_ws/build/zed_wrapper' returned '0': AMENT_PREFIX_PATH=/home/shi/ENSTA/ROB314/test_ws/install/zed_components:/home/shi/ENSTA/ROB314/test_ws/install/zed_interfaces:${AMENT_PREFIX_PATH} CMAKE_PREFIX_PATH=/home/shi/ENSTA/ROB314/test_ws/install/zed_components:/home/shi/ENSTA/ROB314/test_ws/install/zed_interfaces:/opt/ros/humble LD_LIBRARY_PATH=/home/shi/ENSTA/ROB314/test_ws/install/zed_components/lib:/home/shi/ENSTA/ROB314/test_ws/install/zed_interfaces/lib:${LD_LIBRARY_PATH} PYTHONPATH=/home/shi/ENSTA/ROB314/test_ws/install/zed_interfaces/local/lib/python3.10/dist-packages:${PYTHONPATH} /usr/bin/cmake --build /home/shi/ENSTA/ROB314/test_ws/build/zed_wrapper -- -j20 -l20
[47.637s] DEBUG:colcon.colcon_core.event_handler.log_command:Invoking command in '/home/shi/ENSTA/ROB314/test_ws/build/zed_wrapper': AMENT_PREFIX_PATH=/home/shi/ENSTA/ROB314/test_ws/install/zed_components:/home/shi/ENSTA/ROB314/test_ws/install/zed_interfaces:${AMENT_PREFIX_PATH} CMAKE_PREFIX_PATH=/home/shi/ENSTA/ROB314/test_ws/install/zed_components:/home/shi/ENSTA/ROB314/test_ws/install/zed_interfaces:/opt/ros/humble LD_LIBRARY_PATH=/home/shi/ENSTA/ROB314/test_ws/install/zed_components/lib:/home/shi/ENSTA/ROB314/test_ws/install/zed_interfaces/lib:${LD_LIBRARY_PATH} PYTHONPATH=/home/shi/ENSTA/ROB314/test_ws/install/zed_interfaces/local/lib/python3.10/dist-packages:${PYTHONPATH} /usr/bin/cmake --install /home/shi/ENSTA/ROB314/test_ws/build/zed_wrapper
[47.885s] Level 1:colcon.colcon_core.environment:create_environment_scripts_only(zed_wrapper)
[47.885s] DEBUG:colcon.colcon_core.event_handler.log_command:Invoked command in '/home/shi/ENSTA/ROB314/test_ws/build/zed_wrapper' returned '0': AMENT_PREFIX_PATH=/home/shi/ENSTA/ROB314/test_ws/install/zed_components:/home/shi/ENSTA/ROB314/test_ws/install/zed_interfaces:${AMENT_PREFIX_PATH} CMAKE_PREFIX_PATH=/home/shi/ENSTA/ROB314/test_ws/install/zed_components:/home/shi/ENSTA/ROB314/test_ws/install/zed_interfaces:/opt/ros/humble LD_LIBRARY_PATH=/home/shi/ENSTA/ROB314/test_ws/install/zed_components/lib:/home/shi/ENSTA/ROB314/test_ws/install/zed_interfaces/lib:${LD_LIBRARY_PATH} PYTHONPATH=/home/shi/ENSTA/ROB314/test_ws/install/zed_interfaces/local/lib/python3.10/dist-packages:${PYTHONPATH} /usr/bin/cmake --install /home/shi/ENSTA/ROB314/test_ws/build/zed_wrapper
[47.899s] Level 1:colcon.colcon_core.environment:checking '/home/shi/ENSTA/ROB314/test_ws/install/zed_wrapper' for CMake module files
[47.899s] Level 1:colcon.colcon_core.environment:checking '/home/shi/ENSTA/ROB314/test_ws/install/zed_wrapper' for CMake config files
[47.900s] Level 1:colcon.colcon_core.shell:create_environment_hook('zed_wrapper', 'cmake_prefix_path')
[47.908s] INFO:colcon.colcon_core.shell:Creating environment hook '/home/shi/ENSTA/ROB314/test_ws/install/zed_wrapper/share/zed_wrapper/hook/cmake_prefix_path.ps1'
[47.909s] INFO:colcon.colcon_core.shell:Creating environment descriptor '/home/shi/ENSTA/ROB314/test_ws/install/zed_wrapper/share/zed_wrapper/hook/cmake_prefix_path.dsv'
[47.909s] INFO:colcon.colcon_core.shell:Creating environment hook '/home/shi/ENSTA/ROB314/test_ws/install/zed_wrapper/share/zed_wrapper/hook/cmake_prefix_path.sh'
[47.909s] Level 1:colcon.colcon_core.environment:checking '/home/shi/ENSTA/ROB314/test_ws/install/zed_wrapper/lib'
[47.909s] Level 1:colcon.colcon_core.environment:checking '/home/shi/ENSTA/ROB314/test_ws/install/zed_wrapper/bin'
[47.909s] Level 1:colcon.colcon_core.environment:checking '/home/shi/ENSTA/ROB314/test_ws/install/zed_wrapper/lib/pkgconfig/zed_wrapper.pc'
[47.909s] Level 1:colcon.colcon_core.environment:checking '/home/shi/ENSTA/ROB314/test_ws/install/zed_wrapper/lib/python3.10/site-packages'
[47.909s] Level 1:colcon.colcon_core.environment:checking '/home/shi/ENSTA/ROB314/test_ws/install/zed_wrapper/bin'
[47.916s] INFO:colcon.colcon_core.shell:Creating package script '/home/shi/ENSTA/ROB314/test_ws/install/zed_wrapper/share/zed_wrapper/package.ps1'
[47.917s] INFO:colcon.colcon_core.shell:Creating package descriptor '/home/shi/ENSTA/ROB314/test_ws/install/zed_wrapper/share/zed_wrapper/package.dsv'
[47.917s] INFO:colcon.colcon_core.shell:Creating package script '/home/shi/ENSTA/ROB314/test_ws/install/zed_wrapper/share/zed_wrapper/package.sh'
[47.917s] INFO:colcon.colcon_core.shell:Creating package script '/home/shi/ENSTA/ROB314/test_ws/install/zed_wrapper/share/zed_wrapper/package.bash'
[47.917s] INFO:colcon.colcon_core.shell:Creating package script '/home/shi/ENSTA/ROB314/test_ws/install/zed_wrapper/share/zed_wrapper/package.zsh'
[47.917s] Level 1:colcon.colcon_core.environment:create_file_with_runtime_dependencies(/home/shi/ENSTA/ROB314/test_ws/install/zed_wrapper/share/colcon-core/packages/zed_wrapper)
[47.943s] Level 1:colcon.colcon_core.environment:create_environment_scripts_only(zed_wrapper)
[47.952s] Level 1:colcon.colcon_core.environment:checking '/home/shi/ENSTA/ROB314/test_ws/install/zed_wrapper' for CMake module files
[47.952s] Level 1:colcon.colcon_core.environment:checking '/home/shi/ENSTA/ROB314/test_ws/install/zed_wrapper' for CMake config files
[47.952s] Level 1:colcon.colcon_core.shell:create_environment_hook('zed_wrapper', 'cmake_prefix_path')
[47.959s] INFO:colcon.colcon_core.shell:Creating environment hook '/home/shi/ENSTA/ROB314/test_ws/install/zed_wrapper/share/zed_wrapper/hook/cmake_prefix_path.ps1'
[47.959s] INFO:colcon.colcon_core.shell:Creating environment descriptor '/home/shi/ENSTA/ROB314/test_ws/install/zed_wrapper/share/zed_wrapper/hook/cmake_prefix_path.dsv'
[47.959s] INFO:colcon.colcon_core.shell:Creating environment hook '/home/shi/ENSTA/ROB314/test_ws/install/zed_wrapper/share/zed_wrapper/hook/cmake_prefix_path.sh'
[47.960s] Level 1:colcon.colcon_core.environment:checking '/home/shi/ENSTA/ROB314/test_ws/install/zed_wrapper/lib'
[47.960s] Level 1:colcon.colcon_core.environment:checking '/home/shi/ENSTA/ROB314/test_ws/install/zed_wrapper/bin'
[47.960s] Level 1:colcon.colcon_core.environment:checking '/home/shi/ENSTA/ROB314/test_ws/install/zed_wrapper/lib/pkgconfig/zed_wrapper.pc'
[47.960s] Level 1:colcon.colcon_core.environment:checking '/home/shi/ENSTA/ROB314/test_ws/install/zed_wrapper/lib/python3.10/site-packages'
[47.960s] Level 1:colcon.colcon_core.environment:checking '/home/shi/ENSTA/ROB314/test_ws/install/zed_wrapper/bin'
[47.967s] INFO:colcon.colcon_core.shell:Creating package script '/home/shi/ENSTA/ROB314/test_ws/install/zed_wrapper/share/zed_wrapper/package.ps1'
[47.967s] INFO:colcon.colcon_core.shell:Creating package descriptor '/home/shi/ENSTA/ROB314/test_ws/install/zed_wrapper/share/zed_wrapper/package.dsv'
[47.968s] INFO:colcon.colcon_core.shell:Creating package script '/home/shi/ENSTA/ROB314/test_ws/install/zed_wrapper/share/zed_wrapper/package.sh'
[47.968s] INFO:colcon.colcon_core.shell:Creating package script '/home/shi/ENSTA/ROB314/test_ws/install/zed_wrapper/share/zed_wrapper/package.bash'
[47.968s] INFO:colcon.colcon_core.shell:Creating package script '/home/shi/ENSTA/ROB314/test_ws/install/zed_wrapper/share/zed_wrapper/package.zsh'
[47.968s] Level 1:colcon.colcon_core.environment:create_file_with_runtime_dependencies(/home/shi/ENSTA/ROB314/test_ws/install/zed_wrapper/share/colcon-core/packages/zed_wrapper)
[47.968s] INFO:colcon.colcon_ros.task.ament_cmake.build:Building ROS package in '/home/shi/ENSTA/ROB314/test_ws/src/zed-ros2-wrapper/zed_ros2' with build type 'ament_cmake'
[47.968s] INFO:colcon.colcon_cmake.task.cmake.build:Building CMake package in '/home/shi/ENSTA/ROB314/test_ws/src/zed-ros2-wrapper/zed_ros2'
[47.976s] INFO:colcon.colcon_core.shell:Skip shell extension 'powershell' for command environment: Not usable outside of PowerShell
[47.976s] DEBUG:colcon.colcon_core.shell:Skip shell extension 'dsv' for command environment
[47.997s] DEBUG:colcon.colcon_core.event_handler.log_command:Invoking command in '/home/shi/ENSTA/ROB314/test_ws/build/zed_ros2': AMENT_PREFIX_PATH=/home/shi/ENSTA/ROB314/test_ws/install/zed_wrapper:/home/shi/ENSTA/ROB314/test_ws/install/zed_components:/home/shi/ENSTA/ROB314/test_ws/install/zed_interfaces:${AMENT_PREFIX_PATH} CMAKE_PREFIX_PATH=/home/shi/ENSTA/ROB314/test_ws/install/zed_wrapper:/home/shi/ENSTA/ROB314/test_ws/install/zed_components:/home/shi/ENSTA/ROB314/test_ws/install/zed_interfaces:/opt/ros/humble LD_LIBRARY_PATH=/home/shi/ENSTA/ROB314/test_ws/install/zed_components/lib:/home/shi/ENSTA/ROB314/test_ws/install/zed_interfaces/lib:${LD_LIBRARY_PATH} PYTHONPATH=/home/shi/ENSTA/ROB314/test_ws/install/zed_interfaces/local/lib/python3.10/dist-packages:${PYTHONPATH} /usr/bin/cmake /home/shi/ENSTA/ROB314/test_ws/src/zed-ros2-wrapper/zed_ros2 -DCMAKE_BUILD_TYPE=Release -DAMENT_CMAKE_SYMLINK_INSTALL=1 -DCMAKE_INSTALL_PREFIX=/home/shi/ENSTA/ROB314/test_ws/install/zed_ros2
[48.251s] DEBUG:colcon.colcon_core.event_handler.log_command:Invoked command in '/home/shi/ENSTA/ROB314/test_ws/build/zed_ros2' returned '0': AMENT_PREFIX_PATH=/home/shi/ENSTA/ROB314/test_ws/install/zed_wrapper:/home/shi/ENSTA/ROB314/test_ws/install/zed_components:/home/shi/ENSTA/ROB314/test_ws/install/zed_interfaces:${AMENT_PREFIX_PATH} CMAKE_PREFIX_PATH=/home/shi/ENSTA/ROB314/test_ws/install/zed_wrapper:/home/shi/ENSTA/ROB314/test_ws/install/zed_components:/home/shi/ENSTA/ROB314/test_ws/install/zed_interfaces:/opt/ros/humble LD_LIBRARY_PATH=/home/shi/ENSTA/ROB314/test_ws/install/zed_components/lib:/home/shi/ENSTA/ROB314/test_ws/install/zed_interfaces/lib:${LD_LIBRARY_PATH} PYTHONPATH=/home/shi/ENSTA/ROB314/test_ws/install/zed_interfaces/local/lib/python3.10/dist-packages:${PYTHONPATH} /usr/bin/cmake /home/shi/ENSTA/ROB314/test_ws/src/zed-ros2-wrapper/zed_ros2 -DCMAKE_BUILD_TYPE=Release -DAMENT_CMAKE_SYMLINK_INSTALL=1 -DCMAKE_INSTALL_PREFIX=/home/shi/ENSTA/ROB314/test_ws/install/zed_ros2
[48.252s] DEBUG:colcon.colcon_core.event_handler.log_command:Invoking command in '/home/shi/ENSTA/ROB314/test_ws/build/zed_ros2': AMENT_PREFIX_PATH=/home/shi/ENSTA/ROB314/test_ws/install/zed_wrapper:/home/shi/ENSTA/ROB314/test_ws/install/zed_components:/home/shi/ENSTA/ROB314/test_ws/install/zed_interfaces:${AMENT_PREFIX_PATH} CMAKE_PREFIX_PATH=/home/shi/ENSTA/ROB314/test_ws/install/zed_wrapper:/home/shi/ENSTA/ROB314/test_ws/install/zed_components:/home/shi/ENSTA/ROB314/test_ws/install/zed_interfaces:/opt/ros/humble LD_LIBRARY_PATH=/home/shi/ENSTA/ROB314/test_ws/install/zed_components/lib:/home/shi/ENSTA/ROB314/test_ws/install/zed_interfaces/lib:${LD_LIBRARY_PATH} PYTHONPATH=/home/shi/ENSTA/ROB314/test_ws/install/zed_interfaces/local/lib/python3.10/dist-packages:${PYTHONPATH} /usr/bin/cmake --build /home/shi/ENSTA/ROB314/test_ws/build/zed_ros2 -- -j20 -l20
[48.282s] DEBUG:colcon.colcon_core.event_handler.log_command:Invoked command in '/home/shi/ENSTA/ROB314/test_ws/build/zed_ros2' returned '0': AMENT_PREFIX_PATH=/home/shi/ENSTA/ROB314/test_ws/install/zed_wrapper:/home/shi/ENSTA/ROB314/test_ws/install/zed_components:/home/shi/ENSTA/ROB314/test_ws/install/zed_interfaces:${AMENT_PREFIX_PATH} CMAKE_PREFIX_PATH=/home/shi/ENSTA/ROB314/test_ws/install/zed_wrapper:/home/shi/ENSTA/ROB314/test_ws/install/zed_components:/home/shi/ENSTA/ROB314/test_ws/install/zed_interfaces:/opt/ros/humble LD_LIBRARY_PATH=/home/shi/ENSTA/ROB314/test_ws/install/zed_components/lib:/home/shi/ENSTA/ROB314/test_ws/install/zed_interfaces/lib:${LD_LIBRARY_PATH} PYTHONPATH=/home/shi/ENSTA/ROB314/test_ws/install/zed_interfaces/local/lib/python3.10/dist-packages:${PYTHONPATH} /usr/bin/cmake --build /home/shi/ENSTA/ROB314/test_ws/build/zed_ros2 -- -j20 -l20
[48.305s] DEBUG:colcon.colcon_core.event_handler.log_command:Invoking command in '/home/shi/ENSTA/ROB314/test_ws/build/zed_ros2': AMENT_PREFIX_PATH=/home/shi/ENSTA/ROB314/test_ws/install/zed_wrapper:/home/shi/ENSTA/ROB314/test_ws/install/zed_components:/home/shi/ENSTA/ROB314/test_ws/install/zed_interfaces:${AMENT_PREFIX_PATH} CMAKE_PREFIX_PATH=/home/shi/ENSTA/ROB314/test_ws/install/zed_wrapper:/home/shi/ENSTA/ROB314/test_ws/install/zed_components:/home/shi/ENSTA/ROB314/test_ws/install/zed_interfaces:/opt/ros/humble LD_LIBRARY_PATH=/home/shi/ENSTA/ROB314/test_ws/install/zed_components/lib:/home/shi/ENSTA/ROB314/test_ws/install/zed_interfaces/lib:${LD_LIBRARY_PATH} PYTHONPATH=/home/shi/ENSTA/ROB314/test_ws/install/zed_interfaces/local/lib/python3.10/dist-packages:${PYTHONPATH} /usr/bin/cmake --install /home/shi/ENSTA/ROB314/test_ws/build/zed_ros2
[48.441s] Level 1:colcon.colcon_core.environment:create_environment_scripts_only(zed_ros2)
[48.441s] DEBUG:colcon.colcon_core.event_handler.log_command:Invoked command in '/home/shi/ENSTA/ROB314/test_ws/build/zed_ros2' returned '0': AMENT_PREFIX_PATH=/home/shi/ENSTA/ROB314/test_ws/install/zed_wrapper:/home/shi/ENSTA/ROB314/test_ws/install/zed_components:/home/shi/ENSTA/ROB314/test_ws/install/zed_interfaces:${AMENT_PREFIX_PATH} CMAKE_PREFIX_PATH=/home/shi/ENSTA/ROB314/test_ws/install/zed_wrapper:/home/shi/ENSTA/ROB314/test_ws/install/zed_components:/home/shi/ENSTA/ROB314/test_ws/install/zed_interfaces:/opt/ros/humble LD_LIBRARY_PATH=/home/shi/ENSTA/ROB314/test_ws/install/zed_components/lib:/home/shi/ENSTA/ROB314/test_ws/install/zed_interfaces/lib:${LD_LIBRARY_PATH} PYTHONPATH=/home/shi/ENSTA/ROB314/test_ws/install/zed_interfaces/local/lib/python3.10/dist-packages:${PYTHONPATH} /usr/bin/cmake --install /home/shi/ENSTA/ROB314/test_ws/build/zed_ros2
[48.454s] Level 1:colcon.colcon_core.environment:checking '/home/shi/ENSTA/ROB314/test_ws/install/zed_ros2' for CMake module files
[48.454s] Level 1:colcon.colcon_core.environment:checking '/home/shi/ENSTA/ROB314/test_ws/install/zed_ros2' for CMake config files
[48.455s] Level 1:colcon.colcon_core.shell:create_environment_hook('zed_ros2', 'cmake_prefix_path')
[48.466s] INFO:colcon.colcon_core.shell:Creating environment hook '/home/shi/ENSTA/ROB314/test_ws/install/zed_ros2/share/zed_ros2/hook/cmake_prefix_path.ps1'
[48.466s] INFO:colcon.colcon_core.shell:Creating environment descriptor '/home/shi/ENSTA/ROB314/test_ws/install/zed_ros2/share/zed_ros2/hook/cmake_prefix_path.dsv'
[48.467s] INFO:colcon.colcon_core.shell:Creating environment hook '/home/shi/ENSTA/ROB314/test_ws/install/zed_ros2/share/zed_ros2/hook/cmake_prefix_path.sh'
[48.467s] Level 1:colcon.colcon_core.environment:checking '/home/shi/ENSTA/ROB314/test_ws/install/zed_ros2/bin'
[48.467s] Level 1:colcon.colcon_core.environment:checking '/home/shi/ENSTA/ROB314/test_ws/install/zed_ros2/lib/pkgconfig/zed_ros2.pc'
[48.467s] Level 1:colcon.colcon_core.environment:checking '/home/shi/ENSTA/ROB314/test_ws/install/zed_ros2/lib/python3.10/site-packages'
[48.468s] Level 1:colcon.colcon_core.environment:checking '/home/shi/ENSTA/ROB314/test_ws/install/zed_ros2/bin'
[48.477s] INFO:colcon.colcon_core.shell:Creating package script '/home/shi/ENSTA/ROB314/test_ws/install/zed_ros2/share/zed_ros2/package.ps1'
[48.477s] INFO:colcon.colcon_core.shell:Creating package descriptor '/home/shi/ENSTA/ROB314/test_ws/install/zed_ros2/share/zed_ros2/package.dsv'
[48.478s] INFO:colcon.colcon_core.shell:Creating package script '/home/shi/ENSTA/ROB314/test_ws/install/zed_ros2/share/zed_ros2/package.sh'
[48.478s] INFO:colcon.colcon_core.shell:Creating package script '/home/shi/ENSTA/ROB314/test_ws/install/zed_ros2/share/zed_ros2/package.bash'
[48.478s] INFO:colcon.colcon_core.shell:Creating package script '/home/shi/ENSTA/ROB314/test_ws/install/zed_ros2/share/zed_ros2/package.zsh'
[48.478s] Level 1:colcon.colcon_core.environment:create_file_with_runtime_dependencies(/home/shi/ENSTA/ROB314/test_ws/install/zed_ros2/share/colcon-core/packages/zed_ros2)
[48.500s] Level 1:colcon.colcon_core.environment:create_environment_scripts_only(zed_ros2)
[48.507s] Level 1:colcon.colcon_core.environment:checking '/home/shi/ENSTA/ROB314/test_ws/install/zed_ros2' for CMake module files
[48.507s] Level 1:colcon.colcon_core.environment:checking '/home/shi/ENSTA/ROB314/test_ws/install/zed_ros2' for CMake config files
[48.507s] Level 1:colcon.colcon_core.shell:create_environment_hook('zed_ros2', 'cmake_prefix_path')
[48.514s] INFO:colcon.colcon_core.shell:Creating environment hook '/home/shi/ENSTA/ROB314/test_ws/install/zed_ros2/share/zed_ros2/hook/cmake_prefix_path.ps1'
[48.514s] INFO:colcon.colcon_core.shell:Creating environment descriptor '/home/shi/ENSTA/ROB314/test_ws/install/zed_ros2/share/zed_ros2/hook/cmake_prefix_path.dsv'
[48.514s] INFO:colcon.colcon_core.shell:Creating environment hook '/home/shi/ENSTA/ROB314/test_ws/install/zed_ros2/share/zed_ros2/hook/cmake_prefix_path.sh'
[48.515s] Level 1:colcon.colcon_core.environment:checking '/home/shi/ENSTA/ROB314/test_ws/install/zed_ros2/bin'
[48.515s] Level 1:colcon.colcon_core.environment:checking '/home/shi/ENSTA/ROB314/test_ws/install/zed_ros2/lib/pkgconfig/zed_ros2.pc'
[48.515s] Level 1:colcon.colcon_core.environment:checking '/home/shi/ENSTA/ROB314/test_ws/install/zed_ros2/lib/python3.10/site-packages'
[48.515s] Level 1:colcon.colcon_core.environment:checking '/home/shi/ENSTA/ROB314/test_ws/install/zed_ros2/bin'
[48.522s] INFO:colcon.colcon_core.shell:Creating package script '/home/shi/ENSTA/ROB314/test_ws/install/zed_ros2/share/zed_ros2/package.ps1'
[48.522s] INFO:colcon.colcon_core.shell:Creating package descriptor '/home/shi/ENSTA/ROB314/test_ws/install/zed_ros2/share/zed_ros2/package.dsv'
[48.522s] INFO:colcon.colcon_core.shell:Creating package script '/home/shi/ENSTA/ROB314/test_ws/install/zed_ros2/share/zed_ros2/package.sh'
[48.522s] INFO:colcon.colcon_core.shell:Creating package script '/home/shi/ENSTA/ROB314/test_ws/install/zed_ros2/share/zed_ros2/package.bash'
[48.523s] INFO:colcon.colcon_core.shell:Creating package script '/home/shi/ENSTA/ROB314/test_ws/install/zed_ros2/share/zed_ros2/package.zsh'
[48.523s] Level 1:colcon.colcon_core.environment:create_file_with_runtime_dependencies(/home/shi/ENSTA/ROB314/test_ws/install/zed_ros2/share/colcon-core/packages/zed_ros2)
[48.523s] DEBUG:colcon.colcon_parallel_executor.executor.parallel:closing loop
[48.523s] DEBUG:colcon.colcon_parallel_executor.executor.parallel:loop closed
[48.523s] DEBUG:colcon.colcon_parallel_executor.executor.parallel:run_until_complete finished with '0'
[48.523s] DEBUG:colcon.colcon_core.event_reactor:joining thread
[48.534s] INFO:colcon.colcon_core.plugin_system:Skipping extension 'colcon_notification.desktop_notification.terminal_notifier': Not used on non-Darwin systems
[48.534s] INFO:colcon.colcon_core.plugin_system:Skipping extension 'colcon_notification.desktop_notification.win32': Not used on non-Windows systems
[48.534s] INFO:colcon.colcon_notification.desktop_notification:Sending desktop notification using 'notify2'
[48.543s] DEBUG:colcon.colcon_core.event_reactor:joined thread
[48.554s] INFO:colcon.colcon_core.shell:Creating prefix script '/home/shi/ENSTA/ROB314/test_ws/install/local_setup.ps1'
[48.555s] INFO:colcon.colcon_core.shell:Creating prefix util module '/home/shi/ENSTA/ROB314/test_ws/install/_local_setup_util_ps1.py'
[48.556s] INFO:colcon.colcon_core.shell:Creating prefix chain script '/home/shi/ENSTA/ROB314/test_ws/install/setup.ps1'
[48.563s] INFO:colcon.colcon_core.shell:Creating prefix script '/home/shi/ENSTA/ROB314/test_ws/install/local_setup.sh'
[48.563s] INFO:colcon.colcon_core.shell:Creating prefix util module '/home/shi/ENSTA/ROB314/test_ws/install/_local_setup_util_sh.py'
[48.564s] INFO:colcon.colcon_core.shell:Creating prefix chain script '/home/shi/ENSTA/ROB314/test_ws/install/setup.sh'
[48.571s] INFO:colcon.colcon_core.shell:Creating prefix script '/home/shi/ENSTA/ROB314/test_ws/install/local_setup.bash'
[48.571s] INFO:colcon.colcon_core.shell:Creating prefix chain script '/home/shi/ENSTA/ROB314/test_ws/install/setup.bash'
[48.579s] INFO:colcon.colcon_core.shell:Creating prefix script '/home/shi/ENSTA/ROB314/test_ws/install/local_setup.zsh'
[48.579s] INFO:colcon.colcon_core.shell:Creating prefix chain script '/home/shi/ENSTA/ROB314/test_ws/install/setup.zsh'
