[0.026s] Invoking command in '/home/shi/ENSTA/ROB314/test_ws/build/zed_components': AMENT_PREFIX_PATH=/home/shi/ENSTA/ROB314/test_ws/install/zed_interfaces:${AMENT_PREFIX_PATH} CMAKE_PREFIX_PATH=/home/shi/ENSTA/ROB314/test_ws/install/zed_interfaces:/opt/ros/humble LD_LIBRARY_PATH=/home/shi/ENSTA/ROB314/test_ws/install/zed_interfaces/lib:${LD_LIBRARY_PATH} PYTHONPATH=/home/shi/ENSTA/ROB314/test_ws/install/zed_interfaces/local/lib/python3.10/dist-packages:${PYTHONPATH} /usr/bin/cmake /home/shi/ENSTA/ROB314/test_ws/src/zed-ros2-wrapper/zed_components -DCMAKE_BUILD_TYPE=Release -DAMENT_CMAKE_SYMLINK_INSTALL=1 -DCMAKE_INSTALL_PREFIX=/home/shi/ENSTA/ROB314/test_ws/install/zed_components
[0.058s] -- Found CUDA: /usr/local/cuda (found suitable version "12.3", minimum required is "12") 
[0.087s] -- Found CUDA: /usr/local/cuda (found version "12.3") 
[0.088s] -- Found ament_cmake_auto: 1.3.8 (/opt/ros/humble/share/ament_cmake_auto/cmake)
[0.163s] -- Override CMake install command with custom implementation using symlinks instead of copying resources
[0.219s] -- Found rosidl_generator_c: 3.1.5 (/opt/ros/humble/share/rosidl_generator_c/cmake)
[0.220s] -- Found rosidl_adapter: 3.1.5 (/opt/ros/humble/share/rosidl_adapter/cmake)
[0.224s] -- Found rosidl_generator_cpp: 3.1.5 (/opt/ros/humble/share/rosidl_generator_cpp/cmake)
[0.231s] -- Using all available rosidl_typesupport_c: rosidl_typesupport_fastrtps_c;rosidl_typesupport_introspection_c
[0.241s] -- Using all available rosidl_typesupport_cpp: rosidl_typesupport_fastrtps_cpp;rosidl_typesupport_introspection_cpp
[0.427s] -- Found rmw_implementation_cmake: 6.1.1 (/opt/ros/humble/share/rmw_implementation_cmake/cmake)
[0.428s] -- Found rmw_fastrtps_cpp: 6.2.6 (/opt/ros/humble/share/rmw_fastrtps_cpp/cmake)
[0.503s] -- Using RMW implementation 'rmw_fastrtps_cpp' as default
[1.103s] -- Found eigen3_cmake_module: 0.1.1 (/opt/ros/humble/share/eigen3_cmake_module/cmake)
[1.104s] -- Ensuring Eigen3 include directory is part of orocos-kdl CMake target
[1.365s] -- Found ament_lint_auto: 0.12.10 (/opt/ros/humble/share/ament_lint_auto/cmake)
[1.381s] -- Added test 'copyright' to check source files copyright and LICENSE
[1.381s] -- Added test 'cppcheck' to perform static code analysis on C / C++ code
[1.382s] -- Configured cppcheck include dirs: /home/shi/ENSTA/ROB314/test_ws/src/zed-ros2-wrapper/zed_components/src/include;/home/shi/ENSTA/ROB314/test_ws/src/zed-ros2-wrapper/zed_components/src/zed_camera/include;/home/shi/ENSTA/ROB314/test_ws/src/zed-ros2-wrapper/zed_components/src/tools/include
[1.382s] -- Configured cppcheck exclude dirs and/or files: 
[1.382s] -- Added test 'lint_cmake' to check CMake code style
[1.383s] -- Added test 'uncrustify' to check C / C++ code style
[1.383s] -- Configured uncrustify additional arguments: 
[1.383s] -- Added test 'xmllint' to check XML markup files
[1.386s] -- Configuring done
[1.400s] -- Generating done
[1.402s] -- Build files have been written to: /home/shi/ENSTA/ROB314/test_ws/build/zed_components
[1.407s] Invoked command in '/home/shi/ENSTA/ROB314/test_ws/build/zed_components' returned '0': AMENT_PREFIX_PATH=/home/shi/ENSTA/ROB314/test_ws/install/zed_interfaces:${AMENT_PREFIX_PATH} CMAKE_PREFIX_PATH=/home/shi/ENSTA/ROB314/test_ws/install/zed_interfaces:/opt/ros/humble LD_LIBRARY_PATH=/home/shi/ENSTA/ROB314/test_ws/install/zed_interfaces/lib:${LD_LIBRARY_PATH} PYTHONPATH=/home/shi/ENSTA/ROB314/test_ws/install/zed_interfaces/local/lib/python3.10/dist-packages:${PYTHONPATH} /usr/bin/cmake /home/shi/ENSTA/ROB314/test_ws/src/zed-ros2-wrapper/zed_components -DCMAKE_BUILD_TYPE=Release -DAMENT_CMAKE_SYMLINK_INSTALL=1 -DCMAKE_INSTALL_PREFIX=/home/shi/ENSTA/ROB314/test_ws/install/zed_components
[1.408s] Invoking command in '/home/shi/ENSTA/ROB314/test_ws/build/zed_components': AMENT_PREFIX_PATH=/home/shi/ENSTA/ROB314/test_ws/install/zed_interfaces:${AMENT_PREFIX_PATH} CMAKE_PREFIX_PATH=/home/shi/ENSTA/ROB314/test_ws/install/zed_interfaces:/opt/ros/humble LD_LIBRARY_PATH=/home/shi/ENSTA/ROB314/test_ws/install/zed_interfaces/lib:${LD_LIBRARY_PATH} PYTHONPATH=/home/shi/ENSTA/ROB314/test_ws/install/zed_interfaces/local/lib/python3.10/dist-packages:${PYTHONPATH} /usr/bin/cmake --build /home/shi/ENSTA/ROB314/test_ws/build/zed_components -- -j20 -l20
[1.451s] [ 25%] [32mBuilding CXX object CMakeFiles/zed_camera_component.dir/src/tools/src/sl_tools.cpp.o[0m
[1.452s] [ 50%] [32mBuilding CXX object CMakeFiles/zed_camera_component.dir/src/tools/src/sl_win_avg.cpp.o[0m
[1.452s] [ 75%] [32mBuilding CXX object CMakeFiles/zed_camera_component.dir/src/zed_camera/src/zed_camera_component.cpp.o[0m
[2.169s] In file included from [01m[K/home/shi/ENSTA/ROB314/test_ws/src/zed-ros2-wrapper/zed_components/src/zed_camera/include/zed_camera_component.hpp:19[m[K,
[2.169s]                  from [01m[K/home/shi/ENSTA/ROB314/test_ws/src/zed-ros2-wrapper/zed_components/src/zed_camera/src/zed_camera_component.cpp:22[m[K:
[2.169s] [01m[K/usr/local/zed/include/sl/Fusion.hpp:68:64:[m[K [01;36m[Knote: [m[K‘[01m[K#pragma message: ~ FUSION SDK is distributed in Early Access ~[m[K’
[2.169s]    68 | #pragma message("~ FUSION SDK is distributed in Early Access ~"[01;36m[K)[m[K
[2.169s]       |                                                                [01;36m[K^[m[K
[39.259s] [100%] [32m[1mLinking CXX shared library libzed_camera_component.so[0m
[39.647s] [100%] Built target zed_camera_component
[39.659s] Invoked command in '/home/shi/ENSTA/ROB314/test_ws/build/zed_components' returned '0': AMENT_PREFIX_PATH=/home/shi/ENSTA/ROB314/test_ws/install/zed_interfaces:${AMENT_PREFIX_PATH} CMAKE_PREFIX_PATH=/home/shi/ENSTA/ROB314/test_ws/install/zed_interfaces:/opt/ros/humble LD_LIBRARY_PATH=/home/shi/ENSTA/ROB314/test_ws/install/zed_interfaces/lib:${LD_LIBRARY_PATH} PYTHONPATH=/home/shi/ENSTA/ROB314/test_ws/install/zed_interfaces/local/lib/python3.10/dist-packages:${PYTHONPATH} /usr/bin/cmake --build /home/shi/ENSTA/ROB314/test_ws/build/zed_components -- -j20 -l20
[39.692s] Invoking command in '/home/shi/ENSTA/ROB314/test_ws/build/zed_components': AMENT_PREFIX_PATH=/home/shi/ENSTA/ROB314/test_ws/install/zed_interfaces:${AMENT_PREFIX_PATH} CMAKE_PREFIX_PATH=/home/shi/ENSTA/ROB314/test_ws/install/zed_interfaces:/opt/ros/humble LD_LIBRARY_PATH=/home/shi/ENSTA/ROB314/test_ws/install/zed_interfaces/lib:${LD_LIBRARY_PATH} PYTHONPATH=/home/shi/ENSTA/ROB314/test_ws/install/zed_interfaces/local/lib/python3.10/dist-packages:${PYTHONPATH} /usr/bin/cmake --install /home/shi/ENSTA/ROB314/test_ws/build/zed_components
[39.699s] -- Install configuration: "Release"
[39.700s] -- Execute custom install script
[39.700s] -- Symlinking: /home/shi/ENSTA/ROB314/test_ws/install/zed_components/lib/libzed_camera_component.so
[39.709s] -- Symlinking: /home/shi/ENSTA/ROB314/test_ws/install/zed_components/include/zed_components//cost_traversability.hpp
[39.717s] -- Symlinking: /home/shi/ENSTA/ROB314/test_ws/install/zed_components/include/zed_components//sl_types.hpp
[39.726s] -- Symlinking: /home/shi/ENSTA/ROB314/test_ws/install/zed_components/include/zed_components//zed_camera_component.hpp
[39.734s] -- Symlinking: /home/shi/ENSTA/ROB314/test_ws/install/zed_components/include/zed_components//sl_logging.hpp
[39.741s] -- Symlinking: /home/shi/ENSTA/ROB314/test_ws/install/zed_components/include/zed_components//sl_tools.hpp
[39.750s] -- Symlinking: /home/shi/ENSTA/ROB314/test_ws/install/zed_components/include/zed_components//sl_win_avg.hpp
[39.756s] -- Symlinking: /home/shi/ENSTA/ROB314/test_ws/install/zed_components/include/zed_components//visibility_control.hpp
[39.761s] -- Symlinking: /home/shi/ENSTA/ROB314/test_ws/install/zed_components/share/zed_components/environment/library_path.sh
[39.766s] -- Symlinking: /home/shi/ENSTA/ROB314/test_ws/install/zed_components/share/zed_components/environment/library_path.dsv
[39.771s] -- Symlinking: /home/shi/ENSTA/ROB314/test_ws/install/zed_components/share/ament_index/resource_index/package_run_dependencies/zed_components
[39.777s] -- Symlinking: /home/shi/ENSTA/ROB314/test_ws/install/zed_components/share/ament_index/resource_index/parent_prefix_path/zed_components
[39.782s] -- Symlinking: /home/shi/ENSTA/ROB314/test_ws/install/zed_components/share/zed_components/environment/ament_prefix_path.sh
[39.787s] -- Symlinking: /home/shi/ENSTA/ROB314/test_ws/install/zed_components/share/zed_components/environment/ament_prefix_path.dsv
[39.792s] -- Symlinking: /home/shi/ENSTA/ROB314/test_ws/install/zed_components/share/zed_components/environment/path.sh
[39.797s] -- Symlinking: /home/shi/ENSTA/ROB314/test_ws/install/zed_components/share/zed_components/environment/path.dsv
[39.802s] -- Symlinking: /home/shi/ENSTA/ROB314/test_ws/install/zed_components/share/zed_components/local_setup.bash
[39.809s] -- Symlinking: /home/shi/ENSTA/ROB314/test_ws/install/zed_components/share/zed_components/local_setup.sh
[39.817s] -- Symlinking: /home/shi/ENSTA/ROB314/test_ws/install/zed_components/share/zed_components/local_setup.zsh
[39.825s] -- Symlinking: /home/shi/ENSTA/ROB314/test_ws/install/zed_components/share/zed_components/local_setup.dsv
[39.834s] -- Symlinking: /home/shi/ENSTA/ROB314/test_ws/install/zed_components/share/zed_components/package.dsv
[39.842s] -- Symlinking: /home/shi/ENSTA/ROB314/test_ws/install/zed_components/share/ament_index/resource_index/packages/zed_components
[39.851s] -- Symlinking: /home/shi/ENSTA/ROB314/test_ws/install/zed_components/share/ament_index/resource_index/rclcpp_components/zed_components
[39.859s] -- Symlinking: /home/shi/ENSTA/ROB314/test_ws/install/zed_components/share/zed_components/cmake/ament_cmake_export_include_directories-extras.cmake
[39.867s] -- Symlinking: /home/shi/ENSTA/ROB314/test_ws/install/zed_components/share/zed_components/cmake/ament_cmake_export_libraries-extras.cmake
[39.875s] -- Symlinking: /home/shi/ENSTA/ROB314/test_ws/install/zed_components/share/zed_components/cmake/ament_cmake_export_dependencies-extras.cmake
[39.884s] -- Symlinking: /home/shi/ENSTA/ROB314/test_ws/install/zed_components/share/zed_components/cmake/zed_componentsConfig.cmake
[39.891s] -- Symlinking: /home/shi/ENSTA/ROB314/test_ws/install/zed_components/share/zed_components/cmake/zed_componentsConfig-version.cmake
[39.899s] -- Symlinking: /home/shi/ENSTA/ROB314/test_ws/install/zed_components/share/zed_components/package.xml
[39.909s] Invoked command in '/home/shi/ENSTA/ROB314/test_ws/build/zed_components' returned '0': AMENT_PREFIX_PATH=/home/shi/ENSTA/ROB314/test_ws/install/zed_interfaces:${AMENT_PREFIX_PATH} CMAKE_PREFIX_PATH=/home/shi/ENSTA/ROB314/test_ws/install/zed_interfaces:/opt/ros/humble LD_LIBRARY_PATH=/home/shi/ENSTA/ROB314/test_ws/install/zed_interfaces/lib:${LD_LIBRARY_PATH} PYTHONPATH=/home/shi/ENSTA/ROB314/test_ws/install/zed_interfaces/local/lib/python3.10/dist-packages:${PYTHONPATH} /usr/bin/cmake --install /home/shi/ENSTA/ROB314/test_ws/build/zed_components
