[0.030s] Invoking command in '/home/shi/ENSTA/ROB314/test_ws/build/pc_sub': CMAKE_PREFIX_PATH=${CMAKE_PREFIX_PATH}:/opt/ros/humble CONDA_PROMPT_MODIFIER=(stereo_thermal) /usr/bin/cmake --build /home/shi/ENSTA/ROB314/test_ws/build/pc_sub -- -j20 -l20
[0.050s] -- Found ament_cmake: 1.3.8 (/opt/ros/humble/share/ament_cmake/cmake)
[0.147s] -- Found rclcpp: 16.0.8 (/opt/ros/humble/share/rclcpp/cmake)
[0.179s] -- Found rosidl_generator_c: 3.1.5 (/opt/ros/humble/share/rosidl_generator_c/cmake)
[0.181s] -- Found rosidl_adapter: 3.1.5 (/opt/ros/humble/share/rosidl_adapter/cmake)
[0.186s] -- Found rosidl_generator_cpp: 3.1.5 (/opt/ros/humble/share/rosidl_generator_cpp/cmake)
[0.195s] -- Using all available rosidl_typesupport_c: rosidl_typesupport_fastrtps_c;rosidl_typesupport_introspection_c
[0.208s] -- Using all available rosidl_typesupport_cpp: rosidl_typesupport_fastrtps_cpp;rosidl_typesupport_introspection_cpp
[0.253s] -- Found rmw_implementation_cmake: 6.1.1 (/opt/ros/humble/share/rmw_implementation_cmake/cmake)
[0.255s] -- Found rmw_fastrtps_cpp: 6.2.6 (/opt/ros/humble/share/rmw_fastrtps_cpp/cmake)
[0.337s] -- Using RMW implementation 'rmw_fastrtps_cpp' as default
[0.450s] -- Found sensor_msgs: 4.2.3 (/opt/ros/humble/share/sensor_msgs/cmake)
[0.543s] -- Configuring incomplete, errors occurred!
[0.543s] See also "/home/shi/ENSTA/ROB314/test_ws/build/pc_sub/CMakeFiles/CMakeOutput.log".
[0.543s] [31mCMake Error at CMakeLists.txt:12 (find_package):
[0.543s]   By not providing "FindPCL.cmake" in CMAKE_MODULE_PATH this project has
[0.543s]   asked CMake to find a package configuration file provided by "PCL", but
[0.543s]   CMake did not find one.
[0.543s] 
[0.543s]   Could not find a package configuration file provided by "PCL" with any of
[0.543s]   the following names:
[0.543s] 
[0.543s]     PCLConfig.cmake
[0.543s]     pcl-config.cmake
[0.543s] 
[0.543s]   Add the installation prefix of "PCL" to CMAKE_PREFIX_PATH or set "PCL_DIR"
[0.543s]   to a directory containing one of the above files.  If "PCL" provides a
[0.543s]   separate development package or SDK, be sure it has been installed.
[0.543s] 
[0.543s] [0m
[0.547s] gmake: *** [Makefile:267: cmake_check_build_system] Error 1
[0.548s] Invoked command in '/home/shi/ENSTA/ROB314/test_ws/build/pc_sub' returned '2': CMAKE_PREFIX_PATH=${CMAKE_PREFIX_PATH}:/opt/ros/humble CONDA_PROMPT_MODIFIER=(stereo_thermal) /usr/bin/cmake --build /home/shi/ENSTA/ROB314/test_ws/build/pc_sub -- -j20 -l20
