[0.028s] Invoking command in '/home/shi/ENSTA/ROB314/test_ws/build/zed_interfaces': CMAKE_PREFIX_PATH=/opt/ros/humble /usr/bin/cmake /home/shi/ENSTA/ROB314/test_ws/src/zed-ros2-wrapper/zed-ros2-interfaces -DCMAKE_BUILD_TYPE=Release -DAMENT_CMAKE_SYMLINK_INSTALL=1 -DCMAKE_INSTALL_PREFIX=/home/shi/ENSTA/ROB314/test_ws/install/zed_interfaces
[0.046s] -- Found ament_cmake_auto: 1.3.8 (/opt/ros/humble/share/ament_cmake_auto/cmake)
[0.163s] -- Found Python3: /usr/bin/python3 (found version "3.10.12") found components: Interpreter 
[0.205s] -- Override CMake install command with custom implementation using symlinks instead of copying resources
[0.304s] -- Found rosidl_generator_c: 3.1.5 (/opt/ros/humble/share/rosidl_generator_c/cmake)
[0.308s] -- Found rosidl_adapter: 3.1.5 (/opt/ros/humble/share/rosidl_adapter/cmake)
[0.314s] -- Found rosidl_generator_cpp: 3.1.5 (/opt/ros/humble/share/rosidl_generator_cpp/cmake)
[0.326s] -- Using all available rosidl_typesupport_c: rosidl_typesupport_fastrtps_c;rosidl_typesupport_introspection_c
[0.341s] -- Using all available rosidl_typesupport_cpp: rosidl_typesupport_fastrtps_cpp;rosidl_typesupport_introspection_cpp
[0.453s] -- Found ament_lint_auto: 0.12.10 (/opt/ros/humble/share/ament_lint_auto/cmake)
[0.661s] -- Found ament_cmake_ros: 0.10.0 (/opt/ros/humble/share/ament_cmake_ros/cmake)
[0.935s] -- Using all available rosidl_typesupport_c: rosidl_typesupport_fastrtps_c;rosidl_typesupport_introspection_c
[1.061s] -- Using all available rosidl_typesupport_cpp: rosidl_typesupport_fastrtps_cpp;rosidl_typesupport_introspection_cpp
[1.076s] -- Found PythonInterp: /usr/bin/python3 (found suitable version "3.10.12", minimum required is "3.6") 
[1.077s] -- Found python_cmake_module: 0.10.0 (/opt/ros/humble/share/python_cmake_module/cmake)
[1.096s] -- Found PythonLibs: /usr/lib/x86_64-linux-gnu/libpython3.10.so (found suitable version "3.10.12", minimum required is "3.5") 
[1.096s] -- Using PYTHON_EXECUTABLE: /usr/bin/python3
[1.096s] -- Using PYTHON_INCLUDE_DIRS: /usr/include/python3.10
[1.096s] -- Using PYTHON_LIBRARIES: /usr/lib/x86_64-linux-gnu/libpython3.10.so
[1.109s] -- Found PythonExtra: .so  
[1.160s] -- Added test 'copyright' to check source files copyright and LICENSE
[1.161s] -- Added test 'lint_cmake' to check CMake code style
[1.163s] -- Added test 'xmllint' to check XML markup files
[1.167s] -- Configuring done
[1.205s] -- Generating done
[1.207s] -- Build files have been written to: /home/shi/ENSTA/ROB314/test_ws/build/zed_interfaces
[1.212s] Invoked command in '/home/shi/ENSTA/ROB314/test_ws/build/zed_interfaces' returned '0': CMAKE_PREFIX_PATH=/opt/ros/humble /usr/bin/cmake /home/shi/ENSTA/ROB314/test_ws/src/zed-ros2-wrapper/zed-ros2-interfaces -DCMAKE_BUILD_TYPE=Release -DAMENT_CMAKE_SYMLINK_INSTALL=1 -DCMAKE_INSTALL_PREFIX=/home/shi/ENSTA/ROB314/test_ws/install/zed_interfaces
[1.213s] Invoking command in '/home/shi/ENSTA/ROB314/test_ws/build/zed_interfaces': CMAKE_PREFIX_PATH=/opt/ros/humble /usr/bin/cmake --build /home/shi/ENSTA/ROB314/test_ws/build/zed_interfaces -- -j20 -l20
[1.243s] [  0%] [34m[1mGenerating C code for ROS interfaces[0m
[1.249s] [  0%] [34m[1mGenerating C++ code for ROS interfaces[0m
[1.253s] [  0%] Built target ament_cmake_python_symlink_zed_interfaces
[1.389s] running egg_info
[1.389s] creating zed_interfaces.egg-info
[1.389s] writing zed_interfaces.egg-info/PKG-INFO
[1.389s] writing dependency_links to zed_interfaces.egg-info/dependency_links.txt
[1.389s] writing top-level names to zed_interfaces.egg-info/top_level.txt
[1.389s] writing manifest file 'zed_interfaces.egg-info/SOURCES.txt'
[1.391s] reading manifest file 'zed_interfaces.egg-info/SOURCES.txt'
[1.392s] writing manifest file 'zed_interfaces.egg-info/SOURCES.txt'
[1.408s] [  0%] Built target ament_cmake_python_build_zed_interfaces_egg
[2.251s] [  0%] Built target zed_interfaces__cpp
[2.257s] [  2%] [34m[1mGenerating C++ type support dispatch for ROS interfaces[0m
[2.258s] [  2%] [34m[1mGenerating C++ introspection for ROS interfaces[0m
[2.258s] [  2%] [34m[1mGenerating C++ type support for eProsima Fast-RTPS[0m
[2.315s] [  3%] [32mBuilding C object CMakeFiles/zed_interfaces__rosidl_generator_c.dir/rosidl_generator_c/zed_interfaces/msg/detail/object__functions.c.o[0m
[2.316s] [  4%] [32mBuilding C object CMakeFiles/zed_interfaces__rosidl_generator_c.dir/rosidl_generator_c/zed_interfaces/msg/detail/objects_stamped__functions.c.o[0m
[2.317s] [  5%] [32mBuilding C object CMakeFiles/zed_interfaces__rosidl_generator_c.dir/rosidl_generator_c/zed_interfaces/msg/detail/keypoint3_d__functions.c.o[0m
[2.318s] [  6%] [32mBuilding C object CMakeFiles/zed_interfaces__rosidl_generator_c.dir/rosidl_generator_c/zed_interfaces/msg/detail/keypoint2_di__functions.c.o[0m
[2.318s] [  6%] [32mBuilding C object CMakeFiles/zed_interfaces__rosidl_generator_c.dir/rosidl_generator_c/zed_interfaces/msg/detail/keypoint2_df__functions.c.o[0m
[2.319s] [  7%] [32mBuilding C object CMakeFiles/zed_interfaces__rosidl_generator_c.dir/rosidl_generator_c/zed_interfaces/msg/detail/bounding_box2_di__functions.c.o[0m
[2.319s] [  7%] [32mBuilding C object CMakeFiles/zed_interfaces__rosidl_generator_c.dir/rosidl_generator_c/zed_interfaces/msg/detail/bounding_box2_df__functions.c.o[0m
[2.319s] [  8%] [32mBuilding C object CMakeFiles/zed_interfaces__rosidl_generator_c.dir/rosidl_generator_c/zed_interfaces/msg/detail/skeleton3_d__functions.c.o[0m
[2.319s] [ 10%] [32mBuilding C object CMakeFiles/zed_interfaces__rosidl_generator_c.dir/rosidl_generator_c/zed_interfaces/msg/detail/depth_info_stamped__functions.c.o[0m
[2.319s] [ 10%] [32mBuilding C object CMakeFiles/zed_interfaces__rosidl_generator_c.dir/rosidl_generator_c/zed_interfaces/msg/detail/plane_stamped__functions.c.o[0m
[2.319s] [ 10%] [32mBuilding C object CMakeFiles/zed_interfaces__rosidl_generator_c.dir/rosidl_generator_c/zed_interfaces/msg/detail/skeleton2_d__functions.c.o[0m
[2.319s] [ 11%] [32mBuilding C object CMakeFiles/zed_interfaces__rosidl_generator_c.dir/rosidl_generator_c/zed_interfaces/srv/detail/set_pose__functions.c.o[0m
[2.319s] [ 11%] [32mBuilding C object CMakeFiles/zed_interfaces__rosidl_generator_c.dir/rosidl_generator_c/zed_interfaces/msg/detail/bounding_box3_d__functions.c.o[0m
[2.320s] [ 12%] [32mBuilding C object CMakeFiles/zed_interfaces__rosidl_generator_c.dir/rosidl_generator_c/zed_interfaces/msg/detail/pos_track_status__functions.c.o[0m
[2.320s] [ 13%] [32mBuilding C object CMakeFiles/zed_interfaces__rosidl_generator_c.dir/rosidl_generator_c/zed_interfaces/srv/detail/set_roi__functions.c.o[0m
[2.321s] [ 13%] [32mBuilding C object CMakeFiles/zed_interfaces__rosidl_generator_c.dir/rosidl_generator_c/zed_interfaces/srv/detail/start_svo_rec__functions.c.o[0m
[2.327s] [ 13%] [32mBuilding C object CMakeFiles/zed_interfaces__rosidl_generator_c.dir/rosidl_generator_c/zed_interfaces/msg/detail/heartbeat__functions.c.o[0m
[2.532s] [ 14%] [32m[1mLinking C shared library libzed_interfaces__rosidl_generator_c.so[0m
[2.562s] [ 14%] Built target zed_interfaces__rosidl_generator_c
[2.568s] [ 15%] [34m[1mGenerating C type support for eProsima Fast-RTPS[0m
[2.568s] [ 16%] [34m[1mGenerating C introspection for ROS interfaces[0m
[2.569s] [ 17%] [34m[1mGenerating C type support dispatch for ROS interfaces[0m
[3.296s] [ 18%] [32mBuilding CXX object CMakeFiles/zed_interfaces__rosidl_typesupport_cpp.dir/rosidl_typesupport_cpp/zed_interfaces/msg/keypoint2_di__type_support.cpp.o[0m
[3.297s] [ 18%] [32mBuilding CXX object CMakeFiles/zed_interfaces__rosidl_typesupport_cpp.dir/rosidl_typesupport_cpp/zed_interfaces/msg/object__type_support.cpp.o[0m
[3.298s] [ 20%] [32mBuilding CXX object CMakeFiles/zed_interfaces__rosidl_typesupport_cpp.dir/rosidl_typesupport_cpp/zed_interfaces/msg/objects_stamped__type_support.cpp.o[0m
[3.298s] [ 20%] [32mBuilding CXX object CMakeFiles/zed_interfaces__rosidl_typesupport_cpp.dir/rosidl_typesupport_cpp/zed_interfaces/msg/bounding_box2_di__type_support.cpp.o[0m
[3.298s] [ 20%] [32mBuilding CXX object CMakeFiles/zed_interfaces__rosidl_typesupport_cpp.dir/rosidl_typesupport_cpp/zed_interfaces/msg/keypoint2_df__type_support.cpp.o[0m
[3.299s] [ 22%] [32mBuilding CXX object CMakeFiles/zed_interfaces__rosidl_typesupport_cpp.dir/rosidl_typesupport_cpp/zed_interfaces/msg/keypoint3_d__type_support.cpp.o[0m
[3.299s] [ 22%] [32mBuilding CXX object CMakeFiles/zed_interfaces__rosidl_typesupport_cpp.dir/rosidl_typesupport_cpp/zed_interfaces/msg/skeleton2_d__type_support.cpp.o[0m
[3.299s] [ 23%] [32mBuilding CXX object CMakeFiles/zed_interfaces__rosidl_typesupport_cpp.dir/rosidl_typesupport_cpp/zed_interfaces/msg/bounding_box3_d__type_support.cpp.o[0m
[3.299s] [ 23%] [32mBuilding CXX object CMakeFiles/zed_interfaces__rosidl_typesupport_cpp.dir/rosidl_typesupport_cpp/zed_interfaces/msg/skeleton3_d__type_support.cpp.o[0m
[3.299s] [ 23%] [32mBuilding CXX object CMakeFiles/zed_interfaces__rosidl_typesupport_cpp.dir/rosidl_typesupport_cpp/zed_interfaces/msg/bounding_box2_df__type_support.cpp.o[0m
[3.300s] [ 24%] [32mBuilding CXX object CMakeFiles/zed_interfaces__rosidl_typesupport_cpp.dir/rosidl_typesupport_cpp/zed_interfaces/msg/depth_info_stamped__type_support.cpp.o[0m
[3.300s] [ 24%] [32mBuilding CXX object CMakeFiles/zed_interfaces__rosidl_typesupport_cpp.dir/rosidl_typesupport_cpp/zed_interfaces/srv/set_pose__type_support.cpp.o[0m
[3.301s] [ 24%] [32mBuilding CXX object CMakeFiles/zed_interfaces__rosidl_typesupport_cpp.dir/rosidl_typesupport_cpp/zed_interfaces/msg/plane_stamped__type_support.cpp.o[0m
[3.301s] [ 25%] [32mBuilding CXX object CMakeFiles/zed_interfaces__rosidl_typesupport_cpp.dir/rosidl_typesupport_cpp/zed_interfaces/msg/pos_track_status__type_support.cpp.o[0m
[3.309s] [ 26%] [32mBuilding CXX object CMakeFiles/zed_interfaces__rosidl_typesupport_cpp.dir/rosidl_typesupport_cpp/zed_interfaces/msg/heartbeat__type_support.cpp.o[0m
[3.699s] [ 27%] [32mBuilding CXX object CMakeFiles/zed_interfaces__rosidl_typesupport_cpp.dir/rosidl_typesupport_cpp/zed_interfaces/srv/start_svo_rec__type_support.cpp.o[0m
[3.699s] [ 28%] [32mBuilding CXX object CMakeFiles/zed_interfaces__rosidl_typesupport_cpp.dir/rosidl_typesupport_cpp/zed_interfaces/srv/set_roi__type_support.cpp.o[0m
[3.734s] [ 29%] [32mBuilding CXX object CMakeFiles/zed_interfaces__rosidl_typesupport_introspection_cpp.dir/rosidl_typesupport_introspection_cpp/zed_interfaces/msg/detail/object__type_support.cpp.o[0m
[3.746s] [ 30%] [32mBuilding CXX object CMakeFiles/zed_interfaces__rosidl_typesupport_introspection_cpp.dir/rosidl_typesupport_introspection_cpp/zed_interfaces/msg/detail/keypoint2_df__type_support.cpp.o[0m
[3.747s] [ 31%] [32mBuilding CXX object CMakeFiles/zed_interfaces__rosidl_typesupport_introspection_cpp.dir/rosidl_typesupport_introspection_cpp/zed_interfaces/msg/detail/keypoint2_di__type_support.cpp.o[0m
[3.749s] [ 31%] [32mBuilding CXX object CMakeFiles/zed_interfaces__rosidl_typesupport_introspection_cpp.dir/rosidl_typesupport_introspection_cpp/zed_interfaces/msg/detail/objects_stamped__type_support.cpp.o[0m
[3.754s] [ 31%] [32mBuilding CXX object CMakeFiles/zed_interfaces__rosidl_typesupport_introspection_cpp.dir/rosidl_typesupport_introspection_cpp/zed_interfaces/msg/detail/keypoint3_d__type_support.cpp.o[0m
[3.801s] [ 32%] [32mBuilding CXX object CMakeFiles/zed_interfaces__rosidl_typesupport_c.dir/rosidl_typesupport_c/zed_interfaces/msg/objects_stamped__type_support.cpp.o[0m
[3.813s] [ 32%] [32mBuilding CXX object CMakeFiles/zed_interfaces__rosidl_typesupport_c.dir/rosidl_typesupport_c/zed_interfaces/msg/object__type_support.cpp.o[0m
[3.845s] [ 33%] [32mBuilding CXX object CMakeFiles/zed_interfaces__rosidl_typesupport_c.dir/rosidl_typesupport_c/zed_interfaces/msg/keypoint2_di__type_support.cpp.o[0m
[3.866s] [ 34%] [32mBuilding CXX object CMakeFiles/zed_interfaces__rosidl_typesupport_introspection_cpp.dir/rosidl_typesupport_introspection_cpp/zed_interfaces/msg/detail/bounding_box2_di__type_support.cpp.o[0m
[3.879s] [ 35%] [32mBuilding CXX object CMakeFiles/zed_interfaces__rosidl_typesupport_introspection_cpp.dir/rosidl_typesupport_introspection_cpp/zed_interfaces/msg/detail/bounding_box2_df__type_support.cpp.o[0m
[3.883s] [ 35%] [32mBuilding CXX object CMakeFiles/zed_interfaces__rosidl_typesupport_c.dir/rosidl_typesupport_c/zed_interfaces/msg/keypoint2_df__type_support.cpp.o[0m
[3.928s] [ 36%] [32mBuilding CXX object CMakeFiles/zed_interfaces__rosidl_typesupport_c.dir/rosidl_typesupport_c/zed_interfaces/msg/keypoint3_d__type_support.cpp.o[0m
[3.968s] [ 36%] [32mBuilding CXX object CMakeFiles/zed_interfaces__rosidl_typesupport_c.dir/rosidl_typesupport_c/zed_interfaces/msg/bounding_box2_di__type_support.cpp.o[0m
[3.971s] [ 37%] [32mBuilding CXX object CMakeFiles/zed_interfaces__rosidl_typesupport_fastrtps_cpp.dir/rosidl_typesupport_fastrtps_cpp/zed_interfaces/msg/detail/dds_fastrtps/object__type_support.cpp.o[0m
[4.010s] [ 38%] [32mBuilding CXX object CMakeFiles/zed_interfaces__rosidl_typesupport_c.dir/rosidl_typesupport_c/zed_interfaces/msg/bounding_box2_df__type_support.cpp.o[0m
[4.060s] [ 39%] [32mBuilding CXX object CMakeFiles/zed_interfaces__rosidl_typesupport_c.dir/rosidl_typesupport_c/zed_interfaces/msg/bounding_box3_d__type_support.cpp.o[0m
[4.069s] [ 39%] [32mBuilding CXX object CMakeFiles/zed_interfaces__rosidl_typesupport_c.dir/rosidl_typesupport_c/zed_interfaces/msg/skeleton2_d__type_support.cpp.o[0m
[4.110s] [ 40%] [32mBuilding CXX object CMakeFiles/zed_interfaces__rosidl_typesupport_c.dir/rosidl_typesupport_c/zed_interfaces/msg/skeleton3_d__type_support.cpp.o[0m
[4.153s] [ 41%] [32mBuilding CXX object CMakeFiles/zed_interfaces__rosidl_typesupport_c.dir/rosidl_typesupport_c/zed_interfaces/msg/depth_info_stamped__type_support.cpp.o[0m
[4.158s] [ 41%] [32mBuilding CXX object CMakeFiles/zed_interfaces__rosidl_typesupport_c.dir/rosidl_typesupport_c/zed_interfaces/msg/plane_stamped__type_support.cpp.o[0m
[4.204s] [ 42%] [32mBuilding CXX object CMakeFiles/zed_interfaces__rosidl_typesupport_c.dir/rosidl_typesupport_c/zed_interfaces/msg/pos_track_status__type_support.cpp.o[0m
[4.213s] [ 42%] [32mBuilding CXX object CMakeFiles/zed_interfaces__rosidl_typesupport_introspection_cpp.dir/rosidl_typesupport_introspection_cpp/zed_interfaces/msg/detail/bounding_box3_d__type_support.cpp.o[0m
[4.219s] [ 43%] [32mBuilding CXX object CMakeFiles/zed_interfaces__rosidl_typesupport_c.dir/rosidl_typesupport_c/zed_interfaces/srv/start_svo_rec__type_support.cpp.o[0m
[4.219s] [ 44%] [32mBuilding CXX object CMakeFiles/zed_interfaces__rosidl_typesupport_c.dir/rosidl_typesupport_c/zed_interfaces/srv/set_pose__type_support.cpp.o[0m
[4.226s] [ 44%] [32mBuilding CXX object CMakeFiles/zed_interfaces__rosidl_typesupport_c.dir/rosidl_typesupport_c/zed_interfaces/msg/heartbeat__type_support.cpp.o[0m
[4.233s] [ 44%] [32mBuilding CXX object CMakeFiles/zed_interfaces__rosidl_typesupport_fastrtps_cpp.dir/rosidl_typesupport_fastrtps_cpp/zed_interfaces/msg/detail/dds_fastrtps/objects_stamped__type_support.cpp.o[0m
[4.235s] [ 44%] [32mBuilding CXX object CMakeFiles/zed_interfaces__rosidl_typesupport_c.dir/rosidl_typesupport_c/zed_interfaces/srv/set_roi__type_support.cpp.o[0m
[4.244s] [ 45%] [32mBuilding CXX object CMakeFiles/zed_interfaces__rosidl_typesupport_fastrtps_cpp.dir/rosidl_typesupport_fastrtps_cpp/zed_interfaces/msg/detail/dds_fastrtps/keypoint2_di__type_support.cpp.o[0m
[4.251s] [ 46%] [32mBuilding CXX object CMakeFiles/zed_interfaces__rosidl_typesupport_fastrtps_cpp.dir/rosidl_typesupport_fastrtps_cpp/zed_interfaces/msg/detail/dds_fastrtps/keypoint2_df__type_support.cpp.o[0m
[4.264s] [ 47%] [32mBuilding CXX object CMakeFiles/zed_interfaces__rosidl_typesupport_introspection_cpp.dir/rosidl_typesupport_introspection_cpp/zed_interfaces/msg/detail/skeleton2_d__type_support.cpp.o[0m
[4.279s] [ 47%] [32mBuilding CXX object CMakeFiles/zed_interfaces__rosidl_typesupport_introspection_cpp.dir/rosidl_typesupport_introspection_cpp/zed_interfaces/msg/detail/skeleton3_d__type_support.cpp.o[0m
[4.285s] [ 47%] [32mBuilding CXX object CMakeFiles/zed_interfaces__rosidl_typesupport_fastrtps_cpp.dir/rosidl_typesupport_fastrtps_cpp/zed_interfaces/msg/detail/dds_fastrtps/keypoint3_d__type_support.cpp.o[0m
[4.295s] [ 48%] [32mBuilding CXX object CMakeFiles/zed_interfaces__rosidl_typesupport_introspection_cpp.dir/rosidl_typesupport_introspection_cpp/zed_interfaces/msg/detail/depth_info_stamped__type_support.cpp.o[0m
[4.296s] [ 49%] [32mBuilding CXX object CMakeFiles/zed_interfaces__rosidl_typesupport_fastrtps_cpp.dir/rosidl_typesupport_fastrtps_cpp/zed_interfaces/msg/detail/dds_fastrtps/bounding_box2_di__type_support.cpp.o[0m
[4.307s] [ 50%] [32mBuilding CXX object CMakeFiles/zed_interfaces__rosidl_typesupport_introspection_cpp.dir/rosidl_typesupport_introspection_cpp/zed_interfaces/msg/detail/plane_stamped__type_support.cpp.o[0m
[4.325s] [ 51%] [32m[1mLinking CXX shared library libzed_interfaces__rosidl_typesupport_c.so[0m
[4.340s] [ 51%] [32mBuilding CXX object CMakeFiles/zed_interfaces__rosidl_typesupport_fastrtps_cpp.dir/rosidl_typesupport_fastrtps_cpp/zed_interfaces/msg/detail/dds_fastrtps/bounding_box2_df__type_support.cpp.o[0m
[4.355s] [ 52%] [32mBuilding C object CMakeFiles/zed_interfaces__rosidl_typesupport_introspection_c.dir/rosidl_typesupport_introspection_c/zed_interfaces/msg/detail/object__type_support.c.o[0m
[4.436s] [ 52%] Built target zed_interfaces__rosidl_typesupport_c
[4.436s] [ 52%] [32mBuilding C object CMakeFiles/zed_interfaces__rosidl_typesupport_introspection_c.dir/rosidl_typesupport_introspection_c/zed_interfaces/msg/detail/objects_stamped__type_support.c.o[0m
[4.447s] [ 52%] [32mBuilding CXX object CMakeFiles/zed_interfaces__rosidl_typesupport_introspection_cpp.dir/rosidl_typesupport_introspection_cpp/zed_interfaces/msg/detail/pos_track_status__type_support.cpp.o[0m
[4.458s] [ 53%] [32mBuilding CXX object CMakeFiles/zed_interfaces__rosidl_typesupport_introspection_cpp.dir/rosidl_typesupport_introspection_cpp/zed_interfaces/msg/detail/heartbeat__type_support.cpp.o[0m
[4.492s] [ 53%] [32m[1mLinking CXX shared library libzed_interfaces__rosidl_typesupport_cpp.so[0m
[4.504s] [ 54%] [32mBuilding C object CMakeFiles/zed_interfaces__rosidl_typesupport_introspection_c.dir/rosidl_typesupport_introspection_c/zed_interfaces/msg/detail/keypoint2_di__type_support.c.o[0m
[4.542s] [ 54%] [32mBuilding CXX object CMakeFiles/zed_interfaces__rosidl_typesupport_fastrtps_c.dir/rosidl_typesupport_fastrtps_c/zed_interfaces/msg/detail/object__type_support_c.cpp.o[0m
[4.554s] [ 54%] Built target zed_interfaces__rosidl_typesupport_cpp
[4.560s] [ 54%] [32mBuilding C object CMakeFiles/zed_interfaces__rosidl_typesupport_introspection_c.dir/rosidl_typesupport_introspection_c/zed_interfaces/msg/detail/keypoint2_df__type_support.c.o[0m
[4.565s] [ 55%] [32mBuilding C object CMakeFiles/zed_interfaces__rosidl_typesupport_introspection_c.dir/rosidl_typesupport_introspection_c/zed_interfaces/msg/detail/keypoint3_d__type_support.c.o[0m
[4.624s] [ 56%] [32mBuilding C object CMakeFiles/zed_interfaces__rosidl_typesupport_introspection_c.dir/rosidl_typesupport_introspection_c/zed_interfaces/msg/detail/bounding_box2_di__type_support.c.o[0m
[4.632s] [ 56%] [32mBuilding C object CMakeFiles/zed_interfaces__rosidl_typesupport_introspection_c.dir/rosidl_typesupport_introspection_c/zed_interfaces/msg/detail/bounding_box2_df__type_support.c.o[0m
[4.686s] [ 57%] [32mBuilding CXX object CMakeFiles/zed_interfaces__rosidl_typesupport_introspection_cpp.dir/rosidl_typesupport_introspection_cpp/zed_interfaces/srv/detail/set_pose__type_support.cpp.o[0m
[4.691s] [ 58%] [32mBuilding C object CMakeFiles/zed_interfaces__rosidl_typesupport_introspection_c.dir/rosidl_typesupport_introspection_c/zed_interfaces/msg/detail/bounding_box3_d__type_support.c.o[0m
[4.694s] [ 59%] [32mBuilding C object CMakeFiles/zed_interfaces__rosidl_typesupport_introspection_c.dir/rosidl_typesupport_introspection_c/zed_interfaces/msg/detail/skeleton2_d__type_support.c.o[0m
[4.746s] [ 59%] [32mBuilding CXX object CMakeFiles/zed_interfaces__rosidl_typesupport_introspection_cpp.dir/rosidl_typesupport_introspection_cpp/zed_interfaces/srv/detail/start_svo_rec__type_support.cpp.o[0m
[4.754s] [ 59%] [32mBuilding C object CMakeFiles/zed_interfaces__rosidl_typesupport_introspection_c.dir/rosidl_typesupport_introspection_c/zed_interfaces/msg/detail/skeleton3_d__type_support.c.o[0m
[4.762s] [ 60%] [32mBuilding CXX object CMakeFiles/zed_interfaces__rosidl_typesupport_fastrtps_cpp.dir/rosidl_typesupport_fastrtps_cpp/zed_interfaces/msg/detail/dds_fastrtps/bounding_box3_d__type_support.cpp.o[0m
[4.766s] [ 61%] [32mBuilding CXX object CMakeFiles/zed_interfaces__rosidl_typesupport_fastrtps_c.dir/rosidl_typesupport_fastrtps_c/zed_interfaces/msg/detail/objects_stamped__type_support_c.cpp.o[0m
[4.814s] [ 62%] [32mBuilding C object CMakeFiles/zed_interfaces__rosidl_typesupport_introspection_c.dir/rosidl_typesupport_introspection_c/zed_interfaces/msg/detail/depth_info_stamped__type_support.c.o[0m
[4.838s] [ 63%] [32mBuilding CXX object CMakeFiles/zed_interfaces__rosidl_typesupport_introspection_cpp.dir/rosidl_typesupport_introspection_cpp/zed_interfaces/srv/detail/set_roi__type_support.cpp.o[0m
[4.856s] [ 65%] [32mBuilding CXX object CMakeFiles/zed_interfaces__rosidl_typesupport_fastrtps_c.dir/rosidl_typesupport_fastrtps_c/zed_interfaces/msg/detail/keypoint2_di__type_support_c.cpp.o[0m
[4.856s] [ 65%] [32mBuilding C object CMakeFiles/zed_interfaces__rosidl_typesupport_introspection_c.dir/rosidl_typesupport_introspection_c/zed_interfaces/msg/detail/plane_stamped__type_support.c.o[0m
[4.867s] [ 65%] [32mBuilding C object CMakeFiles/zed_interfaces__rosidl_typesupport_introspection_c.dir/rosidl_typesupport_introspection_c/zed_interfaces/msg/detail/pos_track_status__type_support.c.o[0m
[4.868s] [ 66%] [32mBuilding C object CMakeFiles/zed_interfaces__rosidl_typesupport_introspection_c.dir/rosidl_typesupport_introspection_c/zed_interfaces/msg/detail/heartbeat__type_support.c.o[0m
[4.882s] [ 67%] [32mBuilding CXX object CMakeFiles/zed_interfaces__rosidl_typesupport_fastrtps_cpp.dir/rosidl_typesupport_fastrtps_cpp/zed_interfaces/msg/detail/dds_fastrtps/skeleton2_d__type_support.cpp.o[0m
[4.892s] [ 67%] [32mBuilding CXX object CMakeFiles/zed_interfaces__rosidl_typesupport_fastrtps_cpp.dir/rosidl_typesupport_fastrtps_cpp/zed_interfaces/msg/detail/dds_fastrtps/skeleton3_d__type_support.cpp.o[0m
[4.914s] [ 68%] [32mBuilding CXX object CMakeFiles/zed_interfaces__rosidl_typesupport_fastrtps_cpp.dir/rosidl_typesupport_fastrtps_cpp/zed_interfaces/msg/detail/dds_fastrtps/depth_info_stamped__type_support.cpp.o[0m
[4.915s] [ 68%] [32mBuilding C object CMakeFiles/zed_interfaces__rosidl_typesupport_introspection_c.dir/rosidl_typesupport_introspection_c/zed_interfaces/srv/detail/set_pose__type_support.c.o[0m
[4.928s] [ 69%] [32mBuilding C object CMakeFiles/zed_interfaces__rosidl_typesupport_introspection_c.dir/rosidl_typesupport_introspection_c/zed_interfaces/srv/detail/start_svo_rec__type_support.c.o[0m
[4.959s] [ 70%] [32mBuilding C object CMakeFiles/zed_interfaces__rosidl_typesupport_introspection_c.dir/rosidl_typesupport_introspection_c/zed_interfaces/srv/detail/set_roi__type_support.c.o[0m
[4.975s] [ 71%] [32mBuilding CXX object CMakeFiles/zed_interfaces__rosidl_typesupport_fastrtps_cpp.dir/rosidl_typesupport_fastrtps_cpp/zed_interfaces/msg/detail/dds_fastrtps/plane_stamped__type_support.cpp.o[0m
[4.987s] [ 71%] [32mBuilding CXX object CMakeFiles/zed_interfaces__rosidl_typesupport_fastrtps_cpp.dir/rosidl_typesupport_fastrtps_cpp/zed_interfaces/msg/detail/dds_fastrtps/pos_track_status__type_support.cpp.o[0m
[5.017s] [ 71%] [32m[1mLinking C shared library libzed_interfaces__rosidl_typesupport_introspection_c.so[0m
[5.047s] [ 72%] [32mBuilding CXX object CMakeFiles/zed_interfaces__rosidl_typesupport_fastrtps_cpp.dir/rosidl_typesupport_fastrtps_cpp/zed_interfaces/msg/detail/dds_fastrtps/heartbeat__type_support.cpp.o[0m
[5.065s] [ 72%] Built target zed_interfaces__rosidl_typesupport_introspection_c
[5.076s] [ 72%] [32mBuilding CXX object CMakeFiles/zed_interfaces__rosidl_typesupport_fastrtps_cpp.dir/rosidl_typesupport_fastrtps_cpp/zed_interfaces/srv/detail/dds_fastrtps/set_pose__type_support.cpp.o[0m
[5.128s] [ 72%] [32mBuilding CXX object CMakeFiles/zed_interfaces__rosidl_typesupport_fastrtps_c.dir/rosidl_typesupport_fastrtps_c/zed_interfaces/msg/detail/keypoint2_df__type_support_c.cpp.o[0m
[5.146s] [ 73%] [32mBuilding CXX object CMakeFiles/zed_interfaces__rosidl_typesupport_fastrtps_c.dir/rosidl_typesupport_fastrtps_c/zed_interfaces/msg/detail/keypoint3_d__type_support_c.cpp.o[0m
[5.215s] [ 74%] [32mBuilding CXX object CMakeFiles/zed_interfaces__rosidl_typesupport_fastrtps_cpp.dir/rosidl_typesupport_fastrtps_cpp/zed_interfaces/srv/detail/dds_fastrtps/start_svo_rec__type_support.cpp.o[0m
[5.332s] [ 75%] [32mBuilding CXX object CMakeFiles/zed_interfaces__rosidl_typesupport_fastrtps_cpp.dir/rosidl_typesupport_fastrtps_cpp/zed_interfaces/srv/detail/dds_fastrtps/set_roi__type_support.cpp.o[0m
[5.350s] [ 76%] [32mBuilding CXX object CMakeFiles/zed_interfaces__rosidl_typesupport_fastrtps_c.dir/rosidl_typesupport_fastrtps_c/zed_interfaces/msg/detail/bounding_box2_di__type_support_c.cpp.o[0m
[5.406s] [ 76%] [32mBuilding CXX object CMakeFiles/zed_interfaces__rosidl_typesupport_fastrtps_c.dir/rosidl_typesupport_fastrtps_c/zed_interfaces/msg/detail/bounding_box2_df__type_support_c.cpp.o[0m
[5.429s] [ 77%] [32mBuilding CXX object CMakeFiles/zed_interfaces__rosidl_typesupport_fastrtps_c.dir/rosidl_typesupport_fastrtps_c/zed_interfaces/msg/detail/bounding_box3_d__type_support_c.cpp.o[0m
[5.487s] [ 77%] [32mBuilding CXX object CMakeFiles/zed_interfaces__rosidl_typesupport_fastrtps_c.dir/rosidl_typesupport_fastrtps_c/zed_interfaces/msg/detail/skeleton2_d__type_support_c.cpp.o[0m
[5.499s] [ 78%] [32mBuilding CXX object CMakeFiles/zed_interfaces__rosidl_typesupport_fastrtps_c.dir/rosidl_typesupport_fastrtps_c/zed_interfaces/msg/detail/skeleton3_d__type_support_c.cpp.o[0m
[5.563s] [ 79%] [32mBuilding CXX object CMakeFiles/zed_interfaces__rosidl_typesupport_fastrtps_c.dir/rosidl_typesupport_fastrtps_c/zed_interfaces/msg/detail/depth_info_stamped__type_support_c.cpp.o[0m
[5.591s] [ 79%] [32mBuilding CXX object CMakeFiles/zed_interfaces__rosidl_typesupport_fastrtps_c.dir/rosidl_typesupport_fastrtps_c/zed_interfaces/msg/detail/plane_stamped__type_support_c.cpp.o[0m
[5.609s] [ 80%] [32mBuilding CXX object CMakeFiles/zed_interfaces__rosidl_typesupport_fastrtps_c.dir/rosidl_typesupport_fastrtps_c/zed_interfaces/msg/detail/pos_track_status__type_support_c.cpp.o[0m
[5.628s] [ 81%] [32mBuilding CXX object CMakeFiles/zed_interfaces__rosidl_typesupport_fastrtps_c.dir/rosidl_typesupport_fastrtps_c/zed_interfaces/msg/detail/heartbeat__type_support_c.cpp.o[0m
[5.638s] [ 81%] [32mBuilding CXX object CMakeFiles/zed_interfaces__rosidl_typesupport_fastrtps_c.dir/rosidl_typesupport_fastrtps_c/zed_interfaces/srv/detail/set_pose__type_support_c.cpp.o[0m
[5.681s] [ 82%] [32mBuilding CXX object CMakeFiles/zed_interfaces__rosidl_typesupport_fastrtps_c.dir/rosidl_typesupport_fastrtps_c/zed_interfaces/srv/detail/start_svo_rec__type_support_c.cpp.o[0m
[5.717s] [ 83%] [32mBuilding CXX object CMakeFiles/zed_interfaces__rosidl_typesupport_fastrtps_c.dir/rosidl_typesupport_fastrtps_c/zed_interfaces/srv/detail/set_roi__type_support_c.cpp.o[0m
[6.027s] [ 84%] [32m[1mLinking CXX shared library libzed_interfaces__rosidl_typesupport_introspection_cpp.so[0m
[6.087s] [ 84%] Built target zed_interfaces__rosidl_typesupport_introspection_cpp
[6.160s] [ 84%] [32m[1mLinking CXX shared library libzed_interfaces__rosidl_typesupport_fastrtps_cpp.so[0m
[6.207s] [ 84%] [32m[1mLinking CXX shared library libzed_interfaces__rosidl_typesupport_fastrtps_c.so[0m
[6.210s] [ 84%] Built target zed_interfaces__rosidl_typesupport_fastrtps_cpp
[6.261s] [ 84%] Built target zed_interfaces__rosidl_typesupport_fastrtps_c
[6.273s] [ 84%] Built target zed_interfaces
[6.287s] [ 85%] [34m[1mGenerating Python code for ROS interfaces[0m
[8.151s] [ 85%] Built target zed_interfaces__py
[8.166s] [ 85%] [32mBuilding C object CMakeFiles/zed_interfaces__rosidl_generator_py.dir/rosidl_generator_py/zed_interfaces/msg/_object_s.c.o[0m
[8.167s] [ 85%] [32mBuilding C object CMakeFiles/zed_interfaces__rosidl_generator_py.dir/rosidl_generator_py/zed_interfaces/msg/_keypoint2_df_s.c.o[0m
[8.167s] [ 86%] [32mBuilding C object CMakeFiles/zed_interfaces__rosidl_generator_py.dir/rosidl_generator_py/zed_interfaces/msg/_objects_stamped_s.c.o[0m
[8.167s] [ 87%] [32mBuilding C object CMakeFiles/zed_interfaces__rosidl_generator_py.dir/rosidl_generator_py/zed_interfaces/msg/_keypoint2_di_s.c.o[0m
[8.168s] [ 87%] [32mBuilding C object CMakeFiles/zed_interfaces__rosidl_generator_py.dir/rosidl_generator_py/zed_interfaces/msg/_bounding_box2_di_s.c.o[0m
[8.168s] [ 88%] [32mBuilding C object CMakeFiles/zed_interfaces__rosidl_generator_py.dir/rosidl_generator_py/zed_interfaces/msg/_keypoint3_d_s.c.o[0m
[8.172s] [ 90%] [32mBuilding C object CMakeFiles/zed_interfaces__rosidl_generator_py.dir/rosidl_generator_py/zed_interfaces/msg/_plane_stamped_s.c.o[0m
[8.173s] [ 90%] [32mBuilding C object CMakeFiles/zed_interfaces__rosidl_generator_py.dir/rosidl_generator_py/zed_interfaces/msg/_skeleton2_d_s.c.o[0m
[8.173s] [ 90%] [32mBuilding C object CMakeFiles/zed_interfaces__rosidl_generator_py.dir/rosidl_generator_py/zed_interfaces/msg/_bounding_box3_d_s.c.o[0m
[8.173s] [ 90%] [32mBuilding C object CMakeFiles/zed_interfaces__rosidl_generator_py.dir/rosidl_generator_py/zed_interfaces/msg/_bounding_box2_df_s.c.o[0m
[8.174s] [ 92%] [32mBuilding C object CMakeFiles/zed_interfaces__rosidl_generator_py.dir/rosidl_generator_py/zed_interfaces/msg/_skeleton3_d_s.c.o[0m
[8.174s] [ 92%] [32mBuilding C object CMakeFiles/zed_interfaces__rosidl_generator_py.dir/rosidl_generator_py/zed_interfaces/msg/_heartbeat_s.c.o[0m
[8.174s] [ 92%] [32mBuilding C object CMakeFiles/zed_interfaces__rosidl_generator_py.dir/rosidl_generator_py/zed_interfaces/srv/_set_pose_s.c.o[0m
[8.175s] [ 93%] [32mBuilding C object CMakeFiles/zed_interfaces__rosidl_generator_py.dir/rosidl_generator_py/zed_interfaces/msg/_depth_info_stamped_s.c.o[0m
[8.175s] [ 94%] [32mBuilding C object CMakeFiles/zed_interfaces__rosidl_generator_py.dir/rosidl_generator_py/zed_interfaces/msg/_pos_track_status_s.c.o[0m
[8.177s] [ 95%] [32mBuilding C object CMakeFiles/zed_interfaces__rosidl_generator_py.dir/rosidl_generator_py/zed_interfaces/srv/_start_svo_rec_s.c.o[0m
[8.178s] [ 95%] [32mBuilding C object CMakeFiles/zed_interfaces__rosidl_generator_py.dir/rosidl_generator_py/zed_interfaces/srv/_set_roi_s.c.o[0m
[8.379s] [ 96%] [32m[1mLinking C shared library rosidl_generator_py/zed_interfaces/libzed_interfaces__rosidl_generator_py.so[0m
[8.414s] [ 96%] Built target zed_interfaces__rosidl_generator_py
[8.427s] [ 97%] [32mBuilding C object CMakeFiles/zed_interfaces__rosidl_typesupport_fastrtps_c__pyext.dir/rosidl_generator_py/zed_interfaces/_zed_interfaces_s.ep.rosidl_typesupport_fastrtps_c.c.o[0m
[8.427s] [ 98%] [32mBuilding C object CMakeFiles/zed_interfaces__rosidl_typesupport_introspection_c__pyext.dir/rosidl_generator_py/zed_interfaces/_zed_interfaces_s.ep.rosidl_typesupport_introspection_c.c.o[0m
[8.427s] [ 99%] [32mBuilding C object CMakeFiles/zed_interfaces__rosidl_typesupport_c__pyext.dir/rosidl_generator_py/zed_interfaces/_zed_interfaces_s.ep.rosidl_typesupport_c.c.o[0m
[8.636s] [100%] [32m[1mLinking C shared library rosidl_generator_py/zed_interfaces/zed_interfaces_s__rosidl_typesupport_c.cpython-310-x86_64-linux-gnu.so[0m
[8.637s] [100%] [32m[1mLinking C shared library rosidl_generator_py/zed_interfaces/zed_interfaces_s__rosidl_typesupport_introspection_c.cpython-310-x86_64-linux-gnu.so[0m
[8.637s] [100%] [32m[1mLinking C shared library rosidl_generator_py/zed_interfaces/zed_interfaces_s__rosidl_typesupport_fastrtps_c.cpython-310-x86_64-linux-gnu.so[0m
[8.662s] [100%] Built target zed_interfaces__rosidl_typesupport_c__pyext
[8.662s] [100%] Built target zed_interfaces__rosidl_typesupport_fastrtps_c__pyext
[8.663s] [100%] Built target zed_interfaces__rosidl_typesupport_introspection_c__pyext
[8.671s] Invoked command in '/home/shi/ENSTA/ROB314/test_ws/build/zed_interfaces' returned '0': CMAKE_PREFIX_PATH=/opt/ros/humble /usr/bin/cmake --build /home/shi/ENSTA/ROB314/test_ws/build/zed_interfaces -- -j20 -l20
[9.046s] Invoking command in '/home/shi/ENSTA/ROB314/test_ws/build/zed_interfaces': CMAKE_PREFIX_PATH=/opt/ros/humble /usr/bin/cmake --install /home/shi/ENSTA/ROB314/test_ws/build/zed_interfaces
[9.054s] -- Install configuration: "Release"
[9.055s] -- Execute custom install script
[9.055s] -- Symlinking: /home/shi/ENSTA/ROB314/test_ws/install/zed_interfaces/share/ament_index/resource_index/rosidl_interfaces/zed_interfaces
[9.065s] -- Symlinking: /home/shi/ENSTA/ROB314/test_ws/install/zed_interfaces/include/zed_interfaces/zed_interfaces/msg/bounding_box2_df.h
[9.073s] -- Symlinking: /home/shi/ENSTA/ROB314/test_ws/install/zed_interfaces/include/zed_interfaces/zed_interfaces/msg/bounding_box2_di.h
[9.082s] -- Symlinking: /home/shi/ENSTA/ROB314/test_ws/install/zed_interfaces/include/zed_interfaces/zed_interfaces/msg/bounding_box3_d.h
[9.090s] -- Symlinking: /home/shi/ENSTA/ROB314/test_ws/install/zed_interfaces/include/zed_interfaces/zed_interfaces/msg/depth_info_stamped.h
[9.098s] -- Symlinking: /home/shi/ENSTA/ROB314/test_ws/install/zed_interfaces/include/zed_interfaces/zed_interfaces/msg/detail/bounding_box2_df__functions.h
[9.106s] -- Symlinking: /home/shi/ENSTA/ROB314/test_ws/install/zed_interfaces/include/zed_interfaces/zed_interfaces/msg/detail/bounding_box2_df__struct.h
[9.113s] -- Symlinking: /home/shi/ENSTA/ROB314/test_ws/install/zed_interfaces/include/zed_interfaces/zed_interfaces/msg/detail/bounding_box2_df__type_support.h
[9.121s] -- Symlinking: /home/shi/ENSTA/ROB314/test_ws/install/zed_interfaces/include/zed_interfaces/zed_interfaces/msg/detail/bounding_box2_di__functions.h
[9.128s] -- Symlinking: /home/shi/ENSTA/ROB314/test_ws/install/zed_interfaces/include/zed_interfaces/zed_interfaces/msg/detail/bounding_box2_di__struct.h
[9.136s] -- Symlinking: /home/shi/ENSTA/ROB314/test_ws/install/zed_interfaces/include/zed_interfaces/zed_interfaces/msg/detail/bounding_box2_di__type_support.h
[9.144s] -- Symlinking: /home/shi/ENSTA/ROB314/test_ws/install/zed_interfaces/include/zed_interfaces/zed_interfaces/msg/detail/bounding_box3_d__functions.h
[9.150s] -- Symlinking: /home/shi/ENSTA/ROB314/test_ws/install/zed_interfaces/include/zed_interfaces/zed_interfaces/msg/detail/bounding_box3_d__struct.h
[9.158s] -- Symlinking: /home/shi/ENSTA/ROB314/test_ws/install/zed_interfaces/include/zed_interfaces/zed_interfaces/msg/detail/bounding_box3_d__type_support.h
[9.166s] -- Symlinking: /home/shi/ENSTA/ROB314/test_ws/install/zed_interfaces/include/zed_interfaces/zed_interfaces/msg/detail/depth_info_stamped__functions.h
[9.175s] -- Symlinking: /home/shi/ENSTA/ROB314/test_ws/install/zed_interfaces/include/zed_interfaces/zed_interfaces/msg/detail/depth_info_stamped__struct.h
[9.183s] -- Symlinking: /home/shi/ENSTA/ROB314/test_ws/install/zed_interfaces/include/zed_interfaces/zed_interfaces/msg/detail/depth_info_stamped__type_support.h
[9.191s] -- Symlinking: /home/shi/ENSTA/ROB314/test_ws/install/zed_interfaces/include/zed_interfaces/zed_interfaces/msg/detail/heartbeat__functions.h
[9.199s] -- Symlinking: /home/shi/ENSTA/ROB314/test_ws/install/zed_interfaces/include/zed_interfaces/zed_interfaces/msg/detail/heartbeat__struct.h
[9.207s] -- Symlinking: /home/shi/ENSTA/ROB314/test_ws/install/zed_interfaces/include/zed_interfaces/zed_interfaces/msg/detail/heartbeat__type_support.h
[9.215s] -- Symlinking: /home/shi/ENSTA/ROB314/test_ws/install/zed_interfaces/include/zed_interfaces/zed_interfaces/msg/detail/keypoint2_df__functions.h
[9.223s] -- Symlinking: /home/shi/ENSTA/ROB314/test_ws/install/zed_interfaces/include/zed_interfaces/zed_interfaces/msg/detail/keypoint2_df__struct.h
[9.231s] -- Symlinking: /home/shi/ENSTA/ROB314/test_ws/install/zed_interfaces/include/zed_interfaces/zed_interfaces/msg/detail/keypoint2_df__type_support.h
[9.239s] -- Symlinking: /home/shi/ENSTA/ROB314/test_ws/install/zed_interfaces/include/zed_interfaces/zed_interfaces/msg/detail/keypoint2_di__functions.h
[9.247s] -- Symlinking: /home/shi/ENSTA/ROB314/test_ws/install/zed_interfaces/include/zed_interfaces/zed_interfaces/msg/detail/keypoint2_di__struct.h
[9.255s] -- Symlinking: /home/shi/ENSTA/ROB314/test_ws/install/zed_interfaces/include/zed_interfaces/zed_interfaces/msg/detail/keypoint2_di__type_support.h
[9.264s] -- Symlinking: /home/shi/ENSTA/ROB314/test_ws/install/zed_interfaces/include/zed_interfaces/zed_interfaces/msg/detail/keypoint3_d__functions.h
[9.272s] -- Symlinking: /home/shi/ENSTA/ROB314/test_ws/install/zed_interfaces/include/zed_interfaces/zed_interfaces/msg/detail/keypoint3_d__struct.h
[9.280s] -- Symlinking: /home/shi/ENSTA/ROB314/test_ws/install/zed_interfaces/include/zed_interfaces/zed_interfaces/msg/detail/keypoint3_d__type_support.h
[9.287s] -- Symlinking: /home/shi/ENSTA/ROB314/test_ws/install/zed_interfaces/include/zed_interfaces/zed_interfaces/msg/detail/object__functions.h
[9.295s] -- Symlinking: /home/shi/ENSTA/ROB314/test_ws/install/zed_interfaces/include/zed_interfaces/zed_interfaces/msg/detail/object__struct.h
[9.303s] -- Symlinking: /home/shi/ENSTA/ROB314/test_ws/install/zed_interfaces/include/zed_interfaces/zed_interfaces/msg/detail/object__type_support.h
[9.311s] -- Symlinking: /home/shi/ENSTA/ROB314/test_ws/install/zed_interfaces/include/zed_interfaces/zed_interfaces/msg/detail/objects_stamped__functions.h
[9.318s] -- Symlinking: /home/shi/ENSTA/ROB314/test_ws/install/zed_interfaces/include/zed_interfaces/zed_interfaces/msg/detail/objects_stamped__struct.h
[9.324s] -- Symlinking: /home/shi/ENSTA/ROB314/test_ws/install/zed_interfaces/include/zed_interfaces/zed_interfaces/msg/detail/objects_stamped__type_support.h
[9.331s] -- Symlinking: /home/shi/ENSTA/ROB314/test_ws/install/zed_interfaces/include/zed_interfaces/zed_interfaces/msg/detail/plane_stamped__functions.h
[9.337s] -- Symlinking: /home/shi/ENSTA/ROB314/test_ws/install/zed_interfaces/include/zed_interfaces/zed_interfaces/msg/detail/plane_stamped__struct.h
[9.345s] -- Symlinking: /home/shi/ENSTA/ROB314/test_ws/install/zed_interfaces/include/zed_interfaces/zed_interfaces/msg/detail/plane_stamped__type_support.h
[9.353s] -- Symlinking: /home/shi/ENSTA/ROB314/test_ws/install/zed_interfaces/include/zed_interfaces/zed_interfaces/msg/detail/pos_track_status__functions.h
[9.359s] -- Symlinking: /home/shi/ENSTA/ROB314/test_ws/install/zed_interfaces/include/zed_interfaces/zed_interfaces/msg/detail/pos_track_status__struct.h
[9.364s] -- Symlinking: /home/shi/ENSTA/ROB314/test_ws/install/zed_interfaces/include/zed_interfaces/zed_interfaces/msg/detail/pos_track_status__type_support.h
[9.370s] -- Symlinking: /home/shi/ENSTA/ROB314/test_ws/install/zed_interfaces/include/zed_interfaces/zed_interfaces/msg/detail/skeleton2_d__functions.h
[9.376s] -- Symlinking: /home/shi/ENSTA/ROB314/test_ws/install/zed_interfaces/include/zed_interfaces/zed_interfaces/msg/detail/skeleton2_d__struct.h
[9.383s] -- Symlinking: /home/shi/ENSTA/ROB314/test_ws/install/zed_interfaces/include/zed_interfaces/zed_interfaces/msg/detail/skeleton2_d__type_support.h
[9.390s] -- Symlinking: /home/shi/ENSTA/ROB314/test_ws/install/zed_interfaces/include/zed_interfaces/zed_interfaces/msg/detail/skeleton3_d__functions.h
[9.397s] -- Symlinking: /home/shi/ENSTA/ROB314/test_ws/install/zed_interfaces/include/zed_interfaces/zed_interfaces/msg/detail/skeleton3_d__struct.h
[9.405s] -- Symlinking: /home/shi/ENSTA/ROB314/test_ws/install/zed_interfaces/include/zed_interfaces/zed_interfaces/msg/detail/skeleton3_d__type_support.h
[9.413s] -- Symlinking: /home/shi/ENSTA/ROB314/test_ws/install/zed_interfaces/include/zed_interfaces/zed_interfaces/msg/heartbeat.h
[9.421s] -- Symlinking: /home/shi/ENSTA/ROB314/test_ws/install/zed_interfaces/include/zed_interfaces/zed_interfaces/msg/keypoint2_df.h
[9.429s] -- Symlinking: /home/shi/ENSTA/ROB314/test_ws/install/zed_interfaces/include/zed_interfaces/zed_interfaces/msg/keypoint2_di.h
[9.437s] -- Symlinking: /home/shi/ENSTA/ROB314/test_ws/install/zed_interfaces/include/zed_interfaces/zed_interfaces/msg/keypoint3_d.h
[9.444s] -- Symlinking: /home/shi/ENSTA/ROB314/test_ws/install/zed_interfaces/include/zed_interfaces/zed_interfaces/msg/object.h
[9.451s] -- Symlinking: /home/shi/ENSTA/ROB314/test_ws/install/zed_interfaces/include/zed_interfaces/zed_interfaces/msg/objects_stamped.h
[9.457s] -- Symlinking: /home/shi/ENSTA/ROB314/test_ws/install/zed_interfaces/include/zed_interfaces/zed_interfaces/msg/plane_stamped.h
[9.462s] -- Symlinking: /home/shi/ENSTA/ROB314/test_ws/install/zed_interfaces/include/zed_interfaces/zed_interfaces/msg/pos_track_status.h
[9.467s] -- Symlinking: /home/shi/ENSTA/ROB314/test_ws/install/zed_interfaces/include/zed_interfaces/zed_interfaces/msg/rosidl_generator_c__visibility_control.h
[9.471s] -- Symlinking: /home/shi/ENSTA/ROB314/test_ws/install/zed_interfaces/include/zed_interfaces/zed_interfaces/msg/skeleton2_d.h
[9.476s] -- Symlinking: /home/shi/ENSTA/ROB314/test_ws/install/zed_interfaces/include/zed_interfaces/zed_interfaces/msg/skeleton3_d.h
[9.480s] -- Symlinking: /home/shi/ENSTA/ROB314/test_ws/install/zed_interfaces/include/zed_interfaces/zed_interfaces/srv/detail/set_pose__functions.h
[9.485s] -- Symlinking: /home/shi/ENSTA/ROB314/test_ws/install/zed_interfaces/include/zed_interfaces/zed_interfaces/srv/detail/set_pose__struct.h
[9.490s] -- Symlinking: /home/shi/ENSTA/ROB314/test_ws/install/zed_interfaces/include/zed_interfaces/zed_interfaces/srv/detail/set_pose__type_support.h
[9.495s] -- Symlinking: /home/shi/ENSTA/ROB314/test_ws/install/zed_interfaces/include/zed_interfaces/zed_interfaces/srv/detail/set_roi__functions.h
[9.500s] -- Symlinking: /home/shi/ENSTA/ROB314/test_ws/install/zed_interfaces/include/zed_interfaces/zed_interfaces/srv/detail/set_roi__struct.h
[9.507s] -- Symlinking: /home/shi/ENSTA/ROB314/test_ws/install/zed_interfaces/include/zed_interfaces/zed_interfaces/srv/detail/set_roi__type_support.h
[9.515s] -- Symlinking: /home/shi/ENSTA/ROB314/test_ws/install/zed_interfaces/include/zed_interfaces/zed_interfaces/srv/detail/start_svo_rec__functions.h
[9.522s] -- Symlinking: /home/shi/ENSTA/ROB314/test_ws/install/zed_interfaces/include/zed_interfaces/zed_interfaces/srv/detail/start_svo_rec__struct.h
[9.530s] -- Symlinking: /home/shi/ENSTA/ROB314/test_ws/install/zed_interfaces/include/zed_interfaces/zed_interfaces/srv/detail/start_svo_rec__type_support.h
[9.538s] -- Symlinking: /home/shi/ENSTA/ROB314/test_ws/install/zed_interfaces/include/zed_interfaces/zed_interfaces/srv/set_pose.h
[9.546s] -- Symlinking: /home/shi/ENSTA/ROB314/test_ws/install/zed_interfaces/include/zed_interfaces/zed_interfaces/srv/set_roi.h
[9.554s] -- Symlinking: /home/shi/ENSTA/ROB314/test_ws/install/zed_interfaces/include/zed_interfaces/zed_interfaces/srv/start_svo_rec.h
[9.562s] -- Symlinking: /home/shi/ENSTA/ROB314/test_ws/install/zed_interfaces/share/zed_interfaces/environment/library_path.sh
[9.570s] -- Symlinking: /home/shi/ENSTA/ROB314/test_ws/install/zed_interfaces/share/zed_interfaces/environment/library_path.dsv
[9.578s] -- Symlinking: /home/shi/ENSTA/ROB314/test_ws/install/zed_interfaces/include/zed_interfaces/zed_interfaces/msg/detail/bounding_box2_df__rosidl_typesupport_fastrtps_c.h
[9.585s] -- Symlinking: /home/shi/ENSTA/ROB314/test_ws/install/zed_interfaces/include/zed_interfaces/zed_interfaces/msg/detail/bounding_box2_di__rosidl_typesupport_fastrtps_c.h
[9.593s] -- Symlinking: /home/shi/ENSTA/ROB314/test_ws/install/zed_interfaces/include/zed_interfaces/zed_interfaces/msg/detail/bounding_box3_d__rosidl_typesupport_fastrtps_c.h
[9.600s] -- Symlinking: /home/shi/ENSTA/ROB314/test_ws/install/zed_interfaces/include/zed_interfaces/zed_interfaces/msg/detail/depth_info_stamped__rosidl_typesupport_fastrtps_c.h
[9.608s] -- Symlinking: /home/shi/ENSTA/ROB314/test_ws/install/zed_interfaces/include/zed_interfaces/zed_interfaces/msg/detail/heartbeat__rosidl_typesupport_fastrtps_c.h
[9.616s] -- Symlinking: /home/shi/ENSTA/ROB314/test_ws/install/zed_interfaces/include/zed_interfaces/zed_interfaces/msg/detail/keypoint2_df__rosidl_typesupport_fastrtps_c.h
[9.624s] -- Symlinking: /home/shi/ENSTA/ROB314/test_ws/install/zed_interfaces/include/zed_interfaces/zed_interfaces/msg/detail/keypoint2_di__rosidl_typesupport_fastrtps_c.h
[9.632s] -- Symlinking: /home/shi/ENSTA/ROB314/test_ws/install/zed_interfaces/include/zed_interfaces/zed_interfaces/msg/detail/keypoint3_d__rosidl_typesupport_fastrtps_c.h
[9.640s] -- Symlinking: /home/shi/ENSTA/ROB314/test_ws/install/zed_interfaces/include/zed_interfaces/zed_interfaces/msg/detail/object__rosidl_typesupport_fastrtps_c.h
[9.648s] -- Symlinking: /home/shi/ENSTA/ROB314/test_ws/install/zed_interfaces/include/zed_interfaces/zed_interfaces/msg/detail/objects_stamped__rosidl_typesupport_fastrtps_c.h
[9.654s] -- Symlinking: /home/shi/ENSTA/ROB314/test_ws/install/zed_interfaces/include/zed_interfaces/zed_interfaces/msg/detail/plane_stamped__rosidl_typesupport_fastrtps_c.h
[9.662s] -- Symlinking: /home/shi/ENSTA/ROB314/test_ws/install/zed_interfaces/include/zed_interfaces/zed_interfaces/msg/detail/pos_track_status__rosidl_typesupport_fastrtps_c.h
[9.669s] -- Symlinking: /home/shi/ENSTA/ROB314/test_ws/install/zed_interfaces/include/zed_interfaces/zed_interfaces/msg/detail/skeleton2_d__rosidl_typesupport_fastrtps_c.h
[9.677s] -- Symlinking: /home/shi/ENSTA/ROB314/test_ws/install/zed_interfaces/include/zed_interfaces/zed_interfaces/msg/detail/skeleton3_d__rosidl_typesupport_fastrtps_c.h
[9.685s] -- Symlinking: /home/shi/ENSTA/ROB314/test_ws/install/zed_interfaces/include/zed_interfaces/zed_interfaces/msg/rosidl_typesupport_fastrtps_c__visibility_control.h
[9.692s] -- Symlinking: /home/shi/ENSTA/ROB314/test_ws/install/zed_interfaces/include/zed_interfaces/zed_interfaces/srv/detail/set_pose__rosidl_typesupport_fastrtps_c.h
[9.700s] -- Symlinking: /home/shi/ENSTA/ROB314/test_ws/install/zed_interfaces/include/zed_interfaces/zed_interfaces/srv/detail/set_roi__rosidl_typesupport_fastrtps_c.h
[9.706s] -- Symlinking: /home/shi/ENSTA/ROB314/test_ws/install/zed_interfaces/include/zed_interfaces/zed_interfaces/srv/detail/start_svo_rec__rosidl_typesupport_fastrtps_c.h
[9.711s] -- Symlinking: /home/shi/ENSTA/ROB314/test_ws/install/zed_interfaces/include/zed_interfaces/zed_interfaces/msg/bounding_box2_df.hpp
[9.718s] -- Symlinking: /home/shi/ENSTA/ROB314/test_ws/install/zed_interfaces/include/zed_interfaces/zed_interfaces/msg/bounding_box2_di.hpp
[9.724s] -- Symlinking: /home/shi/ENSTA/ROB314/test_ws/install/zed_interfaces/include/zed_interfaces/zed_interfaces/msg/bounding_box3_d.hpp
[9.729s] -- Symlinking: /home/shi/ENSTA/ROB314/test_ws/install/zed_interfaces/include/zed_interfaces/zed_interfaces/msg/depth_info_stamped.hpp
[9.734s] -- Symlinking: /home/shi/ENSTA/ROB314/test_ws/install/zed_interfaces/include/zed_interfaces/zed_interfaces/msg/detail/bounding_box2_df__builder.hpp
[9.742s] -- Symlinking: /home/shi/ENSTA/ROB314/test_ws/install/zed_interfaces/include/zed_interfaces/zed_interfaces/msg/detail/bounding_box2_df__struct.hpp
[9.750s] -- Symlinking: /home/shi/ENSTA/ROB314/test_ws/install/zed_interfaces/include/zed_interfaces/zed_interfaces/msg/detail/bounding_box2_df__traits.hpp
[9.757s] -- Symlinking: /home/shi/ENSTA/ROB314/test_ws/install/zed_interfaces/include/zed_interfaces/zed_interfaces/msg/detail/bounding_box2_di__builder.hpp
[9.765s] -- Symlinking: /home/shi/ENSTA/ROB314/test_ws/install/zed_interfaces/include/zed_interfaces/zed_interfaces/msg/detail/bounding_box2_di__struct.hpp
[9.773s] -- Symlinking: /home/shi/ENSTA/ROB314/test_ws/install/zed_interfaces/include/zed_interfaces/zed_interfaces/msg/detail/bounding_box2_di__traits.hpp
[9.782s] -- Symlinking: /home/shi/ENSTA/ROB314/test_ws/install/zed_interfaces/include/zed_interfaces/zed_interfaces/msg/detail/bounding_box3_d__builder.hpp
[9.790s] -- Symlinking: /home/shi/ENSTA/ROB314/test_ws/install/zed_interfaces/include/zed_interfaces/zed_interfaces/msg/detail/bounding_box3_d__struct.hpp
[9.798s] -- Symlinking: /home/shi/ENSTA/ROB314/test_ws/install/zed_interfaces/include/zed_interfaces/zed_interfaces/msg/detail/bounding_box3_d__traits.hpp
[9.806s] -- Symlinking: /home/shi/ENSTA/ROB314/test_ws/install/zed_interfaces/include/zed_interfaces/zed_interfaces/msg/detail/depth_info_stamped__builder.hpp
[9.814s] -- Symlinking: /home/shi/ENSTA/ROB314/test_ws/install/zed_interfaces/include/zed_interfaces/zed_interfaces/msg/detail/depth_info_stamped__struct.hpp
[9.822s] -- Symlinking: /home/shi/ENSTA/ROB314/test_ws/install/zed_interfaces/include/zed_interfaces/zed_interfaces/msg/detail/depth_info_stamped__traits.hpp
[9.828s] -- Symlinking: /home/shi/ENSTA/ROB314/test_ws/install/zed_interfaces/include/zed_interfaces/zed_interfaces/msg/detail/heartbeat__builder.hpp
[9.833s] -- Symlinking: /home/shi/ENSTA/ROB314/test_ws/install/zed_interfaces/include/zed_interfaces/zed_interfaces/msg/detail/heartbeat__struct.hpp
[9.839s] -- Symlinking: /home/shi/ENSTA/ROB314/test_ws/install/zed_interfaces/include/zed_interfaces/zed_interfaces/msg/detail/heartbeat__traits.hpp
[9.844s] -- Symlinking: /home/shi/ENSTA/ROB314/test_ws/install/zed_interfaces/include/zed_interfaces/zed_interfaces/msg/detail/keypoint2_df__builder.hpp
[9.849s] -- Symlinking: /home/shi/ENSTA/ROB314/test_ws/install/zed_interfaces/include/zed_interfaces/zed_interfaces/msg/detail/keypoint2_df__struct.hpp
[9.854s] -- Symlinking: /home/shi/ENSTA/ROB314/test_ws/install/zed_interfaces/include/zed_interfaces/zed_interfaces/msg/detail/keypoint2_df__traits.hpp
[9.859s] -- Symlinking: /home/shi/ENSTA/ROB314/test_ws/install/zed_interfaces/include/zed_interfaces/zed_interfaces/msg/detail/keypoint2_di__builder.hpp
[9.865s] -- Symlinking: /home/shi/ENSTA/ROB314/test_ws/install/zed_interfaces/include/zed_interfaces/zed_interfaces/msg/detail/keypoint2_di__struct.hpp
[9.871s] -- Symlinking: /home/shi/ENSTA/ROB314/test_ws/install/zed_interfaces/include/zed_interfaces/zed_interfaces/msg/detail/keypoint2_di__traits.hpp
[9.878s] -- Symlinking: /home/shi/ENSTA/ROB314/test_ws/install/zed_interfaces/include/zed_interfaces/zed_interfaces/msg/detail/keypoint3_d__builder.hpp
[9.885s] -- Symlinking: /home/shi/ENSTA/ROB314/test_ws/install/zed_interfaces/include/zed_interfaces/zed_interfaces/msg/detail/keypoint3_d__struct.hpp
[9.891s] -- Symlinking: /home/shi/ENSTA/ROB314/test_ws/install/zed_interfaces/include/zed_interfaces/zed_interfaces/msg/detail/keypoint3_d__traits.hpp
[9.900s] -- Symlinking: /home/shi/ENSTA/ROB314/test_ws/install/zed_interfaces/include/zed_interfaces/zed_interfaces/msg/detail/object__builder.hpp
[9.908s] -- Symlinking: /home/shi/ENSTA/ROB314/test_ws/install/zed_interfaces/include/zed_interfaces/zed_interfaces/msg/detail/object__struct.hpp
[9.917s] -- Symlinking: /home/shi/ENSTA/ROB314/test_ws/install/zed_interfaces/include/zed_interfaces/zed_interfaces/msg/detail/object__traits.hpp
[9.925s] -- Symlinking: /home/shi/ENSTA/ROB314/test_ws/install/zed_interfaces/include/zed_interfaces/zed_interfaces/msg/detail/objects_stamped__builder.hpp
[9.934s] -- Symlinking: /home/shi/ENSTA/ROB314/test_ws/install/zed_interfaces/include/zed_interfaces/zed_interfaces/msg/detail/objects_stamped__struct.hpp
[9.942s] -- Symlinking: /home/shi/ENSTA/ROB314/test_ws/install/zed_interfaces/include/zed_interfaces/zed_interfaces/msg/detail/objects_stamped__traits.hpp
[9.950s] -- Symlinking: /home/shi/ENSTA/ROB314/test_ws/install/zed_interfaces/include/zed_interfaces/zed_interfaces/msg/detail/plane_stamped__builder.hpp
[9.958s] -- Symlinking: /home/shi/ENSTA/ROB314/test_ws/install/zed_interfaces/include/zed_interfaces/zed_interfaces/msg/detail/plane_stamped__struct.hpp
[9.966s] -- Symlinking: /home/shi/ENSTA/ROB314/test_ws/install/zed_interfaces/include/zed_interfaces/zed_interfaces/msg/detail/plane_stamped__traits.hpp
[9.974s] -- Symlinking: /home/shi/ENSTA/ROB314/test_ws/install/zed_interfaces/include/zed_interfaces/zed_interfaces/msg/detail/pos_track_status__builder.hpp
[9.980s] -- Symlinking: /home/shi/ENSTA/ROB314/test_ws/install/zed_interfaces/include/zed_interfaces/zed_interfaces/msg/detail/pos_track_status__struct.hpp
[9.988s] -- Symlinking: /home/shi/ENSTA/ROB314/test_ws/install/zed_interfaces/include/zed_interfaces/zed_interfaces/msg/detail/pos_track_status__traits.hpp
[9.996s] -- Symlinking: /home/shi/ENSTA/ROB314/test_ws/install/zed_interfaces/include/zed_interfaces/zed_interfaces/msg/detail/skeleton2_d__builder.hpp
[10.004s] -- Symlinking: /home/shi/ENSTA/ROB314/test_ws/install/zed_interfaces/include/zed_interfaces/zed_interfaces/msg/detail/skeleton2_d__struct.hpp
[10.012s] -- Symlinking: /home/shi/ENSTA/ROB314/test_ws/install/zed_interfaces/include/zed_interfaces/zed_interfaces/msg/detail/skeleton2_d__traits.hpp
[10.021s] -- Symlinking: /home/shi/ENSTA/ROB314/test_ws/install/zed_interfaces/include/zed_interfaces/zed_interfaces/msg/detail/skeleton3_d__builder.hpp
[10.029s] -- Symlinking: /home/shi/ENSTA/ROB314/test_ws/install/zed_interfaces/include/zed_interfaces/zed_interfaces/msg/detail/skeleton3_d__struct.hpp
[10.036s] -- Symlinking: /home/shi/ENSTA/ROB314/test_ws/install/zed_interfaces/include/zed_interfaces/zed_interfaces/msg/detail/skeleton3_d__traits.hpp
[10.044s] -- Symlinking: /home/shi/ENSTA/ROB314/test_ws/install/zed_interfaces/include/zed_interfaces/zed_interfaces/msg/heartbeat.hpp
[10.052s] -- Symlinking: /home/shi/ENSTA/ROB314/test_ws/install/zed_interfaces/include/zed_interfaces/zed_interfaces/msg/keypoint2_df.hpp
[10.060s] -- Symlinking: /home/shi/ENSTA/ROB314/test_ws/install/zed_interfaces/include/zed_interfaces/zed_interfaces/msg/keypoint2_di.hpp
[10.068s] -- Symlinking: /home/shi/ENSTA/ROB314/test_ws/install/zed_interfaces/include/zed_interfaces/zed_interfaces/msg/keypoint3_d.hpp
[10.076s] -- Symlinking: /home/shi/ENSTA/ROB314/test_ws/install/zed_interfaces/include/zed_interfaces/zed_interfaces/msg/object.hpp
[10.085s] -- Symlinking: /home/shi/ENSTA/ROB314/test_ws/install/zed_interfaces/include/zed_interfaces/zed_interfaces/msg/objects_stamped.hpp
[10.092s] -- Symlinking: /home/shi/ENSTA/ROB314/test_ws/install/zed_interfaces/include/zed_interfaces/zed_interfaces/msg/plane_stamped.hpp
[10.100s] -- Symlinking: /home/shi/ENSTA/ROB314/test_ws/install/zed_interfaces/include/zed_interfaces/zed_interfaces/msg/pos_track_status.hpp
[10.108s] -- Symlinking: /home/shi/ENSTA/ROB314/test_ws/install/zed_interfaces/include/zed_interfaces/zed_interfaces/msg/skeleton2_d.hpp
[10.116s] -- Symlinking: /home/shi/ENSTA/ROB314/test_ws/install/zed_interfaces/include/zed_interfaces/zed_interfaces/msg/skeleton3_d.hpp
[10.124s] -- Symlinking: /home/shi/ENSTA/ROB314/test_ws/install/zed_interfaces/include/zed_interfaces/zed_interfaces/srv/detail/set_pose__builder.hpp
[10.131s] -- Symlinking: /home/shi/ENSTA/ROB314/test_ws/install/zed_interfaces/include/zed_interfaces/zed_interfaces/srv/detail/set_pose__struct.hpp
[10.139s] -- Symlinking: /home/shi/ENSTA/ROB314/test_ws/install/zed_interfaces/include/zed_interfaces/zed_interfaces/srv/detail/set_pose__traits.hpp
[10.147s] -- Symlinking: /home/shi/ENSTA/ROB314/test_ws/install/zed_interfaces/include/zed_interfaces/zed_interfaces/srv/detail/set_roi__builder.hpp
[10.155s] -- Symlinking: /home/shi/ENSTA/ROB314/test_ws/install/zed_interfaces/include/zed_interfaces/zed_interfaces/srv/detail/set_roi__struct.hpp
[10.161s] -- Symlinking: /home/shi/ENSTA/ROB314/test_ws/install/zed_interfaces/include/zed_interfaces/zed_interfaces/srv/detail/set_roi__traits.hpp
[10.166s] -- Symlinking: /home/shi/ENSTA/ROB314/test_ws/install/zed_interfaces/include/zed_interfaces/zed_interfaces/srv/detail/start_svo_rec__builder.hpp
[10.170s] -- Symlinking: /home/shi/ENSTA/ROB314/test_ws/install/zed_interfaces/include/zed_interfaces/zed_interfaces/srv/detail/start_svo_rec__struct.hpp
[10.176s] -- Symlinking: /home/shi/ENSTA/ROB314/test_ws/install/zed_interfaces/include/zed_interfaces/zed_interfaces/srv/detail/start_svo_rec__traits.hpp
[10.182s] -- Symlinking: /home/shi/ENSTA/ROB314/test_ws/install/zed_interfaces/include/zed_interfaces/zed_interfaces/srv/set_pose.hpp
[10.188s] -- Symlinking: /home/shi/ENSTA/ROB314/test_ws/install/zed_interfaces/include/zed_interfaces/zed_interfaces/srv/set_roi.hpp
[10.195s] -- Symlinking: /home/shi/ENSTA/ROB314/test_ws/install/zed_interfaces/include/zed_interfaces/zed_interfaces/srv/start_svo_rec.hpp
[10.204s] -- Symlinking: /home/shi/ENSTA/ROB314/test_ws/install/zed_interfaces/include/zed_interfaces/zed_interfaces/msg/detail/bounding_box2_df__rosidl_typesupport_fastrtps_cpp.hpp
[10.212s] -- Symlinking: /home/shi/ENSTA/ROB314/test_ws/install/zed_interfaces/include/zed_interfaces/zed_interfaces/msg/detail/bounding_box2_di__rosidl_typesupport_fastrtps_cpp.hpp
[10.220s] -- Symlinking: /home/shi/ENSTA/ROB314/test_ws/install/zed_interfaces/include/zed_interfaces/zed_interfaces/msg/detail/bounding_box3_d__rosidl_typesupport_fastrtps_cpp.hpp
[10.228s] -- Symlinking: /home/shi/ENSTA/ROB314/test_ws/install/zed_interfaces/include/zed_interfaces/zed_interfaces/msg/detail/depth_info_stamped__rosidl_typesupport_fastrtps_cpp.hpp
[10.236s] -- Symlinking: /home/shi/ENSTA/ROB314/test_ws/install/zed_interfaces/include/zed_interfaces/zed_interfaces/msg/detail/heartbeat__rosidl_typesupport_fastrtps_cpp.hpp
[10.244s] -- Symlinking: /home/shi/ENSTA/ROB314/test_ws/install/zed_interfaces/include/zed_interfaces/zed_interfaces/msg/detail/keypoint2_df__rosidl_typesupport_fastrtps_cpp.hpp
[10.252s] -- Symlinking: /home/shi/ENSTA/ROB314/test_ws/install/zed_interfaces/include/zed_interfaces/zed_interfaces/msg/detail/keypoint2_di__rosidl_typesupport_fastrtps_cpp.hpp
[10.260s] -- Symlinking: /home/shi/ENSTA/ROB314/test_ws/install/zed_interfaces/include/zed_interfaces/zed_interfaces/msg/detail/keypoint3_d__rosidl_typesupport_fastrtps_cpp.hpp
[10.267s] -- Symlinking: /home/shi/ENSTA/ROB314/test_ws/install/zed_interfaces/include/zed_interfaces/zed_interfaces/msg/detail/object__rosidl_typesupport_fastrtps_cpp.hpp
[10.275s] -- Symlinking: /home/shi/ENSTA/ROB314/test_ws/install/zed_interfaces/include/zed_interfaces/zed_interfaces/msg/detail/objects_stamped__rosidl_typesupport_fastrtps_cpp.hpp
[10.281s] -- Symlinking: /home/shi/ENSTA/ROB314/test_ws/install/zed_interfaces/include/zed_interfaces/zed_interfaces/msg/detail/plane_stamped__rosidl_typesupport_fastrtps_cpp.hpp
[10.287s] -- Symlinking: /home/shi/ENSTA/ROB314/test_ws/install/zed_interfaces/include/zed_interfaces/zed_interfaces/msg/detail/pos_track_status__rosidl_typesupport_fastrtps_cpp.hpp
[10.294s] -- Symlinking: /home/shi/ENSTA/ROB314/test_ws/install/zed_interfaces/include/zed_interfaces/zed_interfaces/msg/detail/skeleton2_d__rosidl_typesupport_fastrtps_cpp.hpp
[10.299s] -- Symlinking: /home/shi/ENSTA/ROB314/test_ws/install/zed_interfaces/include/zed_interfaces/zed_interfaces/msg/detail/skeleton3_d__rosidl_typesupport_fastrtps_cpp.hpp
[10.307s] -- Symlinking: /home/shi/ENSTA/ROB314/test_ws/install/zed_interfaces/include/zed_interfaces/zed_interfaces/msg/rosidl_typesupport_fastrtps_cpp__visibility_control.h
[10.315s] -- Symlinking: /home/shi/ENSTA/ROB314/test_ws/install/zed_interfaces/include/zed_interfaces/zed_interfaces/srv/detail/set_pose__rosidl_typesupport_fastrtps_cpp.hpp
[10.323s] -- Symlinking: /home/shi/ENSTA/ROB314/test_ws/install/zed_interfaces/include/zed_interfaces/zed_interfaces/srv/detail/set_roi__rosidl_typesupport_fastrtps_cpp.hpp
[10.331s] -- Symlinking: /home/shi/ENSTA/ROB314/test_ws/install/zed_interfaces/include/zed_interfaces/zed_interfaces/srv/detail/start_svo_rec__rosidl_typesupport_fastrtps_cpp.hpp
[10.340s] -- Symlinking: /home/shi/ENSTA/ROB314/test_ws/install/zed_interfaces/include/zed_interfaces/zed_interfaces/msg/detail/bounding_box2_df__rosidl_typesupport_introspection_c.h
[10.348s] -- Symlinking: /home/shi/ENSTA/ROB314/test_ws/install/zed_interfaces/include/zed_interfaces/zed_interfaces/msg/detail/bounding_box2_di__rosidl_typesupport_introspection_c.h
[10.356s] -- Symlinking: /home/shi/ENSTA/ROB314/test_ws/install/zed_interfaces/include/zed_interfaces/zed_interfaces/msg/detail/bounding_box3_d__rosidl_typesupport_introspection_c.h
[10.364s] -- Symlinking: /home/shi/ENSTA/ROB314/test_ws/install/zed_interfaces/include/zed_interfaces/zed_interfaces/msg/detail/depth_info_stamped__rosidl_typesupport_introspection_c.h
[10.372s] -- Symlinking: /home/shi/ENSTA/ROB314/test_ws/install/zed_interfaces/include/zed_interfaces/zed_interfaces/msg/detail/heartbeat__rosidl_typesupport_introspection_c.h
[10.380s] -- Symlinking: /home/shi/ENSTA/ROB314/test_ws/install/zed_interfaces/include/zed_interfaces/zed_interfaces/msg/detail/keypoint2_df__rosidl_typesupport_introspection_c.h
[10.388s] -- Symlinking: /home/shi/ENSTA/ROB314/test_ws/install/zed_interfaces/include/zed_interfaces/zed_interfaces/msg/detail/keypoint2_di__rosidl_typesupport_introspection_c.h
[10.396s] -- Symlinking: /home/shi/ENSTA/ROB314/test_ws/install/zed_interfaces/include/zed_interfaces/zed_interfaces/msg/detail/keypoint3_d__rosidl_typesupport_introspection_c.h
[10.404s] -- Symlinking: /home/shi/ENSTA/ROB314/test_ws/install/zed_interfaces/include/zed_interfaces/zed_interfaces/msg/detail/object__rosidl_typesupport_introspection_c.h
[10.412s] -- Symlinking: /home/shi/ENSTA/ROB314/test_ws/install/zed_interfaces/include/zed_interfaces/zed_interfaces/msg/detail/objects_stamped__rosidl_typesupport_introspection_c.h
[10.420s] -- Symlinking: /home/shi/ENSTA/ROB314/test_ws/install/zed_interfaces/include/zed_interfaces/zed_interfaces/msg/detail/plane_stamped__rosidl_typesupport_introspection_c.h
[10.427s] -- Symlinking: /home/shi/ENSTA/ROB314/test_ws/install/zed_interfaces/include/zed_interfaces/zed_interfaces/msg/detail/pos_track_status__rosidl_typesupport_introspection_c.h
[10.435s] -- Symlinking: /home/shi/ENSTA/ROB314/test_ws/install/zed_interfaces/include/zed_interfaces/zed_interfaces/msg/detail/skeleton2_d__rosidl_typesupport_introspection_c.h
[10.444s] -- Symlinking: /home/shi/ENSTA/ROB314/test_ws/install/zed_interfaces/include/zed_interfaces/zed_interfaces/msg/detail/skeleton3_d__rosidl_typesupport_introspection_c.h
[10.452s] -- Symlinking: /home/shi/ENSTA/ROB314/test_ws/install/zed_interfaces/include/zed_interfaces/zed_interfaces/msg/rosidl_typesupport_introspection_c__visibility_control.h
[10.460s] -- Symlinking: /home/shi/ENSTA/ROB314/test_ws/install/zed_interfaces/include/zed_interfaces/zed_interfaces/srv/detail/set_pose__rosidl_typesupport_introspection_c.h
[10.468s] -- Symlinking: /home/shi/ENSTA/ROB314/test_ws/install/zed_interfaces/include/zed_interfaces/zed_interfaces/srv/detail/set_roi__rosidl_typesupport_introspection_c.h
[10.476s] -- Symlinking: /home/shi/ENSTA/ROB314/test_ws/install/zed_interfaces/include/zed_interfaces/zed_interfaces/srv/detail/start_svo_rec__rosidl_typesupport_introspection_c.h
[10.485s] -- Symlinking: /home/shi/ENSTA/ROB314/test_ws/install/zed_interfaces/include/zed_interfaces/zed_interfaces/msg/detail/bounding_box2_df__rosidl_typesupport_introspection_cpp.hpp
[10.492s] -- Symlinking: /home/shi/ENSTA/ROB314/test_ws/install/zed_interfaces/include/zed_interfaces/zed_interfaces/msg/detail/bounding_box2_di__rosidl_typesupport_introspection_cpp.hpp
[10.499s] -- Symlinking: /home/shi/ENSTA/ROB314/test_ws/install/zed_interfaces/include/zed_interfaces/zed_interfaces/msg/detail/bounding_box3_d__rosidl_typesupport_introspection_cpp.hpp
[10.507s] -- Symlinking: /home/shi/ENSTA/ROB314/test_ws/install/zed_interfaces/include/zed_interfaces/zed_interfaces/msg/detail/depth_info_stamped__rosidl_typesupport_introspection_cpp.hpp
[10.515s] -- Symlinking: /home/shi/ENSTA/ROB314/test_ws/install/zed_interfaces/include/zed_interfaces/zed_interfaces/msg/detail/heartbeat__rosidl_typesupport_introspection_cpp.hpp
[10.523s] -- Symlinking: /home/shi/ENSTA/ROB314/test_ws/install/zed_interfaces/include/zed_interfaces/zed_interfaces/msg/detail/keypoint2_df__rosidl_typesupport_introspection_cpp.hpp
[10.531s] -- Symlinking: /home/shi/ENSTA/ROB314/test_ws/install/zed_interfaces/include/zed_interfaces/zed_interfaces/msg/detail/keypoint2_di__rosidl_typesupport_introspection_cpp.hpp
[10.539s] -- Symlinking: /home/shi/ENSTA/ROB314/test_ws/install/zed_interfaces/include/zed_interfaces/zed_interfaces/msg/detail/keypoint3_d__rosidl_typesupport_introspection_cpp.hpp
[10.547s] -- Symlinking: /home/shi/ENSTA/ROB314/test_ws/install/zed_interfaces/include/zed_interfaces/zed_interfaces/msg/detail/object__rosidl_typesupport_introspection_cpp.hpp
[10.555s] -- Symlinking: /home/shi/ENSTA/ROB314/test_ws/install/zed_interfaces/include/zed_interfaces/zed_interfaces/msg/detail/objects_stamped__rosidl_typesupport_introspection_cpp.hpp
[10.564s] -- Symlinking: /home/shi/ENSTA/ROB314/test_ws/install/zed_interfaces/include/zed_interfaces/zed_interfaces/msg/detail/plane_stamped__rosidl_typesupport_introspection_cpp.hpp
[10.572s] -- Symlinking: /home/shi/ENSTA/ROB314/test_ws/install/zed_interfaces/include/zed_interfaces/zed_interfaces/msg/detail/pos_track_status__rosidl_typesupport_introspection_cpp.hpp
[10.581s] -- Symlinking: /home/shi/ENSTA/ROB314/test_ws/install/zed_interfaces/include/zed_interfaces/zed_interfaces/msg/detail/skeleton2_d__rosidl_typesupport_introspection_cpp.hpp
[10.589s] -- Symlinking: /home/shi/ENSTA/ROB314/test_ws/install/zed_interfaces/include/zed_interfaces/zed_interfaces/msg/detail/skeleton3_d__rosidl_typesupport_introspection_cpp.hpp
[10.595s] -- Symlinking: /home/shi/ENSTA/ROB314/test_ws/install/zed_interfaces/include/zed_interfaces/zed_interfaces/srv/detail/set_pose__rosidl_typesupport_introspection_cpp.hpp
[10.600s] -- Symlinking: /home/shi/ENSTA/ROB314/test_ws/install/zed_interfaces/include/zed_interfaces/zed_interfaces/srv/detail/set_roi__rosidl_typesupport_introspection_cpp.hpp
[10.605s] -- Symlinking: /home/shi/ENSTA/ROB314/test_ws/install/zed_interfaces/include/zed_interfaces/zed_interfaces/srv/detail/start_svo_rec__rosidl_typesupport_introspection_cpp.hpp
[10.611s] -- Symlinking: /home/shi/ENSTA/ROB314/test_ws/install/zed_interfaces/share/zed_interfaces/environment/pythonpath.sh
[10.616s] -- Symlinking: /home/shi/ENSTA/ROB314/test_ws/install/zed_interfaces/share/zed_interfaces/environment/pythonpath.dsv
[10.621s] -- Symlinking: /home/shi/ENSTA/ROB314/test_ws/install/zed_interfaces/local/lib/python3.10/dist-packages/zed_interfaces-4.0.0-py3.10.egg-info/PKG-INFO
[10.627s] -- Symlinking: /home/shi/ENSTA/ROB314/test_ws/install/zed_interfaces/local/lib/python3.10/dist-packages/zed_interfaces-4.0.0-py3.10.egg-info/SOURCES.txt
[10.635s] -- Symlinking: /home/shi/ENSTA/ROB314/test_ws/install/zed_interfaces/local/lib/python3.10/dist-packages/zed_interfaces-4.0.0-py3.10.egg-info/dependency_links.txt
[10.643s] -- Symlinking: /home/shi/ENSTA/ROB314/test_ws/install/zed_interfaces/local/lib/python3.10/dist-packages/zed_interfaces-4.0.0-py3.10.egg-info/top_level.txt
[10.650s] -- Symlinking: /home/shi/ENSTA/ROB314/test_ws/install/zed_interfaces/local/lib/python3.10/dist-packages/zed_interfaces/__init__.py
[10.659s] -- Symlinking: /home/shi/ENSTA/ROB314/test_ws/install/zed_interfaces/local/lib/python3.10/dist-packages/zed_interfaces/_zed_interfaces_s.ep.rosidl_typesupport_c.c
[10.667s] -- Symlinking: /home/shi/ENSTA/ROB314/test_ws/install/zed_interfaces/local/lib/python3.10/dist-packages/zed_interfaces/_zed_interfaces_s.ep.rosidl_typesupport_fastrtps_c.c
[10.675s] -- Symlinking: /home/shi/ENSTA/ROB314/test_ws/install/zed_interfaces/local/lib/python3.10/dist-packages/zed_interfaces/_zed_interfaces_s.ep.rosidl_typesupport_introspection_c.c
[10.683s] -- Symlinking: /home/shi/ENSTA/ROB314/test_ws/install/zed_interfaces/local/lib/python3.10/dist-packages/zed_interfaces/libzed_interfaces__rosidl_generator_py.so
[10.691s] -- Symlinking: /home/shi/ENSTA/ROB314/test_ws/install/zed_interfaces/local/lib/python3.10/dist-packages/zed_interfaces/msg/__init__.py
[10.699s] -- Symlinking: /home/shi/ENSTA/ROB314/test_ws/install/zed_interfaces/local/lib/python3.10/dist-packages/zed_interfaces/msg/_bounding_box2_df.py
[10.707s] -- Symlinking: /home/shi/ENSTA/ROB314/test_ws/install/zed_interfaces/local/lib/python3.10/dist-packages/zed_interfaces/msg/_bounding_box2_df_s.c
[10.714s] -- Symlinking: /home/shi/ENSTA/ROB314/test_ws/install/zed_interfaces/local/lib/python3.10/dist-packages/zed_interfaces/msg/_bounding_box2_di.py
[10.722s] -- Symlinking: /home/shi/ENSTA/ROB314/test_ws/install/zed_interfaces/local/lib/python3.10/dist-packages/zed_interfaces/msg/_bounding_box2_di_s.c
[10.729s] -- Symlinking: /home/shi/ENSTA/ROB314/test_ws/install/zed_interfaces/local/lib/python3.10/dist-packages/zed_interfaces/msg/_bounding_box3_d.py
[10.736s] -- Symlinking: /home/shi/ENSTA/ROB314/test_ws/install/zed_interfaces/local/lib/python3.10/dist-packages/zed_interfaces/msg/_bounding_box3_d_s.c
[10.744s] -- Symlinking: /home/shi/ENSTA/ROB314/test_ws/install/zed_interfaces/local/lib/python3.10/dist-packages/zed_interfaces/msg/_depth_info_stamped.py
[10.752s] -- Symlinking: /home/shi/ENSTA/ROB314/test_ws/install/zed_interfaces/local/lib/python3.10/dist-packages/zed_interfaces/msg/_depth_info_stamped_s.c
[10.757s] -- Symlinking: /home/shi/ENSTA/ROB314/test_ws/install/zed_interfaces/local/lib/python3.10/dist-packages/zed_interfaces/msg/_heartbeat.py
[10.763s] -- Symlinking: /home/shi/ENSTA/ROB314/test_ws/install/zed_interfaces/local/lib/python3.10/dist-packages/zed_interfaces/msg/_heartbeat_s.c
[10.771s] -- Symlinking: /home/shi/ENSTA/ROB314/test_ws/install/zed_interfaces/local/lib/python3.10/dist-packages/zed_interfaces/msg/_keypoint2_df.py
[10.779s] -- Symlinking: /home/shi/ENSTA/ROB314/test_ws/install/zed_interfaces/local/lib/python3.10/dist-packages/zed_interfaces/msg/_keypoint2_df_s.c
[10.787s] -- Symlinking: /home/shi/ENSTA/ROB314/test_ws/install/zed_interfaces/local/lib/python3.10/dist-packages/zed_interfaces/msg/_keypoint2_di.py
[10.794s] -- Symlinking: /home/shi/ENSTA/ROB314/test_ws/install/zed_interfaces/local/lib/python3.10/dist-packages/zed_interfaces/msg/_keypoint2_di_s.c
[10.802s] -- Symlinking: /home/shi/ENSTA/ROB314/test_ws/install/zed_interfaces/local/lib/python3.10/dist-packages/zed_interfaces/msg/_keypoint3_d.py
[10.810s] -- Symlinking: /home/shi/ENSTA/ROB314/test_ws/install/zed_interfaces/local/lib/python3.10/dist-packages/zed_interfaces/msg/_keypoint3_d_s.c
[10.818s] -- Symlinking: /home/shi/ENSTA/ROB314/test_ws/install/zed_interfaces/local/lib/python3.10/dist-packages/zed_interfaces/msg/_object.py
[10.826s] -- Symlinking: /home/shi/ENSTA/ROB314/test_ws/install/zed_interfaces/local/lib/python3.10/dist-packages/zed_interfaces/msg/_object_s.c
[10.834s] -- Symlinking: /home/shi/ENSTA/ROB314/test_ws/install/zed_interfaces/local/lib/python3.10/dist-packages/zed_interfaces/msg/_objects_stamped.py
[10.841s] -- Symlinking: /home/shi/ENSTA/ROB314/test_ws/install/zed_interfaces/local/lib/python3.10/dist-packages/zed_interfaces/msg/_objects_stamped_s.c
[10.847s] -- Symlinking: /home/shi/ENSTA/ROB314/test_ws/install/zed_interfaces/local/lib/python3.10/dist-packages/zed_interfaces/msg/_plane_stamped.py
[10.852s] -- Symlinking: /home/shi/ENSTA/ROB314/test_ws/install/zed_interfaces/local/lib/python3.10/dist-packages/zed_interfaces/msg/_plane_stamped_s.c
[10.859s] -- Symlinking: /home/shi/ENSTA/ROB314/test_ws/install/zed_interfaces/local/lib/python3.10/dist-packages/zed_interfaces/msg/_pos_track_status.py
[10.865s] -- Symlinking: /home/shi/ENSTA/ROB314/test_ws/install/zed_interfaces/local/lib/python3.10/dist-packages/zed_interfaces/msg/_pos_track_status_s.c
[10.872s] -- Symlinking: /home/shi/ENSTA/ROB314/test_ws/install/zed_interfaces/local/lib/python3.10/dist-packages/zed_interfaces/msg/_skeleton2_d.py
[10.878s] -- Symlinking: /home/shi/ENSTA/ROB314/test_ws/install/zed_interfaces/local/lib/python3.10/dist-packages/zed_interfaces/msg/_skeleton2_d_s.c
[10.885s] -- Symlinking: /home/shi/ENSTA/ROB314/test_ws/install/zed_interfaces/local/lib/python3.10/dist-packages/zed_interfaces/msg/_skeleton3_d.py
[10.891s] -- Symlinking: /home/shi/ENSTA/ROB314/test_ws/install/zed_interfaces/local/lib/python3.10/dist-packages/zed_interfaces/msg/_skeleton3_d_s.c
[10.899s] -- Symlinking: /home/shi/ENSTA/ROB314/test_ws/install/zed_interfaces/local/lib/python3.10/dist-packages/zed_interfaces/srv/__init__.py
[10.907s] -- Symlinking: /home/shi/ENSTA/ROB314/test_ws/install/zed_interfaces/local/lib/python3.10/dist-packages/zed_interfaces/srv/_set_pose.py
[10.915s] -- Symlinking: /home/shi/ENSTA/ROB314/test_ws/install/zed_interfaces/local/lib/python3.10/dist-packages/zed_interfaces/srv/_set_pose_s.c
[10.923s] -- Symlinking: /home/shi/ENSTA/ROB314/test_ws/install/zed_interfaces/local/lib/python3.10/dist-packages/zed_interfaces/srv/_set_roi.py
[10.930s] -- Symlinking: /home/shi/ENSTA/ROB314/test_ws/install/zed_interfaces/local/lib/python3.10/dist-packages/zed_interfaces/srv/_set_roi_s.c
[10.936s] -- Symlinking: /home/shi/ENSTA/ROB314/test_ws/install/zed_interfaces/local/lib/python3.10/dist-packages/zed_interfaces/srv/_start_svo_rec.py
[10.943s] -- Symlinking: /home/shi/ENSTA/ROB314/test_ws/install/zed_interfaces/local/lib/python3.10/dist-packages/zed_interfaces/srv/_start_svo_rec_s.c
[10.950s] -- Symlinking: /home/shi/ENSTA/ROB314/test_ws/install/zed_interfaces/local/lib/python3.10/dist-packages/zed_interfaces/zed_interfaces_s__rosidl_typesupport_c.cpython-310-x86_64-linux-gnu.so
[10.957s] -- Symlinking: /home/shi/ENSTA/ROB314/test_ws/install/zed_interfaces/local/lib/python3.10/dist-packages/zed_interfaces/zed_interfaces_s__rosidl_typesupport_fastrtps_c.cpython-310-x86_64-linux-gnu.so
[10.965s] -- Symlinking: /home/shi/ENSTA/ROB314/test_ws/install/zed_interfaces/local/lib/python3.10/dist-packages/zed_interfaces/zed_interfaces_s__rosidl_typesupport_introspection_c.cpython-310-x86_64-linux-gnu.so
[10.974s] -- Up-to-date symlink: /home/shi/ENSTA/ROB314/test_ws/install/zed_interfaces/local/lib/python3.10/dist-packages/zed_interfaces/zed_interfaces_s__rosidl_typesupport_fastrtps_c.cpython-310-x86_64-linux-gnu.so
[10.974s] -- Up-to-date symlink: /home/shi/ENSTA/ROB314/test_ws/install/zed_interfaces/local/lib/python3.10/dist-packages/zed_interfaces/zed_interfaces_s__rosidl_typesupport_introspection_c.cpython-310-x86_64-linux-gnu.so
[10.974s] -- Up-to-date symlink: /home/shi/ENSTA/ROB314/test_ws/install/zed_interfaces/local/lib/python3.10/dist-packages/zed_interfaces/zed_interfaces_s__rosidl_typesupport_c.cpython-310-x86_64-linux-gnu.so
[10.975s] -- Symlinking: /home/shi/ENSTA/ROB314/test_ws/install/zed_interfaces/share/zed_interfaces/msg/Object.idl
[10.983s] -- Symlinking: /home/shi/ENSTA/ROB314/test_ws/install/zed_interfaces/share/zed_interfaces/msg/ObjectsStamped.idl
[10.991s] -- Symlinking: /home/shi/ENSTA/ROB314/test_ws/install/zed_interfaces/share/zed_interfaces/msg/Keypoint2Di.idl
[11.000s] -- Symlinking: /home/shi/ENSTA/ROB314/test_ws/install/zed_interfaces/share/zed_interfaces/msg/Keypoint2Df.idl
[11.008s] -- Symlinking: /home/shi/ENSTA/ROB314/test_ws/install/zed_interfaces/share/zed_interfaces/msg/Keypoint3D.idl
[11.016s] -- Symlinking: /home/shi/ENSTA/ROB314/test_ws/install/zed_interfaces/share/zed_interfaces/msg/BoundingBox2Di.idl
[11.024s] -- Symlinking: /home/shi/ENSTA/ROB314/test_ws/install/zed_interfaces/share/zed_interfaces/msg/BoundingBox2Df.idl
[11.032s] -- Symlinking: /home/shi/ENSTA/ROB314/test_ws/install/zed_interfaces/share/zed_interfaces/msg/BoundingBox3D.idl
[11.040s] -- Symlinking: /home/shi/ENSTA/ROB314/test_ws/install/zed_interfaces/share/zed_interfaces/msg/Skeleton2D.idl
[11.048s] -- Symlinking: /home/shi/ENSTA/ROB314/test_ws/install/zed_interfaces/share/zed_interfaces/msg/Skeleton3D.idl
[11.055s] -- Symlinking: /home/shi/ENSTA/ROB314/test_ws/install/zed_interfaces/share/zed_interfaces/msg/DepthInfoStamped.idl
[11.063s] -- Symlinking: /home/shi/ENSTA/ROB314/test_ws/install/zed_interfaces/share/zed_interfaces/msg/PlaneStamped.idl
[11.071s] -- Symlinking: /home/shi/ENSTA/ROB314/test_ws/install/zed_interfaces/share/zed_interfaces/msg/PosTrackStatus.idl
[11.080s] -- Symlinking: /home/shi/ENSTA/ROB314/test_ws/install/zed_interfaces/share/zed_interfaces/msg/Heartbeat.idl
[11.088s] -- Symlinking: /home/shi/ENSTA/ROB314/test_ws/install/zed_interfaces/share/zed_interfaces/srv/SetPose.idl
[11.096s] -- Symlinking: /home/shi/ENSTA/ROB314/test_ws/install/zed_interfaces/share/zed_interfaces/srv/StartSvoRec.idl
[11.105s] -- Symlinking: /home/shi/ENSTA/ROB314/test_ws/install/zed_interfaces/share/zed_interfaces/srv/SetROI.idl
[11.113s] -- Symlinking: /home/shi/ENSTA/ROB314/test_ws/install/zed_interfaces/share/zed_interfaces/msg/Object.msg
[11.119s] -- Symlinking: /home/shi/ENSTA/ROB314/test_ws/install/zed_interfaces/share/zed_interfaces/msg/ObjectsStamped.msg
[11.124s] -- Symlinking: /home/shi/ENSTA/ROB314/test_ws/install/zed_interfaces/share/zed_interfaces/msg/Keypoint2Di.msg
[11.132s] -- Symlinking: /home/shi/ENSTA/ROB314/test_ws/install/zed_interfaces/share/zed_interfaces/msg/Keypoint2Df.msg
[11.140s] -- Symlinking: /home/shi/ENSTA/ROB314/test_ws/install/zed_interfaces/share/zed_interfaces/msg/Keypoint3D.msg
[11.148s] -- Symlinking: /home/shi/ENSTA/ROB314/test_ws/install/zed_interfaces/share/zed_interfaces/msg/BoundingBox2Di.msg
[11.155s] -- Symlinking: /home/shi/ENSTA/ROB314/test_ws/install/zed_interfaces/share/zed_interfaces/msg/BoundingBox2Df.msg
[11.164s] -- Symlinking: /home/shi/ENSTA/ROB314/test_ws/install/zed_interfaces/share/zed_interfaces/msg/BoundingBox3D.msg
[11.172s] -- Symlinking: /home/shi/ENSTA/ROB314/test_ws/install/zed_interfaces/share/zed_interfaces/msg/Skeleton2D.msg
[11.178s] -- Symlinking: /home/shi/ENSTA/ROB314/test_ws/install/zed_interfaces/share/zed_interfaces/msg/Skeleton3D.msg
[11.185s] -- Symlinking: /home/shi/ENSTA/ROB314/test_ws/install/zed_interfaces/share/zed_interfaces/msg/DepthInfoStamped.msg
[11.191s] -- Symlinking: /home/shi/ENSTA/ROB314/test_ws/install/zed_interfaces/share/zed_interfaces/msg/PlaneStamped.msg
[11.199s] -- Symlinking: /home/shi/ENSTA/ROB314/test_ws/install/zed_interfaces/share/zed_interfaces/msg/PosTrackStatus.msg
[11.207s] -- Symlinking: /home/shi/ENSTA/ROB314/test_ws/install/zed_interfaces/share/zed_interfaces/msg/Heartbeat.msg
[11.213s] -- Symlinking: /home/shi/ENSTA/ROB314/test_ws/install/zed_interfaces/share/zed_interfaces/srv/SetPose.srv
[11.220s] -- Symlinking: /home/shi/ENSTA/ROB314/test_ws/install/zed_interfaces/share/zed_interfaces/srv/SetPose_Request.msg
[11.228s] -- Symlinking: /home/shi/ENSTA/ROB314/test_ws/install/zed_interfaces/share/zed_interfaces/srv/SetPose_Response.msg
[11.236s] -- Symlinking: /home/shi/ENSTA/ROB314/test_ws/install/zed_interfaces/share/zed_interfaces/srv/StartSvoRec.srv
[11.244s] -- Symlinking: /home/shi/ENSTA/ROB314/test_ws/install/zed_interfaces/share/zed_interfaces/srv/StartSvoRec_Request.msg
[11.253s] -- Symlinking: /home/shi/ENSTA/ROB314/test_ws/install/zed_interfaces/share/zed_interfaces/srv/StartSvoRec_Response.msg
[11.262s] -- Symlinking: /home/shi/ENSTA/ROB314/test_ws/install/zed_interfaces/share/zed_interfaces/srv/SetROI.srv
[11.271s] -- Symlinking: /home/shi/ENSTA/ROB314/test_ws/install/zed_interfaces/share/zed_interfaces/srv/SetROI_Request.msg
[11.280s] -- Symlinking: /home/shi/ENSTA/ROB314/test_ws/install/zed_interfaces/share/zed_interfaces/srv/SetROI_Response.msg
[11.289s] -- Symlinking: /home/shi/ENSTA/ROB314/test_ws/install/zed_interfaces/share/zed_interfaces/meshes/zed.stl
[11.298s] -- Symlinking: /home/shi/ENSTA/ROB314/test_ws/install/zed_interfaces/share/zed_interfaces/meshes/zed2.stl
[11.307s] -- Symlinking: /home/shi/ENSTA/ROB314/test_ws/install/zed_interfaces/share/zed_interfaces/meshes/zed2i.stl
[11.316s] -- Symlinking: /home/shi/ENSTA/ROB314/test_ws/install/zed_interfaces/share/zed_interfaces/meshes/zedm.stl
[11.324s] -- Symlinking: /home/shi/ENSTA/ROB314/test_ws/install/zed_interfaces/share/zed_interfaces/meshes/zedx.stl
[11.329s] -- Symlinking: /home/shi/ENSTA/ROB314/test_ws/install/zed_interfaces/share/zed_interfaces/meshes/zedxm.stl
[11.334s] -- Symlinking: /home/shi/ENSTA/ROB314/test_ws/install/zed_interfaces/share/ament_index/resource_index/package_run_dependencies/zed_interfaces
[11.339s] -- Symlinking: /home/shi/ENSTA/ROB314/test_ws/install/zed_interfaces/share/ament_index/resource_index/parent_prefix_path/zed_interfaces
[11.343s] -- Symlinking: /home/shi/ENSTA/ROB314/test_ws/install/zed_interfaces/share/zed_interfaces/environment/ament_prefix_path.sh
[11.348s] -- Symlinking: /home/shi/ENSTA/ROB314/test_ws/install/zed_interfaces/share/zed_interfaces/environment/ament_prefix_path.dsv
[11.353s] -- Symlinking: /home/shi/ENSTA/ROB314/test_ws/install/zed_interfaces/share/zed_interfaces/environment/path.sh
[11.361s] -- Symlinking: /home/shi/ENSTA/ROB314/test_ws/install/zed_interfaces/share/zed_interfaces/environment/path.dsv
[11.371s] -- Symlinking: /home/shi/ENSTA/ROB314/test_ws/install/zed_interfaces/share/zed_interfaces/local_setup.bash
[11.379s] -- Symlinking: /home/shi/ENSTA/ROB314/test_ws/install/zed_interfaces/share/zed_interfaces/local_setup.sh
[11.386s] -- Symlinking: /home/shi/ENSTA/ROB314/test_ws/install/zed_interfaces/share/zed_interfaces/local_setup.zsh
[11.391s] -- Symlinking: /home/shi/ENSTA/ROB314/test_ws/install/zed_interfaces/share/zed_interfaces/local_setup.dsv
[11.396s] -- Symlinking: /home/shi/ENSTA/ROB314/test_ws/install/zed_interfaces/share/zed_interfaces/package.dsv
[11.403s] -- Symlinking: /home/shi/ENSTA/ROB314/test_ws/install/zed_interfaces/share/ament_index/resource_index/packages/zed_interfaces
[11.411s] -- Symlinking: /home/shi/ENSTA/ROB314/test_ws/install/zed_interfaces/share/zed_interfaces/cmake/rosidl_cmake-extras.cmake
[11.416s] -- Symlinking: /home/shi/ENSTA/ROB314/test_ws/install/zed_interfaces/share/zed_interfaces/cmake/ament_cmake_export_dependencies-extras.cmake
[11.421s] -- Symlinking: /home/shi/ENSTA/ROB314/test_ws/install/zed_interfaces/share/zed_interfaces/cmake/ament_cmake_export_include_directories-extras.cmake
[11.426s] -- Symlinking: /home/shi/ENSTA/ROB314/test_ws/install/zed_interfaces/share/zed_interfaces/cmake/ament_cmake_export_libraries-extras.cmake
[11.430s] -- Symlinking: /home/shi/ENSTA/ROB314/test_ws/install/zed_interfaces/share/zed_interfaces/cmake/ament_cmake_export_targets-extras.cmake
[11.435s] -- Symlinking: /home/shi/ENSTA/ROB314/test_ws/install/zed_interfaces/share/zed_interfaces/cmake/rosidl_cmake_export_typesupport_targets-extras.cmake
[11.439s] -- Symlinking: /home/shi/ENSTA/ROB314/test_ws/install/zed_interfaces/share/zed_interfaces/cmake/rosidl_cmake_export_typesupport_libraries-extras.cmake
[11.444s] -- Symlinking: /home/shi/ENSTA/ROB314/test_ws/install/zed_interfaces/share/zed_interfaces/cmake/zed_interfacesConfig.cmake
[11.448s] -- Symlinking: /home/shi/ENSTA/ROB314/test_ws/install/zed_interfaces/share/zed_interfaces/cmake/zed_interfacesConfig-version.cmake
[11.453s] -- Symlinking: /home/shi/ENSTA/ROB314/test_ws/install/zed_interfaces/share/zed_interfaces/package.xml
[11.458s] -- Installing: /home/shi/ENSTA/ROB314/test_ws/install/zed_interfaces/lib/libzed_interfaces__rosidl_generator_c.so
[11.458s] -- Set runtime path of "/home/shi/ENSTA/ROB314/test_ws/install/zed_interfaces/lib/libzed_interfaces__rosidl_generator_c.so" to ""
[11.458s] -- Installing: /home/shi/ENSTA/ROB314/test_ws/install/zed_interfaces/lib/libzed_interfaces__rosidl_typesupport_fastrtps_c.so
[11.458s] -- Set runtime path of "/home/shi/ENSTA/ROB314/test_ws/install/zed_interfaces/lib/libzed_interfaces__rosidl_typesupport_fastrtps_c.so" to ""
[11.458s] -- Installing: /home/shi/ENSTA/ROB314/test_ws/install/zed_interfaces/lib/libzed_interfaces__rosidl_typesupport_fastrtps_cpp.so
[11.458s] -- Set runtime path of "/home/shi/ENSTA/ROB314/test_ws/install/zed_interfaces/lib/libzed_interfaces__rosidl_typesupport_fastrtps_cpp.so" to ""
[11.458s] -- Installing: /home/shi/ENSTA/ROB314/test_ws/install/zed_interfaces/lib/libzed_interfaces__rosidl_typesupport_introspection_c.so
[11.459s] -- Set runtime path of "/home/shi/ENSTA/ROB314/test_ws/install/zed_interfaces/lib/libzed_interfaces__rosidl_typesupport_introspection_c.so" to ""
[11.459s] -- Installing: /home/shi/ENSTA/ROB314/test_ws/install/zed_interfaces/lib/libzed_interfaces__rosidl_typesupport_c.so
[11.459s] -- Set runtime path of "/home/shi/ENSTA/ROB314/test_ws/install/zed_interfaces/lib/libzed_interfaces__rosidl_typesupport_c.so" to ""
[11.459s] -- Installing: /home/shi/ENSTA/ROB314/test_ws/install/zed_interfaces/lib/libzed_interfaces__rosidl_typesupport_introspection_cpp.so
[11.459s] -- Set runtime path of "/home/shi/ENSTA/ROB314/test_ws/install/zed_interfaces/lib/libzed_interfaces__rosidl_typesupport_introspection_cpp.so" to ""
[11.459s] -- Installing: /home/shi/ENSTA/ROB314/test_ws/install/zed_interfaces/lib/libzed_interfaces__rosidl_typesupport_cpp.so
[11.459s] -- Set runtime path of "/home/shi/ENSTA/ROB314/test_ws/install/zed_interfaces/lib/libzed_interfaces__rosidl_typesupport_cpp.so" to ""
[11.510s] Listing '/home/shi/ENSTA/ROB314/test_ws/install/zed_interfaces/local/lib/python3.10/dist-packages/zed_interfaces'...
[11.510s] Compiling '/home/shi/ENSTA/ROB314/test_ws/install/zed_interfaces/local/lib/python3.10/dist-packages/zed_interfaces/__init__.py'...
[11.510s] Listing '/home/shi/ENSTA/ROB314/test_ws/install/zed_interfaces/local/lib/python3.10/dist-packages/zed_interfaces/msg'...
[11.510s] Compiling '/home/shi/ENSTA/ROB314/test_ws/install/zed_interfaces/local/lib/python3.10/dist-packages/zed_interfaces/msg/__init__.py'...
[11.510s] Compiling '/home/shi/ENSTA/ROB314/test_ws/install/zed_interfaces/local/lib/python3.10/dist-packages/zed_interfaces/msg/_bounding_box2_df.py'...
[11.510s] Compiling '/home/shi/ENSTA/ROB314/test_ws/install/zed_interfaces/local/lib/python3.10/dist-packages/zed_interfaces/msg/_bounding_box2_di.py'...
[11.510s] Compiling '/home/shi/ENSTA/ROB314/test_ws/install/zed_interfaces/local/lib/python3.10/dist-packages/zed_interfaces/msg/_bounding_box3_d.py'...
[11.510s] Compiling '/home/shi/ENSTA/ROB314/test_ws/install/zed_interfaces/local/lib/python3.10/dist-packages/zed_interfaces/msg/_depth_info_stamped.py'...
[11.510s] Compiling '/home/shi/ENSTA/ROB314/test_ws/install/zed_interfaces/local/lib/python3.10/dist-packages/zed_interfaces/msg/_heartbeat.py'...
[11.510s] Compiling '/home/shi/ENSTA/ROB314/test_ws/install/zed_interfaces/local/lib/python3.10/dist-packages/zed_interfaces/msg/_keypoint2_df.py'...
[11.510s] Compiling '/home/shi/ENSTA/ROB314/test_ws/install/zed_interfaces/local/lib/python3.10/dist-packages/zed_interfaces/msg/_keypoint2_di.py'...
[11.510s] Compiling '/home/shi/ENSTA/ROB314/test_ws/install/zed_interfaces/local/lib/python3.10/dist-packages/zed_interfaces/msg/_keypoint3_d.py'...
[11.510s] Compiling '/home/shi/ENSTA/ROB314/test_ws/install/zed_interfaces/local/lib/python3.10/dist-packages/zed_interfaces/msg/_object.py'...
[11.510s] Compiling '/home/shi/ENSTA/ROB314/test_ws/install/zed_interfaces/local/lib/python3.10/dist-packages/zed_interfaces/msg/_objects_stamped.py'...
[11.510s] Compiling '/home/shi/ENSTA/ROB314/test_ws/install/zed_interfaces/local/lib/python3.10/dist-packages/zed_interfaces/msg/_plane_stamped.py'...
[11.510s] Compiling '/home/shi/ENSTA/ROB314/test_ws/install/zed_interfaces/local/lib/python3.10/dist-packages/zed_interfaces/msg/_pos_track_status.py'...
[11.510s] Compiling '/home/shi/ENSTA/ROB314/test_ws/install/zed_interfaces/local/lib/python3.10/dist-packages/zed_interfaces/msg/_skeleton2_d.py'...
[11.510s] Compiling '/home/shi/ENSTA/ROB314/test_ws/install/zed_interfaces/local/lib/python3.10/dist-packages/zed_interfaces/msg/_skeleton3_d.py'...
[11.510s] Listing '/home/shi/ENSTA/ROB314/test_ws/install/zed_interfaces/local/lib/python3.10/dist-packages/zed_interfaces/srv'...
[11.510s] Compiling '/home/shi/ENSTA/ROB314/test_ws/install/zed_interfaces/local/lib/python3.10/dist-packages/zed_interfaces/srv/__init__.py'...
[11.510s] Compiling '/home/shi/ENSTA/ROB314/test_ws/install/zed_interfaces/local/lib/python3.10/dist-packages/zed_interfaces/srv/_set_pose.py'...
[11.511s] Compiling '/home/shi/ENSTA/ROB314/test_ws/install/zed_interfaces/local/lib/python3.10/dist-packages/zed_interfaces/srv/_set_roi.py'...
[11.511s] Compiling '/home/shi/ENSTA/ROB314/test_ws/install/zed_interfaces/local/lib/python3.10/dist-packages/zed_interfaces/srv/_start_svo_rec.py'...
[11.513s] -- Installing: /home/shi/ENSTA/ROB314/test_ws/install/zed_interfaces/lib/libzed_interfaces__rosidl_generator_py.so
[11.513s] -- Set runtime path of "/home/shi/ENSTA/ROB314/test_ws/install/zed_interfaces/lib/libzed_interfaces__rosidl_generator_py.so" to ""
[11.513s] -- Installing: /home/shi/ENSTA/ROB314/test_ws/install/zed_interfaces/share/zed_interfaces/cmake/export_zed_interfaces__rosidl_generator_cExport.cmake
[11.513s] -- Installing: /home/shi/ENSTA/ROB314/test_ws/install/zed_interfaces/share/zed_interfaces/cmake/export_zed_interfaces__rosidl_generator_cExport-release.cmake
[11.513s] -- Installing: /home/shi/ENSTA/ROB314/test_ws/install/zed_interfaces/share/zed_interfaces/cmake/export_zed_interfaces__rosidl_typesupport_fastrtps_cExport.cmake
[11.513s] -- Installing: /home/shi/ENSTA/ROB314/test_ws/install/zed_interfaces/share/zed_interfaces/cmake/export_zed_interfaces__rosidl_typesupport_fastrtps_cExport-release.cmake
[11.513s] -- Installing: /home/shi/ENSTA/ROB314/test_ws/install/zed_interfaces/share/zed_interfaces/cmake/export_zed_interfaces__rosidl_generator_cppExport.cmake
[11.513s] -- Installing: /home/shi/ENSTA/ROB314/test_ws/install/zed_interfaces/share/zed_interfaces/cmake/export_zed_interfaces__rosidl_typesupport_fastrtps_cppExport.cmake
[11.513s] -- Installing: /home/shi/ENSTA/ROB314/test_ws/install/zed_interfaces/share/zed_interfaces/cmake/export_zed_interfaces__rosidl_typesupport_fastrtps_cppExport-release.cmake
[11.513s] -- Installing: /home/shi/ENSTA/ROB314/test_ws/install/zed_interfaces/share/zed_interfaces/cmake/zed_interfaces__rosidl_typesupport_introspection_cExport.cmake
[11.513s] -- Installing: /home/shi/ENSTA/ROB314/test_ws/install/zed_interfaces/share/zed_interfaces/cmake/zed_interfaces__rosidl_typesupport_introspection_cExport-release.cmake
[11.514s] -- Installing: /home/shi/ENSTA/ROB314/test_ws/install/zed_interfaces/share/zed_interfaces/cmake/zed_interfaces__rosidl_typesupport_cExport.cmake
[11.514s] -- Installing: /home/shi/ENSTA/ROB314/test_ws/install/zed_interfaces/share/zed_interfaces/cmake/zed_interfaces__rosidl_typesupport_cExport-release.cmake
[11.514s] -- Installing: /home/shi/ENSTA/ROB314/test_ws/install/zed_interfaces/share/zed_interfaces/cmake/zed_interfaces__rosidl_typesupport_introspection_cppExport.cmake
[11.514s] -- Installing: /home/shi/ENSTA/ROB314/test_ws/install/zed_interfaces/share/zed_interfaces/cmake/zed_interfaces__rosidl_typesupport_introspection_cppExport-release.cmake
[11.514s] -- Installing: /home/shi/ENSTA/ROB314/test_ws/install/zed_interfaces/share/zed_interfaces/cmake/zed_interfaces__rosidl_typesupport_cppExport.cmake
[11.514s] -- Installing: /home/shi/ENSTA/ROB314/test_ws/install/zed_interfaces/share/zed_interfaces/cmake/zed_interfaces__rosidl_typesupport_cppExport-release.cmake
[11.514s] -- Installing: /home/shi/ENSTA/ROB314/test_ws/install/zed_interfaces/share/zed_interfaces/cmake/export_zed_interfaces__rosidl_generator_pyExport.cmake
[11.514s] -- Installing: /home/shi/ENSTA/ROB314/test_ws/install/zed_interfaces/share/zed_interfaces/cmake/export_zed_interfaces__rosidl_generator_pyExport-release.cmake
[11.515s] Invoked command in '/home/shi/ENSTA/ROB314/test_ws/build/zed_interfaces' returned '0': CMAKE_PREFIX_PATH=/opt/ros/humble /usr/bin/cmake --install /home/shi/ENSTA/ROB314/test_ws/build/zed_interfaces
