[0.026s] Invoking command in '/home/shi/ENSTA/ROB314/test_ws/build/zed_components': AMENT_PREFIX_PATH=/home/shi/ENSTA/ROB314/test_ws/install/zed_interfaces:${AMENT_PREFIX_PATH} CMAKE_PREFIX_PATH=/home/shi/ENSTA/ROB314/test_ws/install/zed_interfaces:/opt/ros/humble LD_LIBRARY_PATH=/home/shi/ENSTA/ROB314/test_ws/install/zed_interfaces/lib:${LD_LIBRARY_PATH} PYTHONPATH=/home/shi/ENSTA/ROB314/test_ws/install/zed_interfaces/local/lib/python3.10/dist-packages:${PYTHONPATH} /usr/bin/cmake /home/shi/ENSTA/ROB314/test_ws/src/zed-ros2-wrapper/zed_components -DCMAKE_BUILD_TYPE=Release -DAMENT_CMAKE_SYMLINK_INSTALL=1 -DCMAKE_INSTALL_PREFIX=/home/shi/ENSTA/ROB314/test_ws/install/zed_components
[0.068s] -- The C compiler identification is GNU 11.4.0
[0.119s] -- The CXX compiler identification is GNU 11.4.0
[0.123s] -- Detecting C compiler ABI info
[0.181s] -- Detecting C compiler ABI info - done
[0.187s] -- Check for working C compiler: /usr/bin/cc - skipped
[0.187s] -- Detecting C compile features
[0.187s] -- Detecting C compile features - done
[0.190s] -- Detecting CXX compiler ABI info
[0.256s] -- Detecting CXX compiler ABI info - done
[0.261s] -- Check for working CXX compiler: /usr/bin/c++ - skipped
[0.261s] -- Detecting CXX compile features
[0.262s] -- Detecting CXX compile features - done
[0.266s] -- Looking for sgemm_
[0.323s] -- Looking for sgemm_ - not found
[0.325s] -- Looking for pthread.h
[0.394s] -- Looking for pthread.h - found
[0.394s] -- Performing Test CMAKE_HAVE_LIBC_PTHREAD
[0.463s] -- Performing Test CMAKE_HAVE_LIBC_PTHREAD - Success
[0.463s] -- Found Threads: TRUE  
[0.485s] -- Looking for sgemm_
[0.574s] -- Looking for sgemm_ - found
[0.574s] -- Found BLAS: /usr/lib/x86_64-linux-gnu/libopenblas.so  
[0.596s] -- Found CUDA: /usr/local/cuda (found suitable version "12.3", minimum required is "12") 
[0.809s] -- Found CUDA: /usr/local/cuda (found version "12.3") 
[0.810s] -- Found ament_cmake_auto: 1.3.8 (/opt/ros/humble/share/ament_cmake_auto/cmake)
[0.911s] -- Found Python3: /usr/bin/python3 (found version "3.10.12") found components: Interpreter 
[0.952s] -- Override CMake install command with custom implementation using symlinks instead of copying resources
[1.022s] -- Found rosidl_generator_c: 3.1.5 (/opt/ros/humble/share/rosidl_generator_c/cmake)
[1.025s] -- Found rosidl_adapter: 3.1.5 (/opt/ros/humble/share/rosidl_adapter/cmake)
[1.030s] -- Found rosidl_generator_cpp: 3.1.5 (/opt/ros/humble/share/rosidl_generator_cpp/cmake)
[1.038s] -- Using all available rosidl_typesupport_c: rosidl_typesupport_fastrtps_c;rosidl_typesupport_introspection_c
[1.050s] -- Using all available rosidl_typesupport_cpp: rosidl_typesupport_fastrtps_cpp;rosidl_typesupport_introspection_cpp
[1.268s] -- Found rmw_implementation_cmake: 6.1.1 (/opt/ros/humble/share/rmw_implementation_cmake/cmake)
[1.270s] -- Found rmw_fastrtps_cpp: 6.2.6 (/opt/ros/humble/share/rmw_fastrtps_cpp/cmake)
[1.339s] -- Found OpenSSL: /usr/lib/x86_64-linux-gnu/libcrypto.so (found version "3.0.2")  
[1.360s] -- Found FastRTPS: /opt/ros/humble/include  
[1.390s] -- Using RMW implementation 'rmw_fastrtps_cpp' as default
[1.983s] -- Found eigen3_cmake_module: 0.1.1 (/opt/ros/humble/share/eigen3_cmake_module/cmake)
[1.984s] -- Found Eigen3: TRUE (found version "3.4.0") 
[1.984s] -- Ensuring Eigen3 include directory is part of orocos-kdl CMake target
[2.161s] -- Configuring incomplete, errors occurred!
[2.161s] See also "/home/shi/ENSTA/ROB314/test_ws/build/zed_components/CMakeFiles/CMakeOutput.log".
[2.161s] See also "/home/shi/ENSTA/ROB314/test_ws/build/zed_components/CMakeFiles/CMakeError.log".
[2.161s] [31mCMake Error at CMakeLists.txt:129 (find_package):
[2.161s]   By not providing "Findnmea_msgs.cmake" in CMAKE_MODULE_PATH this project
[2.161s]   has asked CMake to find a package configuration file provided by
[2.161s]   "nmea_msgs", but CMake did not find one.
[2.161s] 
[2.161s]   Could not find a package configuration file provided by "nmea_msgs" with
[2.161s]   any of the following names:
[2.161s] 
[2.161s]     nmea_msgsConfig.cmake
[2.161s]     nmea_msgs-config.cmake
[2.161s] 
[2.161s]   Add the installation prefix of "nmea_msgs" to CMAKE_PREFIX_PATH or set
[2.161s]   "nmea_msgs_DIR" to a directory containing one of the above files.  If
[2.161s]   "nmea_msgs" provides a separate development package or SDK, be sure it has
[2.161s]   been installed.
[2.161s] 
[2.161s] [0m
[2.168s] Invoked command in '/home/shi/ENSTA/ROB314/test_ws/build/zed_components' returned '1': AMENT_PREFIX_PATH=/home/shi/ENSTA/ROB314/test_ws/install/zed_interfaces:${AMENT_PREFIX_PATH} CMAKE_PREFIX_PATH=/home/shi/ENSTA/ROB314/test_ws/install/zed_interfaces:/opt/ros/humble LD_LIBRARY_PATH=/home/shi/ENSTA/ROB314/test_ws/install/zed_interfaces/lib:${LD_LIBRARY_PATH} PYTHONPATH=/home/shi/ENSTA/ROB314/test_ws/install/zed_interfaces/local/lib/python3.10/dist-packages:${PYTHONPATH} /usr/bin/cmake /home/shi/ENSTA/ROB314/test_ws/src/zed-ros2-wrapper/zed_components -DCMAKE_BUILD_TYPE=Release -DAMENT_CMAKE_SYMLINK_INSTALL=1 -DCMAKE_INSTALL_PREFIX=/home/shi/ENSTA/ROB314/test_ws/install/zed_components
