[0.095s] Invoking command in '/home/shi/ENSTA/ROB314/test_ws/build/zed_tutorial_depth': CMAKE_PREFIX_PATH=${CMAKE_PREFIX_PATH}:/opt/ros/humble /usr/bin/cmake /home/shi/ENSTA/ROB314/test_ws/zed-ros2-examples/tutorials/zed_depth_tutorial -DCMAKE_BUILD_TYPE=Release -DAMENT_CMAKE_SYMLINK_INSTALL=1 -DCMAKE_INSTALL_PREFIX=/home/shi/ENSTA/ROB314/test_ws/install/zed_tutorial_depth
[0.128s] -- The C compiler identification is GNU 11.4.0
[0.174s] -- The CXX compiler identification is GNU 11.4.0
[0.179s] -- Detecting C compiler ABI info
[0.220s] -- Detecting C compiler ABI info - done
[0.225s] -- Check for working C compiler: /usr/bin/cc - skipped
[0.225s] -- Detecting C compile features
[0.226s] -- Detecting C compile features - done
[0.228s] -- Detecting CXX compiler ABI info
[0.276s] -- Detecting CXX compiler ABI info - done
[0.285s] -- Check for working CXX compiler: /usr/bin/c++ - skipped
[0.286s] -- Detecting CXX compile features
[0.286s] -- Detecting CXX compile features - done
[0.288s] -- Found ament_cmake_auto: 1.3.8 (/opt/ros/humble/share/ament_cmake_auto/cmake)
[0.392s] -- Found Python3: /usr/bin/python3 (found version "3.10.12") found components: Interpreter 
[0.432s] -- Override CMake install command with custom implementation using symlinks instead of copying resources
[0.520s] -- Found rosidl_generator_c: 3.1.5 (/opt/ros/humble/share/rosidl_generator_c/cmake)
[0.521s] -- Found rosidl_adapter: 3.1.5 (/opt/ros/humble/share/rosidl_adapter/cmake)
[0.526s] -- Found rosidl_generator_cpp: 3.1.5 (/opt/ros/humble/share/rosidl_generator_cpp/cmake)
[0.535s] -- Using all available rosidl_typesupport_c: rosidl_typesupport_fastrtps_c;rosidl_typesupport_introspection_c
[0.547s] -- Using all available rosidl_typesupport_cpp: rosidl_typesupport_fastrtps_cpp;rosidl_typesupport_introspection_cpp
[0.595s] -- Found rmw_implementation_cmake: 6.1.1 (/opt/ros/humble/share/rmw_implementation_cmake/cmake)
[0.596s] -- Found rmw_fastrtps_cpp: 6.2.6 (/opt/ros/humble/share/rmw_fastrtps_cpp/cmake)
[0.660s] -- Found OpenSSL: /usr/lib/x86_64-linux-gnu/libcrypto.so (found version "3.0.2")  
[0.680s] -- Found FastRTPS: /opt/ros/humble/include  
[0.712s] -- Using RMW implementation 'rmw_fastrtps_cpp' as default
[0.718s] -- Looking for pthread.h
[0.763s] -- Looking for pthread.h - found
[0.763s] -- Performing Test CMAKE_HAVE_LIBC_PTHREAD
[0.810s] -- Performing Test CMAKE_HAVE_LIBC_PTHREAD - Success
[0.812s] -- Found Threads: TRUE  
[1.020s] -- Found ament_lint_auto: 0.12.10 (/opt/ros/humble/share/ament_lint_auto/cmake)
[1.040s] -- Added test 'copyright' to check source files copyright and LICENSE
[1.041s] -- Added test 'cppcheck' to perform static code analysis on C / C++ code
[1.041s] -- Configured cppcheck include dirs: 
[1.042s] -- Configured cppcheck exclude dirs and/or files: 
[1.042s] -- Added test 'cpplint' to check C / C++ code against the Google style
[1.043s] -- Configured cpplint exclude dirs and/or files: 
[1.043s] -- Added test 'lint_cmake' to check CMake code style
[1.043s] -- Added test 'uncrustify' to check C / C++ code style
[1.043s] -- Configured uncrustify additional arguments: 
[1.043s] -- Added test 'xmllint' to check XML markup files
[1.044s] -- Configuring done
[1.050s] -- Generating done
[1.051s] -- Build files have been written to: /home/shi/ENSTA/ROB314/test_ws/build/zed_tutorial_depth
[1.180s] Invoked command in '/home/shi/ENSTA/ROB314/test_ws/build/zed_tutorial_depth' returned '0': CMAKE_PREFIX_PATH=${CMAKE_PREFIX_PATH}:/opt/ros/humble /usr/bin/cmake /home/shi/ENSTA/ROB314/test_ws/zed-ros2-examples/tutorials/zed_depth_tutorial -DCMAKE_BUILD_TYPE=Release -DAMENT_CMAKE_SYMLINK_INSTALL=1 -DCMAKE_INSTALL_PREFIX=/home/shi/ENSTA/ROB314/test_ws/install/zed_tutorial_depth
[1.181s] Invoking command in '/home/shi/ENSTA/ROB314/test_ws/build/zed_tutorial_depth': CMAKE_PREFIX_PATH=${CMAKE_PREFIX_PATH}:/opt/ros/humble /usr/bin/cmake --build /home/shi/ENSTA/ROB314/test_ws/build/zed_tutorial_depth -- -j20 -l20
[1.211s] [ 50%] [32mBuilding CXX object CMakeFiles/zed_tutorial_depth.dir/src/zed_depth_sub_tutorial.cpp.o[0m
[8.801s] [100%] [32m[1mLinking CXX executable zed_tutorial_depth[0m
[8.918s] [100%] Built target zed_tutorial_depth
[8.957s] Invoked command in '/home/shi/ENSTA/ROB314/test_ws/build/zed_tutorial_depth' returned '0': CMAKE_PREFIX_PATH=${CMAKE_PREFIX_PATH}:/opt/ros/humble /usr/bin/cmake --build /home/shi/ENSTA/ROB314/test_ws/build/zed_tutorial_depth -- -j20 -l20
[9.018s] Invoking command in '/home/shi/ENSTA/ROB314/test_ws/build/zed_tutorial_depth': CMAKE_PREFIX_PATH=${CMAKE_PREFIX_PATH}:/opt/ros/humble /usr/bin/cmake --install /home/shi/ENSTA/ROB314/test_ws/build/zed_tutorial_depth
[9.023s] -- Install configuration: "Release"
[9.023s] -- Execute custom install script
[9.023s] -- Symlinking: /home/shi/ENSTA/ROB314/test_ws/install/zed_tutorial_depth/lib/zed_tutorial_depth/zed_tutorial_depth
[9.032s] -- Symlinking: /home/shi/ENSTA/ROB314/test_ws/install/zed_tutorial_depth/share/ament_index/resource_index/package_run_dependencies/zed_tutorial_depth
[9.037s] -- Symlinking: /home/shi/ENSTA/ROB314/test_ws/install/zed_tutorial_depth/share/ament_index/resource_index/parent_prefix_path/zed_tutorial_depth
[9.043s] -- Symlinking: /home/shi/ENSTA/ROB314/test_ws/install/zed_tutorial_depth/share/zed_tutorial_depth/environment/ament_prefix_path.sh
[9.048s] -- Symlinking: /home/shi/ENSTA/ROB314/test_ws/install/zed_tutorial_depth/share/zed_tutorial_depth/environment/ament_prefix_path.dsv
[9.054s] -- Symlinking: /home/shi/ENSTA/ROB314/test_ws/install/zed_tutorial_depth/share/zed_tutorial_depth/environment/path.sh
[9.059s] -- Symlinking: /home/shi/ENSTA/ROB314/test_ws/install/zed_tutorial_depth/share/zed_tutorial_depth/environment/path.dsv
[9.065s] -- Symlinking: /home/shi/ENSTA/ROB314/test_ws/install/zed_tutorial_depth/share/zed_tutorial_depth/local_setup.bash
[9.071s] -- Symlinking: /home/shi/ENSTA/ROB314/test_ws/install/zed_tutorial_depth/share/zed_tutorial_depth/local_setup.sh
[9.077s] -- Symlinking: /home/shi/ENSTA/ROB314/test_ws/install/zed_tutorial_depth/share/zed_tutorial_depth/local_setup.zsh
[9.083s] -- Symlinking: /home/shi/ENSTA/ROB314/test_ws/install/zed_tutorial_depth/share/zed_tutorial_depth/local_setup.dsv
[9.088s] -- Symlinking: /home/shi/ENSTA/ROB314/test_ws/install/zed_tutorial_depth/share/zed_tutorial_depth/package.dsv
[9.094s] -- Symlinking: /home/shi/ENSTA/ROB314/test_ws/install/zed_tutorial_depth/share/ament_index/resource_index/packages/zed_tutorial_depth
[9.099s] -- Symlinking: /home/shi/ENSTA/ROB314/test_ws/install/zed_tutorial_depth/share/zed_tutorial_depth/cmake/zed_tutorial_depthConfig.cmake
[9.105s] -- Symlinking: /home/shi/ENSTA/ROB314/test_ws/install/zed_tutorial_depth/share/zed_tutorial_depth/cmake/zed_tutorial_depthConfig-version.cmake
[9.111s] -- Symlinking: /home/shi/ENSTA/ROB314/test_ws/install/zed_tutorial_depth/share/zed_tutorial_depth/package.xml
[9.119s] Invoked command in '/home/shi/ENSTA/ROB314/test_ws/build/zed_tutorial_depth' returned '0': CMAKE_PREFIX_PATH=${CMAKE_PREFIX_PATH}:/opt/ros/humble /usr/bin/cmake --install /home/shi/ENSTA/ROB314/test_ws/build/zed_tutorial_depth
