[0.149s] Invoking command in '/home/shi/ENSTA/ROB314/test_ws/build/zed_multi_camera': CMAKE_PREFIX_PATH=/home/shi/ENSTA/ROB314/test_ws/install/zed_wrapper:/home/shi/ENSTA/ROB314/test_ws/install/zed_components:/home/shi/ENSTA/ROB314/test_ws/install/zed_interfaces:/home/shi/ENSTA/ROB314/test_ws/install/zed_ros2:/opt/ros/humble LD_LIBRARY_PATH=/home/shi/ENSTA/ROB314/test_ws/install/zed_components/lib:/home/shi/ENSTA/ROB314/test_ws/install/zed_interfaces/lib:/opt/ros/humble/opt/rviz_ogre_vendor/lib:/opt/ros/humble/lib/x86_64-linux-gnu:/opt/ros/humble/lib /usr/bin/cmake /home/shi/ENSTA/ROB314/test_ws/zed-ros2-examples/tutorials/zed_multi_camera -DCMAKE_BUILD_TYPE=Release -DAMENT_CMAKE_SYMLINK_INSTALL=1 -DCMAKE_INSTALL_PREFIX=/home/shi/ENSTA/ROB314/test_ws/install/zed_multi_camera
[0.193s] -- The C compiler identification is GNU 11.4.0
[0.242s] -- The CXX compiler identification is GNU 11.4.0
[0.249s] -- Detecting C compiler ABI info
[0.312s] -- Detecting C compiler ABI info - done
[0.324s] -- Check for working C compiler: /usr/bin/cc - skipped
[0.324s] -- Detecting C compile features
[0.325s] -- Detecting C compile features - done
[0.330s] -- Detecting CXX compiler ABI info
[0.403s] -- Detecting CXX compiler ABI info - done
[0.416s] -- Check for working CXX compiler: /usr/bin/c++ - skipped
[0.417s] -- Detecting CXX compile features
[0.417s] -- Detecting CXX compile features - done
[0.420s] -- Found ament_cmake_auto: 1.3.8 (/opt/ros/humble/share/ament_cmake_auto/cmake)
[0.602s] -- Found Python3: /usr/bin/python3 (found version "3.10.12") found components: Interpreter 
[0.693s] -- Override CMake install command with custom implementation using symlinks instead of copying resources
[0.794s] -- Found ament_lint_auto: 0.12.10 (/opt/ros/humble/share/ament_lint_auto/cmake)
[0.830s] -- Added test 'copyright' to check source files copyright and LICENSE
[0.831s] -- Added test 'flake8' to check Python code syntax and style conventions
[0.832s] -- Added test 'lint_cmake' to check CMake code style
[0.832s] -- Added test 'pep257' to check Python code against some of the docstring style conventions in PEP 257
[0.833s] -- Added test 'xmllint' to check XML markup files
[0.834s] -- Configuring done
[0.836s] -- Generating done
[0.837s] -- Build files have been written to: /home/shi/ENSTA/ROB314/test_ws/build/zed_multi_camera
[0.841s] Invoked command in '/home/shi/ENSTA/ROB314/test_ws/build/zed_multi_camera' returned '0': CMAKE_PREFIX_PATH=/home/shi/ENSTA/ROB314/test_ws/install/zed_wrapper:/home/shi/ENSTA/ROB314/test_ws/install/zed_components:/home/shi/ENSTA/ROB314/test_ws/install/zed_interfaces:/home/shi/ENSTA/ROB314/test_ws/install/zed_ros2:/opt/ros/humble LD_LIBRARY_PATH=/home/shi/ENSTA/ROB314/test_ws/install/zed_components/lib:/home/shi/ENSTA/ROB314/test_ws/install/zed_interfaces/lib:/opt/ros/humble/opt/rviz_ogre_vendor/lib:/opt/ros/humble/lib/x86_64-linux-gnu:/opt/ros/humble/lib /usr/bin/cmake /home/shi/ENSTA/ROB314/test_ws/zed-ros2-examples/tutorials/zed_multi_camera -DCMAKE_BUILD_TYPE=Release -DAMENT_CMAKE_SYMLINK_INSTALL=1 -DCMAKE_INSTALL_PREFIX=/home/shi/ENSTA/ROB314/test_ws/install/zed_multi_camera
[0.842s] Invoking command in '/home/shi/ENSTA/ROB314/test_ws/build/zed_multi_camera': CMAKE_PREFIX_PATH=/home/shi/ENSTA/ROB314/test_ws/install/zed_wrapper:/home/shi/ENSTA/ROB314/test_ws/install/zed_components:/home/shi/ENSTA/ROB314/test_ws/install/zed_interfaces:/home/shi/ENSTA/ROB314/test_ws/install/zed_ros2:/opt/ros/humble LD_LIBRARY_PATH=/home/shi/ENSTA/ROB314/test_ws/install/zed_components/lib:/home/shi/ENSTA/ROB314/test_ws/install/zed_interfaces/lib:/opt/ros/humble/opt/rviz_ogre_vendor/lib:/opt/ros/humble/lib/x86_64-linux-gnu:/opt/ros/humble/lib /usr/bin/cmake --build /home/shi/ENSTA/ROB314/test_ws/build/zed_multi_camera -- -j20 -l20
[0.875s] Invoked command in '/home/shi/ENSTA/ROB314/test_ws/build/zed_multi_camera' returned '0': CMAKE_PREFIX_PATH=/home/shi/ENSTA/ROB314/test_ws/install/zed_wrapper:/home/shi/ENSTA/ROB314/test_ws/install/zed_components:/home/shi/ENSTA/ROB314/test_ws/install/zed_interfaces:/home/shi/ENSTA/ROB314/test_ws/install/zed_ros2:/opt/ros/humble LD_LIBRARY_PATH=/home/shi/ENSTA/ROB314/test_ws/install/zed_components/lib:/home/shi/ENSTA/ROB314/test_ws/install/zed_interfaces/lib:/opt/ros/humble/opt/rviz_ogre_vendor/lib:/opt/ros/humble/lib/x86_64-linux-gnu:/opt/ros/humble/lib /usr/bin/cmake --build /home/shi/ENSTA/ROB314/test_ws/build/zed_multi_camera -- -j20 -l20
[0.893s] Invoking command in '/home/shi/ENSTA/ROB314/test_ws/build/zed_multi_camera': CMAKE_PREFIX_PATH=/home/shi/ENSTA/ROB314/test_ws/install/zed_wrapper:/home/shi/ENSTA/ROB314/test_ws/install/zed_components:/home/shi/ENSTA/ROB314/test_ws/install/zed_interfaces:/home/shi/ENSTA/ROB314/test_ws/install/zed_ros2:/opt/ros/humble LD_LIBRARY_PATH=/home/shi/ENSTA/ROB314/test_ws/install/zed_components/lib:/home/shi/ENSTA/ROB314/test_ws/install/zed_interfaces/lib:/opt/ros/humble/opt/rviz_ogre_vendor/lib:/opt/ros/humble/lib/x86_64-linux-gnu:/opt/ros/humble/lib /usr/bin/cmake --install /home/shi/ENSTA/ROB314/test_ws/build/zed_multi_camera
[0.899s] -- Install configuration: "Release"
[0.900s] -- Execute custom install script
[0.901s] -- Symlinking: /home/shi/ENSTA/ROB314/test_ws/install/zed_multi_camera/share/zed_multi_camera/launch/zed_multi_camera.launch.py
[0.908s] -- Symlinking: /home/shi/ENSTA/ROB314/test_ws/install/zed_multi_camera/share/zed_multi_camera/urdf/urdf.urdf
[0.915s] -- Symlinking: /home/shi/ENSTA/ROB314/test_ws/install/zed_multi_camera/share/zed_multi_camera/urdf/zed_multi.urdf.xacro
[0.923s] -- Symlinking: /home/shi/ENSTA/ROB314/test_ws/install/zed_multi_camera/share/ament_index/resource_index/package_run_dependencies/zed_multi_camera
[0.930s] -- Symlinking: /home/shi/ENSTA/ROB314/test_ws/install/zed_multi_camera/share/ament_index/resource_index/parent_prefix_path/zed_multi_camera
[0.938s] -- Symlinking: /home/shi/ENSTA/ROB314/test_ws/install/zed_multi_camera/share/zed_multi_camera/environment/ament_prefix_path.sh
[0.946s] -- Symlinking: /home/shi/ENSTA/ROB314/test_ws/install/zed_multi_camera/share/zed_multi_camera/environment/ament_prefix_path.dsv
[0.953s] -- Symlinking: /home/shi/ENSTA/ROB314/test_ws/install/zed_multi_camera/share/zed_multi_camera/environment/path.sh
[0.960s] -- Symlinking: /home/shi/ENSTA/ROB314/test_ws/install/zed_multi_camera/share/zed_multi_camera/environment/path.dsv
[0.968s] -- Symlinking: /home/shi/ENSTA/ROB314/test_ws/install/zed_multi_camera/share/zed_multi_camera/local_setup.bash
[0.975s] -- Symlinking: /home/shi/ENSTA/ROB314/test_ws/install/zed_multi_camera/share/zed_multi_camera/local_setup.sh
[0.982s] -- Symlinking: /home/shi/ENSTA/ROB314/test_ws/install/zed_multi_camera/share/zed_multi_camera/local_setup.zsh
[0.991s] -- Symlinking: /home/shi/ENSTA/ROB314/test_ws/install/zed_multi_camera/share/zed_multi_camera/local_setup.dsv
[0.998s] -- Symlinking: /home/shi/ENSTA/ROB314/test_ws/install/zed_multi_camera/share/zed_multi_camera/package.dsv
[1.006s] -- Symlinking: /home/shi/ENSTA/ROB314/test_ws/install/zed_multi_camera/share/ament_index/resource_index/packages/zed_multi_camera
[1.014s] -- Symlinking: /home/shi/ENSTA/ROB314/test_ws/install/zed_multi_camera/share/zed_multi_camera/cmake/zed_multi_cameraConfig.cmake
[1.021s] -- Symlinking: /home/shi/ENSTA/ROB314/test_ws/install/zed_multi_camera/share/zed_multi_camera/cmake/zed_multi_cameraConfig-version.cmake
[1.029s] -- Symlinking: /home/shi/ENSTA/ROB314/test_ws/install/zed_multi_camera/share/zed_multi_camera/package.xml
[1.095s] Invoked command in '/home/shi/ENSTA/ROB314/test_ws/build/zed_multi_camera' returned '0': CMAKE_PREFIX_PATH=/home/shi/ENSTA/ROB314/test_ws/install/zed_wrapper:/home/shi/ENSTA/ROB314/test_ws/install/zed_components:/home/shi/ENSTA/ROB314/test_ws/install/zed_interfaces:/home/shi/ENSTA/ROB314/test_ws/install/zed_ros2:/opt/ros/humble LD_LIBRARY_PATH=/home/shi/ENSTA/ROB314/test_ws/install/zed_components/lib:/home/shi/ENSTA/ROB314/test_ws/install/zed_interfaces/lib:/opt/ros/humble/opt/rviz_ogre_vendor/lib:/opt/ros/humble/lib/x86_64-linux-gnu:/opt/ros/humble/lib /usr/bin/cmake --install /home/shi/ENSTA/ROB314/test_ws/build/zed_multi_camera
