[0.031s] Invoking command in '/home/shi/ENSTA/ROB314/test_ws/build/pc_sub': CMAKE_PREFIX_PATH=${CMAKE_PREFIX_PATH}:/opt/ros/humble CONDA_PROMPT_MODIFIER=(stereo_thermal) /usr/bin/cmake --build /home/shi/ENSTA/ROB314/test_ws/build/pc_sub -- -j20 -l20
[0.063s] [35m[1mConsolidate compiler generated dependencies of target pc_sub[0m
[0.079s] [ 50%] [32mBuilding CXX object CMakeFiles/pc_sub.dir/src/pc_sub.cpp.o[0m
[4.951s] [100%] [32m[1mLinking CXX executable pc_sub[0m
[5.209s] [100%] Built target pc_sub
[5.216s] Invoked command in '/home/shi/ENSTA/ROB314/test_ws/build/pc_sub' returned '0': CMAKE_PREFIX_PATH=${CMAKE_PREFIX_PATH}:/opt/ros/humble CONDA_PROMPT_MODIFIER=(stereo_thermal) /usr/bin/cmake --build /home/shi/ENSTA/ROB314/test_ws/build/pc_sub -- -j20 -l20
[5.251s] Invoking command in '/home/shi/ENSTA/ROB314/test_ws/build/pc_sub': CMAKE_PREFIX_PATH=${CMAKE_PREFIX_PATH}:/opt/ros/humble CONDA_PROMPT_MODIFIER=(stereo_thermal) /usr/bin/cmake --install /home/shi/ENSTA/ROB314/test_ws/build/pc_sub
[5.258s] -- Install configuration: ""
[5.258s] -- Installing: /home/shi/ENSTA/ROB314/test_ws/install/pc_sub/lib/pc_sub/pc_sub
[5.261s] -- Set runtime path of "/home/shi/ENSTA/ROB314/test_ws/install/pc_sub/lib/pc_sub/pc_sub" to ""
[5.261s] -- Up-to-date: /home/shi/ENSTA/ROB314/test_ws/install/pc_sub/share/ament_index/resource_index/package_run_dependencies/pc_sub
[5.261s] -- Up-to-date: /home/shi/ENSTA/ROB314/test_ws/install/pc_sub/share/ament_index/resource_index/parent_prefix_path/pc_sub
[5.261s] -- Up-to-date: /home/shi/ENSTA/ROB314/test_ws/install/pc_sub/share/pc_sub/environment/ament_prefix_path.sh
[5.261s] -- Up-to-date: /home/shi/ENSTA/ROB314/test_ws/install/pc_sub/share/pc_sub/environment/ament_prefix_path.dsv
[5.261s] -- Up-to-date: /home/shi/ENSTA/ROB314/test_ws/install/pc_sub/share/pc_sub/environment/path.sh
[5.261s] -- Up-to-date: /home/shi/ENSTA/ROB314/test_ws/install/pc_sub/share/pc_sub/environment/path.dsv
[5.261s] -- Up-to-date: /home/shi/ENSTA/ROB314/test_ws/install/pc_sub/share/pc_sub/local_setup.bash
[5.261s] -- Up-to-date: /home/shi/ENSTA/ROB314/test_ws/install/pc_sub/share/pc_sub/local_setup.sh
[5.261s] -- Up-to-date: /home/shi/ENSTA/ROB314/test_ws/install/pc_sub/share/pc_sub/local_setup.zsh
[5.261s] -- Up-to-date: /home/shi/ENSTA/ROB314/test_ws/install/pc_sub/share/pc_sub/local_setup.dsv
[5.262s] -- Installing: /home/shi/ENSTA/ROB314/test_ws/install/pc_sub/share/pc_sub/package.dsv
[5.262s] -- Up-to-date: /home/shi/ENSTA/ROB314/test_ws/install/pc_sub/share/ament_index/resource_index/packages/pc_sub
[5.262s] -- Up-to-date: /home/shi/ENSTA/ROB314/test_ws/install/pc_sub/share/pc_sub/cmake/pc_subConfig.cmake
[5.262s] -- Up-to-date: /home/shi/ENSTA/ROB314/test_ws/install/pc_sub/share/pc_sub/cmake/pc_subConfig-version.cmake
[5.262s] -- Up-to-date: /home/shi/ENSTA/ROB314/test_ws/install/pc_sub/share/pc_sub/package.xml
[5.262s] Invoked command in '/home/shi/ENSTA/ROB314/test_ws/build/pc_sub' returned '0': CMAKE_PREFIX_PATH=${CMAKE_PREFIX_PATH}:/opt/ros/humble CONDA_PROMPT_MODIFIER=(stereo_thermal) /usr/bin/cmake --install /home/shi/ENSTA/ROB314/test_ws/build/pc_sub
