[0.031s] Invoking command in '/home/shi/ENSTA/ROB314/test_ws/build/pc_sub': CMAKE_PREFIX_PATH=${CMAKE_PREFIX_PATH}:/opt/ros/humble CONDA_PROMPT_MODIFIER=(stereo_thermal) /usr/bin/cmake --build /home/shi/ENSTA/ROB314/test_ws/build/pc_sub -- -j20 -l20
[0.064s] [35m[1mConsolidate compiler generated dependencies of target pc_sub[0m
[0.078s] [ 50%] [32mBuilding CXX object CMakeFiles/pc_sub.dir/src/pc_sub.cpp.o[0m
[1.465s] [01m[K/home/shi/ENSTA/ROB314/test_ws/src/pc_sub/src/pc_sub.cpp:[m[K In member function ‘[01m[Kvoid Pc_Sub::pointcloud_callback(sensor_msgs::msg::PointCloud2_<std::allocator<void> >::SharedPtr) const[m[K’:
[1.465s] [01m[K/home/shi/ENSTA/ROB314/test_ws/src/pc_sub/src/pc_sub.cpp:25:10:[m[K [01;35m[Kwarning: [m[Kunused variable ‘[01m[Kis_dense[m[K’ [[01;35m[K]8;;https://gcc.gnu.org/onlinedocs/gcc/Warning-Options.html#index-Wunused-variable-Wunused-variable]8;;[m[K]
[1.465s]    25 |     bool [01;35m[Kis_dense[m[K = msg->is_dense;
[1.465s]       |          [01;35m[K^~~~~~~~[m[K
[5.052s] [100%] [32m[1mLinking CXX executable pc_sub[0m
[5.302s] [100%] Built target pc_sub
[5.314s] Invoked command in '/home/shi/ENSTA/ROB314/test_ws/build/pc_sub' returned '0': CMAKE_PREFIX_PATH=${CMAKE_PREFIX_PATH}:/opt/ros/humble CONDA_PROMPT_MODIFIER=(stereo_thermal) /usr/bin/cmake --build /home/shi/ENSTA/ROB314/test_ws/build/pc_sub -- -j20 -l20
[5.355s] Invoking command in '/home/shi/ENSTA/ROB314/test_ws/build/pc_sub': CMAKE_PREFIX_PATH=${CMAKE_PREFIX_PATH}:/opt/ros/humble CONDA_PROMPT_MODIFIER=(stereo_thermal) /usr/bin/cmake --install /home/shi/ENSTA/ROB314/test_ws/build/pc_sub
[5.362s] -- Install configuration: ""
[5.362s] -- Installing: /home/shi/ENSTA/ROB314/test_ws/install/pc_sub/lib/pc_sub/pc_sub
[5.366s] -- Set runtime path of "/home/shi/ENSTA/ROB314/test_ws/install/pc_sub/lib/pc_sub/pc_sub" to ""
[5.366s] -- Up-to-date: /home/shi/ENSTA/ROB314/test_ws/install/pc_sub/share/ament_index/resource_index/package_run_dependencies/pc_sub
[5.366s] -- Up-to-date: /home/shi/ENSTA/ROB314/test_ws/install/pc_sub/share/ament_index/resource_index/parent_prefix_path/pc_sub
[5.366s] -- Up-to-date: /home/shi/ENSTA/ROB314/test_ws/install/pc_sub/share/pc_sub/environment/ament_prefix_path.sh
[5.366s] -- Up-to-date: /home/shi/ENSTA/ROB314/test_ws/install/pc_sub/share/pc_sub/environment/ament_prefix_path.dsv
[5.366s] -- Up-to-date: /home/shi/ENSTA/ROB314/test_ws/install/pc_sub/share/pc_sub/environment/path.sh
[5.366s] -- Up-to-date: /home/shi/ENSTA/ROB314/test_ws/install/pc_sub/share/pc_sub/environment/path.dsv
[5.366s] -- Up-to-date: /home/shi/ENSTA/ROB314/test_ws/install/pc_sub/share/pc_sub/local_setup.bash
[5.366s] -- Up-to-date: /home/shi/ENSTA/ROB314/test_ws/install/pc_sub/share/pc_sub/local_setup.sh
[5.367s] -- Up-to-date: /home/shi/ENSTA/ROB314/test_ws/install/pc_sub/share/pc_sub/local_setup.zsh
[5.367s] -- Up-to-date: /home/shi/ENSTA/ROB314/test_ws/install/pc_sub/share/pc_sub/local_setup.dsv
[5.367s] -- Installing: /home/shi/ENSTA/ROB314/test_ws/install/pc_sub/share/pc_sub/package.dsv
[5.367s] -- Up-to-date: /home/shi/ENSTA/ROB314/test_ws/install/pc_sub/share/ament_index/resource_index/packages/pc_sub
[5.367s] -- Up-to-date: /home/shi/ENSTA/ROB314/test_ws/install/pc_sub/share/pc_sub/cmake/pc_subConfig.cmake
[5.367s] -- Up-to-date: /home/shi/ENSTA/ROB314/test_ws/install/pc_sub/share/pc_sub/cmake/pc_subConfig-version.cmake
[5.367s] -- Up-to-date: /home/shi/ENSTA/ROB314/test_ws/install/pc_sub/share/pc_sub/package.xml
[5.368s] Invoked command in '/home/shi/ENSTA/ROB314/test_ws/build/pc_sub' returned '0': CMAKE_PREFIX_PATH=${CMAKE_PREFIX_PATH}:/opt/ros/humble CONDA_PROMPT_MODIFIER=(stereo_thermal) /usr/bin/cmake --install /home/shi/ENSTA/ROB314/test_ws/build/pc_sub
