[0.046s] Invoking command in '/home/shi/ENSTA/ROB314/test_ws/build/zed_rgb_convert': CMAKE_PREFIX_PATH=/home/shi/ENSTA/ROB314/test_ws/install/zed_components:/home/shi/ENSTA/ROB314/test_ws/install/zed_interfaces:/home/shi/ENSTA/ROB314/test_ws/install/zed_ros2:/home/shi/ENSTA/ROB314/test_ws/install/zed_wrapper:/opt/ros/humble LD_LIBRARY_PATH=/home/shi/ENSTA/ROB314/test_ws/install/zed_components/lib:/home/shi/ENSTA/ROB314/test_ws/install/zed_interfaces/lib:/opt/ros/humble/opt/rviz_ogre_vendor/lib:/opt/ros/humble/lib/x86_64-linux-gnu:/opt/ros/humble/lib /usr/bin/cmake /home/shi/ENSTA/ROB314/test_ws/zed-ros2-examples/tutorials/zed_rgb_convert -DCMAKE_BUILD_TYPE=Release -DAMENT_CMAKE_SYMLINK_INSTALL=1 -DCMAKE_INSTALL_PREFIX=/home/shi/ENSTA/ROB314/test_ws/install/zed_rgb_convert
[0.085s] -- The C compiler identification is GNU 11.4.0
[0.127s] -- The CXX compiler identification is GNU 11.4.0
[0.132s] -- Detecting C compiler ABI info
[0.181s] -- Detecting C compiler ABI info - done
[0.188s] -- Check for working C compiler: /usr/bin/cc - skipped
[0.188s] -- Detecting C compile features
[0.188s] -- Detecting C compile features - done
[0.191s] -- Detecting CXX compiler ABI info
[0.253s] -- Detecting CXX compiler ABI info - done
[0.261s] -- Check for working CXX compiler: /usr/bin/c++ - skipped
[0.262s] -- Detecting CXX compile features
[0.263s] -- Detecting CXX compile features - done
[0.269s] -- Found OpenCV: /usr (found version "4.5.4") 
[0.272s] -- Looking for sgemm_
[0.324s] -- Looking for sgemm_ - not found
[0.326s] -- Looking for pthread.h
[0.385s] -- Looking for pthread.h - found
[0.386s] -- Performing Test CMAKE_HAVE_LIBC_PTHREAD
[0.443s] -- Performing Test CMAKE_HAVE_LIBC_PTHREAD - Success
[0.444s] -- Found Threads: TRUE  
[0.471s] -- Looking for sgemm_
[0.557s] -- Looking for sgemm_ - found
[0.557s] -- Found BLAS: /usr/lib/x86_64-linux-gnu/libopenblas.so  
[0.581s] -- Found CUDA: /usr/local/cuda (found suitable version "12.3", minimum required is "12") 
[0.628s] -- Found CUDA: /usr/local/cuda (found version "12.3") 
[0.630s] -- Found ament_cmake_auto: 1.3.8 (/opt/ros/humble/share/ament_cmake_auto/cmake)
[0.787s] -- Found Python3: /usr/bin/python3 (found version "3.10.12") found components: Interpreter 
[0.853s] -- Override CMake install command with custom implementation using symlinks instead of copying resources
[1.003s] -- Found rosidl_generator_c: 3.1.5 (/opt/ros/humble/share/rosidl_generator_c/cmake)
[1.010s] -- Found rosidl_adapter: 3.1.5 (/opt/ros/humble/share/rosidl_adapter/cmake)
[1.022s] -- Found rosidl_generator_cpp: 3.1.5 (/opt/ros/humble/share/rosidl_generator_cpp/cmake)
[1.043s] -- Using all available rosidl_typesupport_c: rosidl_typesupport_fastrtps_c;rosidl_typesupport_introspection_c
[1.072s] -- Using all available rosidl_typesupport_cpp: rosidl_typesupport_fastrtps_cpp;rosidl_typesupport_introspection_cpp
[1.180s] -- Found rmw_implementation_cmake: 6.1.1 (/opt/ros/humble/share/rmw_implementation_cmake/cmake)
[1.184s] -- Found rmw_fastrtps_cpp: 6.2.6 (/opt/ros/humble/share/rmw_fastrtps_cpp/cmake)
[1.314s] -- Found OpenSSL: /usr/lib/x86_64-linux-gnu/libcrypto.so (found version "3.0.2")  
[1.348s] -- Found FastRTPS: /opt/ros/humble/include  
[1.393s] -- Using RMW implementation 'rmw_fastrtps_cpp' as default
[2.012s] -- Found eigen3_cmake_module: 0.1.1 (/opt/ros/humble/share/eigen3_cmake_module/cmake)
[2.013s] -- Found Eigen3: TRUE (found version "3.4.0") 
[2.013s] -- Ensuring Eigen3 include directory is part of orocos-kdl CMake target
[2.785s] -- Found ament_lint_auto: 0.12.10 (/opt/ros/humble/share/ament_lint_auto/cmake)
[3.305s] -- Added test 'copyright' to check source files copyright and LICENSE
[3.306s] -- Added test 'cppcheck' to perform static code analysis on C / C++ code
[3.306s] -- Configured cppcheck include dirs: /home/shi/ENSTA/ROB314/test_ws/zed-ros2-examples/tutorials/zed_rgb_convert/src/include;/home/shi/ENSTA/ROB314/test_ws/zed-ros2-examples/tutorials/zed_rgb_convert/src/component/include
[3.306s] -- Configured cppcheck exclude dirs and/or files: 
[3.307s] -- Added test 'cpplint' to check C / C++ code against the Google style
[3.307s] -- Configured cpplint exclude dirs and/or files: 
[3.308s] -- Added test 'flake8' to check Python code syntax and style conventions
[3.308s] -- Added test 'lint_cmake' to check CMake code style
[3.309s] -- Added test 'pep257' to check Python code against some of the docstring style conventions in PEP 257
[3.309s] -- Added test 'uncrustify' to check C / C++ code style
[3.309s] -- Configured uncrustify additional arguments: 
[3.310s] -- Added test 'xmllint' to check XML markup files
[3.312s] -- Configuring done
[3.351s] -- Generating done
[3.352s] -- Build files have been written to: /home/shi/ENSTA/ROB314/test_ws/build/zed_rgb_convert
[3.398s] Invoked command in '/home/shi/ENSTA/ROB314/test_ws/build/zed_rgb_convert' returned '0': CMAKE_PREFIX_PATH=/home/shi/ENSTA/ROB314/test_ws/install/zed_components:/home/shi/ENSTA/ROB314/test_ws/install/zed_interfaces:/home/shi/ENSTA/ROB314/test_ws/install/zed_ros2:/home/shi/ENSTA/ROB314/test_ws/install/zed_wrapper:/opt/ros/humble LD_LIBRARY_PATH=/home/shi/ENSTA/ROB314/test_ws/install/zed_components/lib:/home/shi/ENSTA/ROB314/test_ws/install/zed_interfaces/lib:/opt/ros/humble/opt/rviz_ogre_vendor/lib:/opt/ros/humble/lib/x86_64-linux-gnu:/opt/ros/humble/lib /usr/bin/cmake /home/shi/ENSTA/ROB314/test_ws/zed-ros2-examples/tutorials/zed_rgb_convert -DCMAKE_BUILD_TYPE=Release -DAMENT_CMAKE_SYMLINK_INSTALL=1 -DCMAKE_INSTALL_PREFIX=/home/shi/ENSTA/ROB314/test_ws/install/zed_rgb_convert
[3.398s] Invoking command in '/home/shi/ENSTA/ROB314/test_ws/build/zed_rgb_convert': CMAKE_PREFIX_PATH=/home/shi/ENSTA/ROB314/test_ws/install/zed_components:/home/shi/ENSTA/ROB314/test_ws/install/zed_interfaces:/home/shi/ENSTA/ROB314/test_ws/install/zed_ros2:/home/shi/ENSTA/ROB314/test_ws/install/zed_wrapper:/opt/ros/humble LD_LIBRARY_PATH=/home/shi/ENSTA/ROB314/test_ws/install/zed_components/lib:/home/shi/ENSTA/ROB314/test_ws/install/zed_interfaces/lib:/opt/ros/humble/opt/rviz_ogre_vendor/lib:/opt/ros/humble/lib/x86_64-linux-gnu:/opt/ros/humble/lib /usr/bin/cmake --build /home/shi/ENSTA/ROB314/test_ws/build/zed_rgb_convert -- -j20 -l20
[3.460s] [ 25%] [32mBuilding CXX object CMakeFiles/zed_rgb_convert_component.dir/src/component/src/zed_rgb_convert_component.cpp.o[0m
[7.306s] [ 50%] [32m[1mLinking CXX shared library libzed_rgb_convert_component.so[0m
[7.424s] [ 50%] Built target zed_rgb_convert_component
[7.439s] [ 75%] [32mBuilding CXX object CMakeFiles/zed_rgb_convert.dir/src/container/zed_rgb_convert.cpp.o[0m
[9.058s] In file included from [01m[K/home/shi/ENSTA/ROB314/test_ws/install/zed_components/include/zed_components/zed_camera_component.hpp:19[m[K,
[9.058s]                  from [01m[K/home/shi/ENSTA/ROB314/test_ws/zed-ros2-examples/tutorials/zed_rgb_convert/src/container/zed_rgb_convert.cpp:17[m[K:
[9.058s] [01m[K/usr/local/zed/include/sl/Fusion.hpp:68:64:[m[K [01;36m[Knote: [m[K‘[01m[K#pragma message: ~ FUSION SDK is distributed in Early Access ~[m[K’
[9.058s]    68 | #pragma message("~ FUSION SDK is distributed in Early Access ~"[01;36m[K)[m[K
[9.058s]       |                                                                [01;36m[K^[m[K
[10.692s] [100%] [32m[1mLinking CXX executable zed_rgb_convert[0m
[10.916s] [100%] Built target zed_rgb_convert
[10.929s] Invoked command in '/home/shi/ENSTA/ROB314/test_ws/build/zed_rgb_convert' returned '0': CMAKE_PREFIX_PATH=/home/shi/ENSTA/ROB314/test_ws/install/zed_components:/home/shi/ENSTA/ROB314/test_ws/install/zed_interfaces:/home/shi/ENSTA/ROB314/test_ws/install/zed_ros2:/home/shi/ENSTA/ROB314/test_ws/install/zed_wrapper:/opt/ros/humble LD_LIBRARY_PATH=/home/shi/ENSTA/ROB314/test_ws/install/zed_components/lib:/home/shi/ENSTA/ROB314/test_ws/install/zed_interfaces/lib:/opt/ros/humble/opt/rviz_ogre_vendor/lib:/opt/ros/humble/lib/x86_64-linux-gnu:/opt/ros/humble/lib /usr/bin/cmake --build /home/shi/ENSTA/ROB314/test_ws/build/zed_rgb_convert -- -j20 -l20
[10.961s] Invoking command in '/home/shi/ENSTA/ROB314/test_ws/build/zed_rgb_convert': CMAKE_PREFIX_PATH=/home/shi/ENSTA/ROB314/test_ws/install/zed_components:/home/shi/ENSTA/ROB314/test_ws/install/zed_interfaces:/home/shi/ENSTA/ROB314/test_ws/install/zed_ros2:/home/shi/ENSTA/ROB314/test_ws/install/zed_wrapper:/opt/ros/humble LD_LIBRARY_PATH=/home/shi/ENSTA/ROB314/test_ws/install/zed_components/lib:/home/shi/ENSTA/ROB314/test_ws/install/zed_interfaces/lib:/opt/ros/humble/opt/rviz_ogre_vendor/lib:/opt/ros/humble/lib/x86_64-linux-gnu:/opt/ros/humble/lib /usr/bin/cmake --install /home/shi/ENSTA/ROB314/test_ws/build/zed_rgb_convert
[10.970s] -- Install configuration: "Release"
[10.970s] -- Execute custom install script
[10.971s] -- Symlinking: /home/shi/ENSTA/ROB314/test_ws/install/zed_rgb_convert/lib/zed_rgb_convert/zed_rgb_convert
[10.981s] -- Symlinking: /home/shi/ENSTA/ROB314/test_ws/install/zed_rgb_convert/lib/libzed_rgb_convert_component.so
[10.991s] -- Symlinking: /home/shi/ENSTA/ROB314/test_ws/install/zed_rgb_convert/include/zed_rgb_convert//cvt_visibility_control.hpp
[11.001s] -- Symlinking: /home/shi/ENSTA/ROB314/test_ws/install/zed_rgb_convert/share/zed_rgb_convert/launch/zed_rgb_convert.launch.py
[11.012s] -- Symlinking: /home/shi/ENSTA/ROB314/test_ws/install/zed_rgb_convert/share/zed_rgb_convert/environment/library_path.sh
[11.021s] -- Symlinking: /home/shi/ENSTA/ROB314/test_ws/install/zed_rgb_convert/share/zed_rgb_convert/environment/library_path.dsv
[11.031s] -- Symlinking: /home/shi/ENSTA/ROB314/test_ws/install/zed_rgb_convert/share/ament_index/resource_index/package_run_dependencies/zed_rgb_convert
[11.040s] -- Symlinking: /home/shi/ENSTA/ROB314/test_ws/install/zed_rgb_convert/share/ament_index/resource_index/parent_prefix_path/zed_rgb_convert
[11.050s] -- Symlinking: /home/shi/ENSTA/ROB314/test_ws/install/zed_rgb_convert/share/zed_rgb_convert/environment/ament_prefix_path.sh
[11.060s] -- Symlinking: /home/shi/ENSTA/ROB314/test_ws/install/zed_rgb_convert/share/zed_rgb_convert/environment/ament_prefix_path.dsv
[11.070s] -- Symlinking: /home/shi/ENSTA/ROB314/test_ws/install/zed_rgb_convert/share/zed_rgb_convert/environment/path.sh
[11.080s] -- Symlinking: /home/shi/ENSTA/ROB314/test_ws/install/zed_rgb_convert/share/zed_rgb_convert/environment/path.dsv
[11.090s] -- Symlinking: /home/shi/ENSTA/ROB314/test_ws/install/zed_rgb_convert/share/zed_rgb_convert/local_setup.bash
[11.099s] -- Symlinking: /home/shi/ENSTA/ROB314/test_ws/install/zed_rgb_convert/share/zed_rgb_convert/local_setup.sh
[11.108s] -- Symlinking: /home/shi/ENSTA/ROB314/test_ws/install/zed_rgb_convert/share/zed_rgb_convert/local_setup.zsh
[11.116s] -- Symlinking: /home/shi/ENSTA/ROB314/test_ws/install/zed_rgb_convert/share/zed_rgb_convert/local_setup.dsv
[11.125s] -- Symlinking: /home/shi/ENSTA/ROB314/test_ws/install/zed_rgb_convert/share/zed_rgb_convert/package.dsv
[11.135s] -- Symlinking: /home/shi/ENSTA/ROB314/test_ws/install/zed_rgb_convert/share/ament_index/resource_index/packages/zed_rgb_convert
[11.143s] -- Symlinking: /home/shi/ENSTA/ROB314/test_ws/install/zed_rgb_convert/share/ament_index/resource_index/rclcpp_components/zed_rgb_convert
[11.151s] -- Symlinking: /home/shi/ENSTA/ROB314/test_ws/install/zed_rgb_convert/share/zed_rgb_convert/cmake/ament_cmake_export_include_directories-extras.cmake
[11.159s] -- Symlinking: /home/shi/ENSTA/ROB314/test_ws/install/zed_rgb_convert/share/zed_rgb_convert/cmake/ament_cmake_export_libraries-extras.cmake
[11.167s] -- Symlinking: /home/shi/ENSTA/ROB314/test_ws/install/zed_rgb_convert/share/zed_rgb_convert/cmake/ament_cmake_export_dependencies-extras.cmake
[11.175s] -- Symlinking: /home/shi/ENSTA/ROB314/test_ws/install/zed_rgb_convert/share/zed_rgb_convert/cmake/zed_rgb_convertConfig.cmake
[11.182s] -- Symlinking: /home/shi/ENSTA/ROB314/test_ws/install/zed_rgb_convert/share/zed_rgb_convert/cmake/zed_rgb_convertConfig-version.cmake
[11.188s] -- Symlinking: /home/shi/ENSTA/ROB314/test_ws/install/zed_rgb_convert/share/zed_rgb_convert/package.xml
[11.194s] Invoked command in '/home/shi/ENSTA/ROB314/test_ws/build/zed_rgb_convert' returned '0': CMAKE_PREFIX_PATH=/home/shi/ENSTA/ROB314/test_ws/install/zed_components:/home/shi/ENSTA/ROB314/test_ws/install/zed_interfaces:/home/shi/ENSTA/ROB314/test_ws/install/zed_ros2:/home/shi/ENSTA/ROB314/test_ws/install/zed_wrapper:/opt/ros/humble LD_LIBRARY_PATH=/home/shi/ENSTA/ROB314/test_ws/install/zed_components/lib:/home/shi/ENSTA/ROB314/test_ws/install/zed_interfaces/lib:/opt/ros/humble/opt/rviz_ogre_vendor/lib:/opt/ros/humble/lib/x86_64-linux-gnu:/opt/ros/humble/lib /usr/bin/cmake --install /home/shi/ENSTA/ROB314/test_ws/build/zed_rgb_convert
