[0.025s] Invoking command in '/home/shi/ENSTA/ROB314/test_ws/build/zed_components': AMENT_PREFIX_PATH=/home/shi/ENSTA/ROB314/test_ws/install/zed_interfaces:${AMENT_PREFIX_PATH} CMAKE_PREFIX_PATH=/home/shi/ENSTA/ROB314/test_ws/install/zed_interfaces:/opt/ros/humble LD_LIBRARY_PATH=/home/shi/ENSTA/ROB314/test_ws/install/zed_interfaces/lib:${LD_LIBRARY_PATH} PYTHONPATH=/home/shi/ENSTA/ROB314/test_ws/install/zed_interfaces/local/lib/python3.10/dist-packages:${PYTHONPATH} /usr/bin/cmake /home/shi/ENSTA/ROB314/test_ws/src/zed-ros2-wrapper/zed_components -DCMAKE_BUILD_TYPE=Release -DAMENT_CMAKE_SYMLINK_INSTALL=1 -DCMAKE_INSTALL_PREFIX=/home/shi/ENSTA/ROB314/test_ws/install/zed_components
[0.057s] -- Found CUDA: /usr/local/cuda (found suitable version "12.3", minimum required is "12") 
[0.086s] -- Found CUDA: /usr/local/cuda (found version "12.3") 
[0.086s] -- Found ament_cmake_auto: 1.3.8 (/opt/ros/humble/share/ament_cmake_auto/cmake)
[0.173s] -- Override CMake install command with custom implementation using symlinks instead of copying resources
[0.230s] -- Found rosidl_generator_c: 3.1.5 (/opt/ros/humble/share/rosidl_generator_c/cmake)
[0.231s] -- Found rosidl_adapter: 3.1.5 (/opt/ros/humble/share/rosidl_adapter/cmake)
[0.235s] -- Found rosidl_generator_cpp: 3.1.5 (/opt/ros/humble/share/rosidl_generator_cpp/cmake)
[0.242s] -- Using all available rosidl_typesupport_c: rosidl_typesupport_fastrtps_c;rosidl_typesupport_introspection_c
[0.252s] -- Using all available rosidl_typesupport_cpp: rosidl_typesupport_fastrtps_cpp;rosidl_typesupport_introspection_cpp
[0.439s] -- Found rmw_implementation_cmake: 6.1.1 (/opt/ros/humble/share/rmw_implementation_cmake/cmake)
[0.440s] -- Found rmw_fastrtps_cpp: 6.2.6 (/opt/ros/humble/share/rmw_fastrtps_cpp/cmake)
[0.516s] -- Using RMW implementation 'rmw_fastrtps_cpp' as default
[1.023s] -- Found eigen3_cmake_module: 0.1.1 (/opt/ros/humble/share/eigen3_cmake_module/cmake)
[1.024s] -- Ensuring Eigen3 include directory is part of orocos-kdl CMake target
[1.183s] -- Configuring incomplete, errors occurred!
[1.183s] See also "/home/shi/ENSTA/ROB314/test_ws/build/zed_components/CMakeFiles/CMakeOutput.log".
[1.183s] See also "/home/shi/ENSTA/ROB314/test_ws/build/zed_components/CMakeFiles/CMakeError.log".
[1.183s] [31mCMake Error at CMakeLists.txt:129 (find_package):
[1.183s]   By not providing "Findnmea_msgs.cmake" in CMAKE_MODULE_PATH this project
[1.184s]   has asked CMake to find a package configuration file provided by
[1.184s]   "nmea_msgs", but CMake did not find one.
[1.184s] 
[1.184s]   Could not find a package configuration file provided by "nmea_msgs" with
[1.184s]   any of the following names:
[1.184s] 
[1.184s]     nmea_msgsConfig.cmake
[1.184s]     nmea_msgs-config.cmake
[1.184s] 
[1.184s]   Add the installation prefix of "nmea_msgs" to CMAKE_PREFIX_PATH or set
[1.184s]   "nmea_msgs_DIR" to a directory containing one of the above files.  If
[1.184s]   "nmea_msgs" provides a separate development package or SDK, be sure it has
[1.184s]   been installed.
[1.184s] 
[1.184s] [0m
[1.189s] Invoked command in '/home/shi/ENSTA/ROB314/test_ws/build/zed_components' returned '1': AMENT_PREFIX_PATH=/home/shi/ENSTA/ROB314/test_ws/install/zed_interfaces:${AMENT_PREFIX_PATH} CMAKE_PREFIX_PATH=/home/shi/ENSTA/ROB314/test_ws/install/zed_interfaces:/opt/ros/humble LD_LIBRARY_PATH=/home/shi/ENSTA/ROB314/test_ws/install/zed_interfaces/lib:${LD_LIBRARY_PATH} PYTHONPATH=/home/shi/ENSTA/ROB314/test_ws/install/zed_interfaces/local/lib/python3.10/dist-packages:${PYTHONPATH} /usr/bin/cmake /home/shi/ENSTA/ROB314/test_ws/src/zed-ros2-wrapper/zed_components -DCMAKE_BUILD_TYPE=Release -DAMENT_CMAKE_SYMLINK_INSTALL=1 -DCMAKE_INSTALL_PREFIX=/home/shi/ENSTA/ROB314/test_ws/install/zed_components
