[0.079s] Invoking command in '/home/shi/ENSTA/ROB314/test_ws/build/zed_aruco_localization': CMAKE_PREFIX_PATH=/home/shi/ENSTA/ROB314/test_ws/install/zed_components:/home/shi/ENSTA/ROB314/test_ws/install/zed_interfaces:/home/shi/ENSTA/ROB314/test_ws/install/zed_ros2:/home/shi/ENSTA/ROB314/test_ws/install/zed_wrapper:/opt/ros/humble LD_LIBRARY_PATH=/home/shi/ENSTA/ROB314/test_ws/install/zed_components/lib:/home/shi/ENSTA/ROB314/test_ws/install/zed_interfaces/lib:/opt/ros/humble/opt/rviz_ogre_vendor/lib:/opt/ros/humble/lib/x86_64-linux-gnu:/opt/ros/humble/lib /usr/bin/cmake /home/shi/ENSTA/ROB314/test_ws/zed-ros2-examples/examples/zed_aruco_localization -DCMAKE_BUILD_TYPE=Release -DAMENT_CMAKE_SYMLINK_INSTALL=1 -DCMAKE_INSTALL_PREFIX=/home/shi/ENSTA/ROB314/test_ws/install/zed_aruco_localization
[0.112s] -- The C compiler identification is GNU 11.4.0
[0.156s] -- The CXX compiler identification is GNU 11.4.0
[0.162s] -- Detecting C compiler ABI info
[0.212s] -- Detecting C compiler ABI info - done
[0.222s] -- Check for working C compiler: /usr/bin/cc - skipped
[0.223s] -- Detecting C compile features
[0.223s] -- Detecting C compile features - done
[0.225s] -- Detecting CXX compiler ABI info
[0.286s] -- Detecting CXX compiler ABI info - done
[0.297s] -- Check for working CXX compiler: /usr/bin/c++ - skipped
[0.297s] -- Detecting CXX compile features
[0.298s] -- Detecting CXX compile features - done
[0.309s] -- Found OpenCV: /usr (found suitable version "4.5.4", minimum required is "4") 
[0.314s] -- Looking for sgemm_
[0.371s] -- Looking for sgemm_ - not found
[0.372s] -- Looking for pthread.h
[0.439s] -- Looking for pthread.h - found
[0.439s] -- Performing Test CMAKE_HAVE_LIBC_PTHREAD
[0.502s] -- Performing Test CMAKE_HAVE_LIBC_PTHREAD - Success
[0.502s] -- Found Threads: TRUE  
[0.542s] -- Looking for sgemm_
[0.634s] -- Looking for sgemm_ - found
[0.635s] -- Found BLAS: /usr/lib/x86_64-linux-gnu/libopenblas.so  
[0.662s] -- Found CUDA: /usr/local/cuda (found suitable version "12.3", minimum required is "12") 
[0.708s] -- Found CUDA: /usr/local/cuda (found version "12.3") 
[0.712s] -- Found ament_cmake_auto: 1.3.8 (/opt/ros/humble/share/ament_cmake_auto/cmake)
[0.919s] -- Found Python3: /usr/bin/python3 (found version "3.10.12") found components: Interpreter 
[0.981s] -- Override CMake install command with custom implementation using symlinks instead of copying resources
[1.100s] -- Found rosidl_generator_c: 3.1.5 (/opt/ros/humble/share/rosidl_generator_c/cmake)
[1.104s] -- Found rosidl_adapter: 3.1.5 (/opt/ros/humble/share/rosidl_adapter/cmake)
[1.117s] -- Found rosidl_generator_cpp: 3.1.5 (/opt/ros/humble/share/rosidl_generator_cpp/cmake)
[1.137s] -- Using all available rosidl_typesupport_c: rosidl_typesupport_fastrtps_c;rosidl_typesupport_introspection_c
[1.160s] -- Using all available rosidl_typesupport_cpp: rosidl_typesupport_fastrtps_cpp;rosidl_typesupport_introspection_cpp
[1.225s] -- Found rmw_implementation_cmake: 6.1.1 (/opt/ros/humble/share/rmw_implementation_cmake/cmake)
[1.227s] -- Found rmw_fastrtps_cpp: 6.2.6 (/opt/ros/humble/share/rmw_fastrtps_cpp/cmake)
[1.322s] -- Found OpenSSL: /usr/lib/x86_64-linux-gnu/libcrypto.so (found version "3.0.2")  
[1.358s] -- Found FastRTPS: /opt/ros/humble/include  
[1.429s] -- Using RMW implementation 'rmw_fastrtps_cpp' as default
[2.046s] -- Found eigen3_cmake_module: 0.1.1 (/opt/ros/humble/share/eigen3_cmake_module/cmake)
[2.046s] -- Found Eigen3: TRUE (found version "3.4.0") 
[2.047s] -- Ensuring Eigen3 include directory is part of orocos-kdl CMake target
[2.898s] -- Found ament_lint_auto: 0.12.10 (/opt/ros/humble/share/ament_lint_auto/cmake)
[2.924s] -- Added test 'copyright' to check source files copyright and LICENSE
[2.925s] -- Added test 'cppcheck' to perform static code analysis on C / C++ code
[2.925s] -- Configured cppcheck include dirs: /home/shi/ENSTA/ROB314/test_ws/zed-ros2-examples/examples/zed_aruco_localization/src/include;/home/shi/ENSTA/ROB314/test_ws/zed-ros2-examples/examples/zed_aruco_localization/src/component/include
[2.926s] -- Configured cppcheck exclude dirs and/or files: 
[2.926s] -- Added test 'cpplint' to check C / C++ code against the Google style
[2.927s] -- Configured cpplint exclude dirs and/or files: 
[2.927s] -- Added test 'flake8' to check Python code syntax and style conventions
[2.927s] -- Added test 'lint_cmake' to check CMake code style
[2.928s] -- Added test 'pep257' to check Python code against some of the docstring style conventions in PEP 257
[2.929s] -- Added test 'uncrustify' to check C / C++ code style
[2.929s] -- Configured uncrustify additional arguments: 
[2.929s] -- Added test 'xmllint' to check XML markup files
[2.931s] -- Configuring done
[2.945s] -- Generating done
[2.947s] -- Build files have been written to: /home/shi/ENSTA/ROB314/test_ws/build/zed_aruco_localization
[2.957s] Invoked command in '/home/shi/ENSTA/ROB314/test_ws/build/zed_aruco_localization' returned '0': CMAKE_PREFIX_PATH=/home/shi/ENSTA/ROB314/test_ws/install/zed_components:/home/shi/ENSTA/ROB314/test_ws/install/zed_interfaces:/home/shi/ENSTA/ROB314/test_ws/install/zed_ros2:/home/shi/ENSTA/ROB314/test_ws/install/zed_wrapper:/opt/ros/humble LD_LIBRARY_PATH=/home/shi/ENSTA/ROB314/test_ws/install/zed_components/lib:/home/shi/ENSTA/ROB314/test_ws/install/zed_interfaces/lib:/opt/ros/humble/opt/rviz_ogre_vendor/lib:/opt/ros/humble/lib/x86_64-linux-gnu:/opt/ros/humble/lib /usr/bin/cmake /home/shi/ENSTA/ROB314/test_ws/zed-ros2-examples/examples/zed_aruco_localization -DCMAKE_BUILD_TYPE=Release -DAMENT_CMAKE_SYMLINK_INSTALL=1 -DCMAKE_INSTALL_PREFIX=/home/shi/ENSTA/ROB314/test_ws/install/zed_aruco_localization
[2.958s] Invoking command in '/home/shi/ENSTA/ROB314/test_ws/build/zed_aruco_localization': CMAKE_PREFIX_PATH=/home/shi/ENSTA/ROB314/test_ws/install/zed_components:/home/shi/ENSTA/ROB314/test_ws/install/zed_interfaces:/home/shi/ENSTA/ROB314/test_ws/install/zed_ros2:/home/shi/ENSTA/ROB314/test_ws/install/zed_wrapper:/opt/ros/humble LD_LIBRARY_PATH=/home/shi/ENSTA/ROB314/test_ws/install/zed_components/lib:/home/shi/ENSTA/ROB314/test_ws/install/zed_interfaces/lib:/opt/ros/humble/opt/rviz_ogre_vendor/lib:/opt/ros/humble/lib/x86_64-linux-gnu:/opt/ros/humble/lib /usr/bin/cmake --build /home/shi/ENSTA/ROB314/test_ws/build/zed_aruco_localization -- -j20 -l20
[2.998s] [ 33%] [32mBuilding CXX object CMakeFiles/zed_aruco_localization_component.dir/src/component/src/aruco.cpp.o[0m
[3.000s] [ 66%] [32mBuilding CXX object CMakeFiles/zed_aruco_localization_component.dir/src/component/src/zed_aruco_localization_component.cpp.o[0m
[10.394s] [100%] [32m[1mLinking CXX shared library libzed_aruco_localization_component.so[0m
[10.525s] [100%] Built target zed_aruco_localization_component
[10.537s] Invoked command in '/home/shi/ENSTA/ROB314/test_ws/build/zed_aruco_localization' returned '0': CMAKE_PREFIX_PATH=/home/shi/ENSTA/ROB314/test_ws/install/zed_components:/home/shi/ENSTA/ROB314/test_ws/install/zed_interfaces:/home/shi/ENSTA/ROB314/test_ws/install/zed_ros2:/home/shi/ENSTA/ROB314/test_ws/install/zed_wrapper:/opt/ros/humble LD_LIBRARY_PATH=/home/shi/ENSTA/ROB314/test_ws/install/zed_components/lib:/home/shi/ENSTA/ROB314/test_ws/install/zed_interfaces/lib:/opt/ros/humble/opt/rviz_ogre_vendor/lib:/opt/ros/humble/lib/x86_64-linux-gnu:/opt/ros/humble/lib /usr/bin/cmake --build /home/shi/ENSTA/ROB314/test_ws/build/zed_aruco_localization -- -j20 -l20
[10.556s] Invoking command in '/home/shi/ENSTA/ROB314/test_ws/build/zed_aruco_localization': CMAKE_PREFIX_PATH=/home/shi/ENSTA/ROB314/test_ws/install/zed_components:/home/shi/ENSTA/ROB314/test_ws/install/zed_interfaces:/home/shi/ENSTA/ROB314/test_ws/install/zed_ros2:/home/shi/ENSTA/ROB314/test_ws/install/zed_wrapper:/opt/ros/humble LD_LIBRARY_PATH=/home/shi/ENSTA/ROB314/test_ws/install/zed_components/lib:/home/shi/ENSTA/ROB314/test_ws/install/zed_interfaces/lib:/opt/ros/humble/opt/rviz_ogre_vendor/lib:/opt/ros/humble/lib/x86_64-linux-gnu:/opt/ros/humble/lib /usr/bin/cmake --install /home/shi/ENSTA/ROB314/test_ws/build/zed_aruco_localization
[10.560s] -- Install configuration: "Release"
[10.560s] -- Execute custom install script
[10.560s] -- Symlinking: /home/shi/ENSTA/ROB314/test_ws/install/zed_aruco_localization/lib/libzed_aruco_localization_component.so
[10.566s] -- Symlinking: /home/shi/ENSTA/ROB314/test_ws/install/zed_aruco_localization/include/zed_aruco_localization//aruco_loc_visibility_control.hpp
[10.571s] -- Symlinking: /home/shi/ENSTA/ROB314/test_ws/install/zed_aruco_localization/include/zed_aruco_localization//aruco.hpp
[10.575s] -- Symlinking: /home/shi/ENSTA/ROB314/test_ws/install/zed_aruco_localization/include/zed_aruco_localization//zed_aruco_localization_component.hpp
[10.581s] -- Symlinking: /home/shi/ENSTA/ROB314/test_ws/install/zed_aruco_localization/share/zed_aruco_localization/launch/zed_aruco_loc.launch.py
[10.586s] -- Symlinking: /home/shi/ENSTA/ROB314/test_ws/install/zed_aruco_localization/share/zed_aruco_localization/config/aruco_loc.yaml
[10.591s] -- Symlinking: /home/shi/ENSTA/ROB314/test_ws/install/zed_aruco_localization/share/zed_aruco_localization/rviz2/aruco.rviz
[10.596s] -- Symlinking: /home/shi/ENSTA/ROB314/test_ws/install/zed_aruco_localization/share/zed_aruco_localization/environment/library_path.sh
[10.601s] -- Symlinking: /home/shi/ENSTA/ROB314/test_ws/install/zed_aruco_localization/share/zed_aruco_localization/environment/library_path.dsv
[10.607s] -- Symlinking: /home/shi/ENSTA/ROB314/test_ws/install/zed_aruco_localization/share/ament_index/resource_index/package_run_dependencies/zed_aruco_localization
[10.612s] -- Symlinking: /home/shi/ENSTA/ROB314/test_ws/install/zed_aruco_localization/share/ament_index/resource_index/parent_prefix_path/zed_aruco_localization
[10.617s] -- Symlinking: /home/shi/ENSTA/ROB314/test_ws/install/zed_aruco_localization/share/zed_aruco_localization/environment/ament_prefix_path.sh
[10.622s] -- Symlinking: /home/shi/ENSTA/ROB314/test_ws/install/zed_aruco_localization/share/zed_aruco_localization/environment/ament_prefix_path.dsv
[10.627s] -- Symlinking: /home/shi/ENSTA/ROB314/test_ws/install/zed_aruco_localization/share/zed_aruco_localization/environment/path.sh
[10.632s] -- Symlinking: /home/shi/ENSTA/ROB314/test_ws/install/zed_aruco_localization/share/zed_aruco_localization/environment/path.dsv
[10.637s] -- Symlinking: /home/shi/ENSTA/ROB314/test_ws/install/zed_aruco_localization/share/zed_aruco_localization/local_setup.bash
[10.643s] -- Symlinking: /home/shi/ENSTA/ROB314/test_ws/install/zed_aruco_localization/share/zed_aruco_localization/local_setup.sh
[10.648s] -- Symlinking: /home/shi/ENSTA/ROB314/test_ws/install/zed_aruco_localization/share/zed_aruco_localization/local_setup.zsh
[10.653s] -- Symlinking: /home/shi/ENSTA/ROB314/test_ws/install/zed_aruco_localization/share/zed_aruco_localization/local_setup.dsv
[10.658s] -- Symlinking: /home/shi/ENSTA/ROB314/test_ws/install/zed_aruco_localization/share/zed_aruco_localization/package.dsv
[10.663s] -- Symlinking: /home/shi/ENSTA/ROB314/test_ws/install/zed_aruco_localization/share/ament_index/resource_index/packages/zed_aruco_localization
[10.668s] -- Symlinking: /home/shi/ENSTA/ROB314/test_ws/install/zed_aruco_localization/share/ament_index/resource_index/rclcpp_components/zed_aruco_localization
[10.673s] -- Symlinking: /home/shi/ENSTA/ROB314/test_ws/install/zed_aruco_localization/share/zed_aruco_localization/cmake/ament_cmake_export_include_directories-extras.cmake
[10.677s] -- Symlinking: /home/shi/ENSTA/ROB314/test_ws/install/zed_aruco_localization/share/zed_aruco_localization/cmake/ament_cmake_export_libraries-extras.cmake
[10.683s] -- Symlinking: /home/shi/ENSTA/ROB314/test_ws/install/zed_aruco_localization/share/zed_aruco_localization/cmake/ament_cmake_export_dependencies-extras.cmake
[10.688s] -- Symlinking: /home/shi/ENSTA/ROB314/test_ws/install/zed_aruco_localization/share/zed_aruco_localization/cmake/zed_aruco_localizationConfig.cmake
[10.693s] -- Symlinking: /home/shi/ENSTA/ROB314/test_ws/install/zed_aruco_localization/share/zed_aruco_localization/cmake/zed_aruco_localizationConfig-version.cmake
[10.698s] -- Symlinking: /home/shi/ENSTA/ROB314/test_ws/install/zed_aruco_localization/share/zed_aruco_localization/package.xml
[10.705s] Invoked command in '/home/shi/ENSTA/ROB314/test_ws/build/zed_aruco_localization' returned '0': CMAKE_PREFIX_PATH=/home/shi/ENSTA/ROB314/test_ws/install/zed_components:/home/shi/ENSTA/ROB314/test_ws/install/zed_interfaces:/home/shi/ENSTA/ROB314/test_ws/install/zed_ros2:/home/shi/ENSTA/ROB314/test_ws/install/zed_wrapper:/opt/ros/humble LD_LIBRARY_PATH=/home/shi/ENSTA/ROB314/test_ws/install/zed_components/lib:/home/shi/ENSTA/ROB314/test_ws/install/zed_interfaces/lib:/opt/ros/humble/opt/rviz_ogre_vendor/lib:/opt/ros/humble/lib/x86_64-linux-gnu:/opt/ros/humble/lib /usr/bin/cmake --install /home/shi/ENSTA/ROB314/test_ws/build/zed_aruco_localization
